Log file open, 10/04/17 16:29:50
LogWindows: Failed to load 'aqProf.dll' (GetLastError=126)
LogWindows: File 'aqProf.dll' does not exist
LogWindows: Failed to load 'VtuneApi.dll' (GetLastError=126)
LogWindows: File 'VtuneApi.dll' does not exist
LogWindows: Failed to load 'VtuneApi32e.dll' (GetLastError=126)
LogWindows: File 'VtuneApi32e.dll' does not exist
LogInit: Display: Running engine for game: VelocityUnlocked01
LogPlatformFile: Not using cached read wrapper
LogInit: Display: RandInit(1149395622) SRandInit(1149395622).
LogTaskGraph: Started task graph with 5 named threads and 14 total threads with 3 sets of task threads.
LogStats: Stats thread started at 0.172495
LogD3D11RHI: Aftermath initialized
LogPluginManager: Mounting plugin Paper2D
LogPluginManager: Mounting plugin LightPropagationVolume
LogPluginManager: Mounting plugin CodeLiteSourceCodeAccess
LogPluginManager: Mounting plugin GitSourceControl
LogPluginManager: Mounting plugin KDevelopSourceCodeAccess
LogPluginManager: Mounting plugin NullSourceCodeAccess
LogPluginManager: Mounting plugin PerforceSourceControl
LogPluginManager: Mounting plugin SubversionSourceControl
LogPluginManager: Mounting plugin UObjectPlugin
LogPluginManager: Mounting plugin VisualStudioSourceCodeAccess
LogPluginManager: Mounting plugin XCodeSourceCodeAccess
LogPluginManager: Mounting plugin AssetManagerEditor
LogPluginManager: Mounting plugin AudioCapture
LogPluginManager: Mounting plugin FacialAnimation
LogPluginManager: Mounting plugin GameplayTagsEditor
LogPluginManager: Mounting plugin MobileLauncherProfileWizard
LogPluginManager: Mounting plugin PluginBrowser
LogPluginManager: Mounting plugin SpeedTreeImporter
LogPluginManager: Mounting plugin AlembicImporter
LogPluginManager: Mounting plugin CharacterAI
LogPluginManager: Mounting plugin HTML5Networking
LogPluginManager: Mounting plugin AndroidMedia
LogPluginManager: Mounting plugin AvfMedia
LogPluginManager: Mounting plugin MediaPlayerEditor
LogPluginManager: Mounting plugin WmfMedia
LogPluginManager: Mounting plugin TcpMessaging
LogPluginManager: Mounting plugin UdpMessaging
LogPluginManager: Mounting plugin LevelSequenceEditor
LogPluginManager: Mounting plugin MatineeToLevelSequence
LogPluginManager: Mounting plugin OnlineSubsystemGooglePlay
LogPluginManager: Mounting plugin OnlineSubsystemIOS
LogPluginManager: Mounting plugin OnlineSubsystem
LogPluginManager: Mounting plugin OnlineSubsystemNull
LogPluginManager: Mounting plugin OnlineSubsystemUtils
LogPluginManager: Mounting plugin AndroidDeviceProfileSelector
LogPluginManager: Mounting plugin AndroidMoviePlayer
LogPluginManager: Mounting plugin AndroidPermission
LogPluginManager: Mounting plugin AppleMoviePlayer
LogPluginManager: Mounting plugin ArchVisCharacter
LogPluginManager: Mounting plugin CableComponent
LogPluginManager: Mounting plugin CustomMeshComponent
LogPluginManager: Mounting plugin ExampleDeviceProfileSelector
LogPluginManager: Mounting plugin GoogleCloudMessaging
LogPluginManager: Mounting plugin ImmediatePhysics
LogPluginManager: Mounting plugin IOSDeviceProfileSelector
LogPluginManager: Mounting plugin LinuxDeviceProfileSelector
LogPluginManager: Mounting plugin LocationServicesBPLibrary
LogPluginManager: Mounting plugin MobilePatchingUtils
LogPluginManager: Mounting plugin OculusVR
LogPluginManager: Mounting plugin PhysXVehicles
LogPluginManager: Mounting plugin ProceduralMeshComponent
LogPluginManager: Mounting plugin RuntimePhysXCooking
LogPluginManager: Mounting plugin SteamVR
LogPluginManager: Mounting plugin WindowsMoviePlayer
LogInit: Using libcurl 7.47.1
LogInit:  - built for x86_64-pc-win32
LogInit:  - supports SSL with OpenSSL/1.0.2g
LogInit:  - supports HTTP deflate (compression) using libz 1.2.8
LogInit:  - other features:
LogInit:      CURL_VERSION_SSL
LogInit:      CURL_VERSION_LIBZ
LogInit:      CURL_VERSION_IPV6
LogInit:      CURL_VERSION_ASYNCHDNS
LogInit:      CURL_VERSION_LARGEFILE
LogInit:      CURL_VERSION_IDN
LogInit:  CurlRequestOptions (configurable via config and command line):
LogInit:  - bVerifyPeer = false  - Libcurl will NOT verify peer certificate
LogInit:  - bUseHttpProxy = false  - Libcurl will NOT use HTTP proxy
LogInit:  - bDontReuseConnections = false  - Libcurl will reuse connections
LogInit:  - CertBundlePath = nullptr  - Libcurl will use whatever was configured at build time.
LogInit: Build: ++UE4+Release-4.17-CL-3658906
LogInit: Engine Version: 4.17.2-3658906+++UE4+Release-4.17
LogInit: Compatible Engine Version: 4.17.0-3573198+++UE4+Release-4.17
LogInit: Net CL: 3573198
LogDevObjectVersion: Number of dev versions registered: 16
LogDevObjectVersion:   Dev-Blueprints (B0D832E4-1F89-4F0D-ACCF-7EB736FD4AA2): 10
LogDevObjectVersion:   Dev-Build (E1C64328-A22C-4D53-A36C-8E866417BD8C): 0
LogDevObjectVersion:   Dev-Core (375EC13C-06E4-48FB-B500-84F0262A717E): 2
LogDevObjectVersion:   Dev-Editor (E4B068ED-F494-42E9-A231-DA0B2E46BB41): 20
LogDevObjectVersion:   Dev-Framework (CFFC743F-43B0-4480-9391-14DF171D2073): 28
LogDevObjectVersion:   Dev-Mobile (B02B49B5-BB20-44E9-A304-32B752E40360): 0
LogDevObjectVersion:   Dev-Networking (A4E4105C-59A1-49B5-A7C5-40C4547EDFEE): 0
LogDevObjectVersion:   Dev-Online (39C831C9-5AE6-47DC-9A44-9C173E1C8E7C): 0
LogDevObjectVersion:   Dev-Physics (78F01B33-EBEA-4F98-B9B4-84EACCB95AA2): 0
LogDevObjectVersion:   Dev-Platform (6631380F-2D4D-43E0-8009-CF276956A95A): 0
LogDevObjectVersion:   Dev-Rendering (12F88B9F-8875-4AFC-A67C-D90C383ABD29): 19
LogDevObjectVersion:   Dev-Sequencer (7B5AE74C-D270-4C10-A958-57980B212A5A): 4
LogDevObjectVersion:   Dev-VR (D7296918-1DD6-4BDD-9DE2-64A83CC13884): 0
LogDevObjectVersion:   Dev-LoadTimes (C2A15278-BFE7-4AFE-6C17-90FF531DF755): 1
LogDevObjectVersion:   Private-Geometry (6EACA3D4-40EC-4CC1-B786-8BED09428FC5): 1
LogDevObjectVersion:   Dev-AnimPhys (29E575DD-E0A3-4627-9D10-D276232CDCEA): 7
LogInit: Compiled (64-bit): Sep 22 2017 13:47:16
LogInit: Compiled with Visual C++: 19.00.24215.01
LogInit: Build Configuration: Development
LogInit: Branch Name: ++UE4+Release-4.17
LogInit: Command line: -EpicPortal 
LogInit: Base directory: D:/nosave/Guillaume/Games/Epic Games/UE_4.17/Engine/Binaries/Win64/
LogInit: Installed Engine Build: 1
LogInit: Presizing for max 8388607 objects, including 0 objects not considered by GC, pre-allocating 0 bytes for permanent pool.
LogInit: Object subsystem initialized
[2017.10.04-14.29.51:647][  0]LogInit: Selected Device Profile: [Windows]
[2017.10.04-14.29.51:647][  0]LogInit: Applying CVar settings loaded from the selected device profile: [Windows]
[2017.10.04-14.29.51:668][  0]LogInit: Computer: LENOV146DSY
[2017.10.04-14.29.51:668][  0]LogInit: User: gmr2
[2017.10.04-14.29.51:668][  0]LogInit: CPU Page size=4096, Cores=4
[2017.10.04-14.29.51:668][  0]LogInit: High frequency timer resolution =3.507246 MHz
[2017.10.04-14.29.51:668][  0]LogMemory: Memory total: Physical=32.0GB (32GB approx)
[2017.10.04-14.29.51:668][  0]LogMemory: Platform Memory Stats for Windows
[2017.10.04-14.29.51:668][  0]LogMemory: Process Physical Memory: 280.56 MB used, 280.56 MB peak
[2017.10.04-14.29.51:668][  0]LogMemory: Process Virtual Memory: 277.79 MB used, 277.79 MB peak
[2017.10.04-14.29.51:668][  0]LogMemory: Physical Memory: 7912.27 MB used,  24806.90 MB free, 32719.17 MB total
[2017.10.04-14.29.51:668][  0]LogMemory: Virtual Memory: 656.20 MB used,  24806.90 MB free, 8388608.00 MB total
[2017.10.04-14.29.51:821][  0]LogInit: Using OS detected language (en-US).
[2017.10.04-14.29.51:821][  0]LogInit: Using OS detected locale (en-US).
[2017.10.04-14.29.51:827][  0]LogTextLocalizationManager: No specific localization for 'en-US' exists, so the 'en' localization will be used.
[2017.10.04-14.29.52:760][  0]LogD3D11RHI: D3D11 adapters:
[2017.10.04-14.29.52:778][  0]LogD3D11RHI:    0. 'NVIDIA Quadro M6000' (Feature Level 11_0)
[2017.10.04-14.29.52:778][  0]LogD3D11RHI:       12176/0/16103 MB DedicatedVideo/DedicatedSystem/SharedSystem, Outputs:2, VendorId:0x10de
[2017.10.04-14.29.52:778][  0]LogD3D11RHI: Chosen D3D11 Adapter: 0
[2017.10.04-14.29.52:792][  0]LogD3D11RHI: Creating new Direct3DDevice
[2017.10.04-14.29.52:792][  0]LogD3D11RHI:     GPU DeviceId: 0x17f0 (for the marketing name, search the web for "GPU Device Id")
[2017.10.04-14.29.52:792][  0]LogWindows: EnumDisplayDevices:
[2017.10.04-14.29.52:792][  0]LogWindows:    0. 'NVIDIA Quadro M6000' (P:1 D:1)
[2017.10.04-14.29.52:792][  0]LogWindows:    1. 'NVIDIA Quadro M6000' (P:0 D:1)
[2017.10.04-14.29.52:793][  0]LogWindows:    2. 'NVIDIA Quadro M6000' (P:0 D:0)
[2017.10.04-14.29.52:793][  0]LogWindows:    3. 'NVIDIA Quadro M6000' (P:0 D:0)
[2017.10.04-14.29.52:793][  0]LogWindows:    4. 'RDPDD Chained DD' (P:0 D:0)
[2017.10.04-14.29.52:793][  0]LogWindows:    5. 'RDP Encoder Mirror Driver' (P:0 D:0)
[2017.10.04-14.29.52:793][  0]LogWindows:    6. 'RDP Reflector Display Driver' (P:0 D:0)
[2017.10.04-14.29.52:793][  0]LogWindows: DebugString: GetVideoDriverDetailsInvalid PrimaryIsNotTheChoosenAdapter GetVideoDriverDetailsInvalid PrimaryIsNotTheChoosenAdapter GetVideoDriverDetailsInvalid PrimaryIsNotTheChoosenAdapter FoundDriverCount:4 
[2017.10.04-14.29.52:793][  0]LogD3D11RHI:     Adapter Name: NVIDIA Quadro M6000
[2017.10.04-14.29.52:793][  0]LogD3D11RHI:   Driver Version: 381.65 (internal:22.21.13.8165, unified:381.65)
[2017.10.04-14.29.52:793][  0]LogD3D11RHI:      Driver Date: 3-31-2017
[2017.10.04-14.29.52:793][  0]LogRHI: Texture pool is 1361 MB (70% of 1945 MB)
[2017.10.04-14.29.52:806][  0]LogD3D11RHI: Async texture creation enabled
[2017.10.04-14.29.52:821][  0]LogD3D11RHI: GPU Timing Frequency: 1000.000000 (Debug: 2 2)
[2017.10.04-14.29.52:904][  0]LogShaderCompilers: Guid format shader working directory is -22 characters bigger than the processId version (C:/Users/gmr2/Documents/Unreal Projects/Haunted/VelocityUnlocked01/Intermediate/Shaders/WorkingDirectory/77804/).
[2017.10.04-14.29.52:905][  0]LogShaderCompilers: Cleaned the shader compiler working directory 'C:/Users/gmr2/AppData/Local/Temp/UnrealShaderWorkingDir/CC19139945708B78CDC6208509138A3C/'.
[2017.10.04-14.29.52:905][  0]LogShaderCompilers: Display: Using Local Shader Compiler.
[2017.10.04-14.29.53:905][  0]LogTemp: Display: Loaded TP AllDesktopTargetPlatform
[2017.10.04-14.29.53:974][  0]LogTemp: Display: Loaded TP MacClientTargetPlatform
[2017.10.04-14.29.54:039][  0]LogTemp: Display: Loaded TP MacNoEditorTargetPlatform
[2017.10.04-14.29.54:106][  0]LogTemp: Display: Loaded TP MacServerTargetPlatform
[2017.10.04-14.29.54:172][  0]LogTemp: Display: Loaded TP MacTargetPlatform
[2017.10.04-14.29.54:238][  0]LogTemp: Display: Loaded TP WindowsClientTargetPlatform
[2017.10.04-14.29.54:304][  0]LogTemp: Display: Loaded TP WindowsNoEditorTargetPlatform
[2017.10.04-14.29.54:369][  0]LogTemp: Display: Loaded TP WindowsServerTargetPlatform
[2017.10.04-14.29.54:428][  0]LogTemp: Display: Loaded TP WindowsTargetPlatform
[2017.10.04-14.29.54:493][  0]LogTemp: Display: Loaded TP AndroidTargetPlatform
[2017.10.04-14.29.54:561][  0]LogTemp: Display: Loaded TP Android_ASTCTargetPlatform
[2017.10.04-14.29.54:625][  0]LogTemp: Display: Loaded TP Android_ATCTargetPlatform
[2017.10.04-14.29.54:690][  0]LogTemp: Display: Loaded TP Android_DXTTargetPlatform
[2017.10.04-14.29.54:755][  0]LogTemp: Display: Loaded TP Android_ETC1TargetPlatform
[2017.10.04-14.29.54:819][  0]LogTemp: Display: Loaded TP Android_ETC2TargetPlatform
[2017.10.04-14.29.54:948][  0]LogTemp: Display: Loaded TP Android_MultiTargetPlatform
[2017.10.04-14.29.54:948][  0]LogTemp: Display: Loaded TP Android_PVRTCTargetPlatform
[2017.10.04-14.29.55:000][  0]LogTemp: Display: Loaded TP HTML5TargetPlatform
[2017.10.04-14.29.55:102][  0]LogTemp: Display: Loaded TP IOSTargetPlatform
[2017.10.04-14.29.55:128][  0]LogTemp: Display: Loaded TP TVOSTargetPlatform
[2017.10.04-14.29.55:193][  0]LogTemp: Display: Loaded TP LinuxClientTargetPlatform
[2017.10.04-14.29.55:257][  0]LogTemp: Display: Loaded TP LinuxNoEditorTargetPlatform
[2017.10.04-14.29.55:327][  0]LogTemp: Display: Loaded TP LinuxServerTargetPlatform
[2017.10.04-14.29.55:393][  0]LogTemp: Display: Loaded TP LinuxTargetPlatform
[2017.10.04-14.29.55:393][  0]LogTargetPlatformManager: Display: Building Assets For Windows
[2017.10.04-14.29.55:872][  0]LogDerivedDataCache: Display: Max Cache Size: 512 MB
[2017.10.04-14.29.55:971][  0]LogDerivedDataCache: Loaded boot cache 0.10s 93MB C:/Users/gmr2/AppData/Local/UnrealEngine/4.17/DerivedDataCache/Boot.ddc.
[2017.10.04-14.29.55:971][  0]LogDerivedDataCache: Display: Loaded Boot cache: C:/Users/gmr2/AppData/Local/UnrealEngine/4.17/DerivedDataCache/Boot.ddc
[2017.10.04-14.29.55:971][  0]LogDerivedDataCache: FDerivedDataBackendGraph:  Pak pak cache file C:/Users/gmr2/Documents/Unreal Projects/Haunted/VelocityUnlocked01/DerivedDataCache/DDC.ddp not found, will not use a pak cache.
[2017.10.04-14.29.55:971][  0]LogDerivedDataCache: Unable to find inner node Pak for hierarchical cache Hierarchy.
[2017.10.04-14.29.55:971][  0]LogDerivedDataCache: FDerivedDataBackendGraph:  CompressedPak pak cache file C:/Users/gmr2/Documents/Unreal Projects/Haunted/VelocityUnlocked01/DerivedDataCache/Compressed.ddp not found, will not use a pak cache.
[2017.10.04-14.29.55:971][  0]LogDerivedDataCache: Unable to find inner node CompressedPak for hierarchical cache Hierarchy.
[2017.10.04-14.29.55:990][  0]LogDerivedDataCache: Display: Pak cache opened for reading ../../../Engine/DerivedDataCache/Compressed.ddp.
[2017.10.04-14.29.56:002][  0]LogDerivedDataCache: Using Local data cache path C:/Users/gmr2/AppData/Local/UnrealEngine/Common/DerivedDataCache: Writable
[2017.10.04-14.29.56:012][  0]LogMaterial: Verifying Global Shaders for PCD3D_SM5
[2017.10.04-14.29.56:013][  0]LogSlate: Using Freetype 2.6.0
[2017.10.04-14.29.56:014][  0]LogSlate: SlateFontCache - WITH_FREETYPE: 1, WITH_HARFBUZZ: 1
[2017.10.04-14.29.56:014][  0]LogSlate: SlateFontCache - WITH_FREETYPE: 1, WITH_HARFBUZZ: 1
[2017.10.04-14.29.56:353][  0]LogAssetRegistry: FAssetRegistry took 0.0250 seconds to start up
[2017.10.04-14.29.56:552][  0]LogInit: Selected Device Profile: [Windows]
[2017.10.04-14.29.56:557][  0]LogContentStreaming: Texture pool size is 0.00 MB
[2017.10.04-14.29.57:417][  0]LogSimplygon: Simplygon DLL not present - disabling.
[2017.10.04-14.29.57:473][  0]LogMeshReduction: Using SimplygonSwarm for distributed automatic mesh merging
[2017.10.04-14.29.57:473][  0]LogMeshReduction: Using QuadricMeshReduction for automatic static mesh reduction
[2017.10.04-14.29.57:473][  0]LogMeshReduction: No automatic skeletal mesh reduction module available
[2017.10.04-14.29.57:473][  0]LogMeshReduction: No automatic mesh merging module available
[2017.10.04-14.29.57:473][  0]LogMeshMerging: No automatic mesh merging module available
[2017.10.04-14.29.57:841][  0]LogNetVersion: VelocityUnlocked01 , NetCL: 3573198, EngineNetVer: 2, GameNetVer: 0 (Checksum: 772457628)
[2017.10.04-14.29.58:093][  0]LogPackageLocalizationCache: Processed 5 localized package path(s) for 2 prioritized culture(s) in 0.072762 seconds
[2017.10.04-14.29.58:099][  0]LogUObjectArray: 35825 objects as part of root set at end of initial load.
[2017.10.04-14.29.58:099][  0]LogUObjectAllocator: 7529104 out of 0 bytes used by permanent object pool.
[2017.10.04-14.29.58:099][  0]LogUObjectArray: CloseDisregardForGC: 0/0 objects in disregard for GC pool
[2017.10.04-14.29.58:145][  0]LogInit: WinSock: version 1.1 (2.2), MaxSocks=32767, MaxUdp=65467
[2017.10.04-14.30.01:327][  0]LogTcpMessaging: Initializing TcpMessaging bridge
[2017.10.04-14.30.01:370][  0]LogUdpMessaging: Initializing bridge on interface 0.0.0.0:0 to multicast group 230.0.0.1:6666.
[2017.10.04-14.30.02:154][  0]LogMaterial: Uniform references updated for custom material expression Custom.
[2017.10.04-14.30.02:659][  0]SourceControl: Source control is disabled
[2017.10.04-14.30.02:659][  0]SourceControl: Source control is disabled
[2017.10.04-14.30.02:719][  0]SourceControl: Source control is disabled
[2017.10.04-14.30.02:780][  0]SourceControl: Source control is disabled
[2017.10.04-14.30.03:473][  0]LogAndroidPermission: UAndroidPermissionCallbackProxy::GetInstance
[2017.10.04-14.30.03:782][  0]LogOcInput: OculusInput pre-init called
[2017.10.04-14.30.04:088][  0]LogEngine: Initializing Engine...
[2017.10.04-14.30.04:150][  0]LogHMD: Failed to initialize OpenVR with code 126
[2017.10.04-14.30.04:389][  0]LogStats: UGameplayTagsManager::ConstructGameplayTagTree: Construct from data asset -  0.000 s
[2017.10.04-14.30.04:389][  0]LogStats: UGameplayTagsManager::ConstructGameplayTagTree: GameplayTagTreeChangedEvent.Broadcast -  0.000 s
[2017.10.04-14.30.04:558][  0]LogAIModule: Creating AISystem for world Untitled
[2017.10.04-14.30.04:570][  0]LogInit: XAudio2 using 'Speakers (High Definition Audio Device)' : 2 channels at 44.1 kHz using 16 bits per sample (channel mask 0x3)
[2017.10.04-14.30.04:577][  0]LogInit: FAudioDevice initialized.
[2017.10.04-14.30.05:389][  0]LogDerivedDataCache: Saved boot cache 0.81s 93MB C:/Users/gmr2/AppData/Local/UnrealEngine/4.17/DerivedDataCache/Boot.ddc.
[2017.10.04-14.30.05:399][  0]LogInit: Texture streaming: Enabled
[2017.10.04-14.30.05:489][  0]LogEngineSessionManager: EngineSessionManager initialized
[2017.10.04-14.30.05:775][  0]LogInit: Transaction tracking system initialized
[2017.10.04-14.30.06:172][  0]BlueprintLog: New page: Editor Load
[2017.10.04-14.30.07:327][  0]LocalizationService: Localization service is disabled
[2017.10.04-14.30.07:998][  0]LogLinker: Warning: Can't find file '/Game/TwinStickBP/TwinStickOverview'
[2017.10.04-14.30.07:998][  0]LogLinker: Warning: Can't find file '/Game/TwinStickBP/TwinStickOverview'
[2017.10.04-14.30.07:998][  0]LogUObjectGlobals: Warning: Failed to find object 'Class /Game/TwinStickBP/TwinStickOverview.TwinStickOverview_C'
[2017.10.04-14.30.08:228][  0]LogConsoleResponse: Display: 
[2017.10.04-14.30.08:400][  0]LogFileCache: Scanning file cache for directory 'C:/Users/gmr2/Documents/Unreal Projects/Haunted/VelocityUnlocked01/Content/' took 0.01s
[2017.10.04-14.30.08:400][  0]LogCook: Display: Max memory allowance for cook 16384mb min free memory 0mb
[2017.10.04-14.30.08:400][  0]LogCook: Display: Mobile HDR setting 1
[2017.10.04-14.30.08:400][  0]LogGameplayTags: Display: UGameplayTagsManager::DoneAddingNativeTags. DelegateIsBound: 0
[2017.10.04-14.30.09:679][  0]SourceControl: Source control is disabled
[2017.10.04-14.30.09:679][  0]Cmd: MAP LOAD FILE="../../../Engine/Content/Maps/Templates/Template_Default.umap" TEMPLATE=1 SHOWPROGRESS=1 FEATURELEVEL=3
[2017.10.04-14.30.09:680][  0]LightingResults: New page: Lighting Build
[2017.10.04-14.30.09:734][  0]MapCheck: New page: Map Check
[2017.10.04-14.30.09:734][  0]LightingResults: New page: Lighting Build
[2017.10.04-14.30.09:952][  0]LogAIModule: Creating AISystem for world Untitled_1
[2017.10.04-14.30.09:958][  0]LogEditorServer: Finished looking for orphan Actors (0.000 secs)
[2017.10.04-14.30.09:970][  0]Cmd: MAP CHECKDEP NOCLEARLOG
[2017.10.04-14.30.10:047][  0]MapCheck: Map check complete: 0 Error(s), 0 Warning(s), took 76.772ms to complete.
[2017.10.04-14.30.10:047][  0]LogFileHelpers: Loading map 'Template_Default' took 0.367
[2017.10.04-14.30.10:189][  0]LogCollectionManager: Loaded 0 collections in 0.001299 seconds
[2017.10.04-14.30.10:285][  0]LogFileCache: Scanning file cache for directory 'C:/Users/gmr2/Documents/Unreal Projects/Haunted/VelocityUnlocked01/Saved/Collections/' took 0.01s
[2017.10.04-14.30.10:285][  0]LogFileCache: Scanning file cache for directory 'C:/Users/gmr2/Documents/Unreal Projects/Haunted/VelocityUnlocked01/Content/Developers/gmr2/Collections/' took 0.01s
[2017.10.04-14.30.10:285][  0]LogFileCache: Scanning file cache for directory 'C:/Users/gmr2/Documents/Unreal Projects/Haunted/VelocityUnlocked01/Content/Collections/' took 0.01s
[2017.10.04-14.30.10:285][  0]LogCollectionManager: Rebuilt the GUID cache for 0 collections in 0.000001 seconds
[2017.10.04-14.30.10:294][  0]LogContentBrowser: Native class hierarchy populated in 0.0093 seconds. Added 2386 classes and 500 folders.
[2017.10.04-14.30.10:369][  0]LogContentBrowser: Native class hierarchy updated for 'WidgetCarousel' in 0.0007 seconds. Added 0 classes and 0 folders.
[2017.10.04-14.30.10:422][  0]LogContentBrowser: Native class hierarchy updated for 'AddContentDialog' in 0.0007 seconds. Added 0 classes and 0 folders.
[2017.10.04-14.30.10:479][  0]LogContentBrowser: Native class hierarchy updated for 'SceneOutliner' in 0.0007 seconds. Added 1 classes and 2 folders.
[2017.10.04-14.30.10:549][  0]LogSlate: Took 0.000513 seconds to synchronously load lazily loaded font '../../../Engine/Content/Slate/Fonts/Roboto-Regular.ttf' (155K)
[2017.10.04-14.30.10:551][  0]LogSlate: Took 0.000354 seconds to synchronously load lazily loaded font '../../../Engine/Content/Slate/Fonts/Roboto-Bold.ttf' (160K)
[2017.10.04-14.30.10:557][  0]LogSlate: Took 0.000264 seconds to synchronously load lazily loaded font '../../../Engine/Content/Editor/Slate/Fonts/FontAwesome.ttf' (139K)
[2017.10.04-14.30.10:759][  0]LogRenderer: Reallocating scene render targets to support 1096x576 Format 10 NumSamples 1 (Frame:1).
[2017.10.04-14.30.10:998][  0]LogContentBrowser: Native class hierarchy updated for 'HierarchicalLODOutliner' in 0.0007 seconds. Added 1 classes and 2 folders.
[2017.10.04-14.30.10:999][  0]LogLoad: (Engine Initialization) Total time: 21.61 seconds
[2017.10.04-14.30.10:999][  0]LogLoad: (Engine Initialization) Total Blueprint compile time: 0.00 seconds
[2017.10.04-14.30.10:999][  0]LogExternalProfiler: Found external profiler: VSPerf
[2017.10.04-14.30.10:999][  0]LogExternalProfiler: Using external profiler: VSPerf
[2017.10.04-14.30.11:032][  0]LogContentStreaming: Texture pool size now 1000 MB
[2017.10.04-14.30.11:077][  1]LogAssetRegistry: Asset discovery search completed in 14.7427 seconds
[2017.10.04-14.30.11:078][  1]LogCollectionManager: Rebuilt the object cache for 0 collections in 0.000001 seconds (found 0 objects)
[2017.10.04-14.30.11:078][  1]LogCollectionManager: Fixed up redirectors for 0 collections in 0.000037 seconds (updated 0 objects)
[2017.10.04-14.30.48:922][102]LogSlate: Took 0.000581 seconds to synchronously load lazily loaded font '../../../Engine/Content/Slate/Fonts/Roboto-Light.ttf' (159K)
[2017.10.04-14.33.09:413][944]LogRenderer: Reallocating scene render targets to support 1096x600 Format 10 NumSamples 1 (Frame:5851).
[2017.10.04-14.33.20:238][799]LightingResults: New page: Lighting Build
[2017.10.04-14.33.20:238][799]MapCheck: New page: Map Check
[2017.10.04-14.33.20:238][799]LightingResults: New page: Lighting Build
[2017.10.04-14.33.20:249][799]LogAIModule: Creating AISystem for world Untitled
[2017.10.04-14.33.20:298][799]LoadErrors: New page: New Map
[2017.10.04-14.33.20:404][810]LogEditorViewport: Clicking Background
[2017.10.04-14.33.43:207][202]LogSlate: Took 0.000375 seconds to synchronously load lazily loaded font '../../../Engine/Content/Slate/Fonts/Roboto-Light.ttf' (159K)
[2017.10.04-14.33.43:492][202]Cmd: OBJ SAVEPACKAGE PACKAGE="/Game/Levels/DefaultMap" FILE="C:/Users/gmr2/Documents/Unreal Projects/Haunted/VelocityUnlocked01/Content/Levels/DefaultMap.umap" SILENT=true AUTOSAVING=false KEEPDIRTY=false
[2017.10.04-14.33.43:519][202]LogSavePackage: Save=13.70ms
[2017.10.04-14.33.43:519][202]LogSavePackage: Moving 'C:/Users/gmr2/Documents/Unreal Projects/Haunted/VelocityUnlocked01/Saved/DefaultMap63B64B8640A9A9E592D67995784DAF3D.tmp' to 'C:/Users/gmr2/Documents/Unreal Projects/Haunted/VelocityUnlocked01/Content/Levels/DefaultMap.umap'
[2017.10.04-14.33.43:521][202]LogSavePackage: Display: Finished SavePackage C:/Users/gmr2/Documents/Unreal Projects/Haunted/VelocityUnlocked01/Content/Levels/DefaultMap.umap
[2017.10.04-14.33.43:541][202]LogFileHelpers: Saving map 'DefaultMap' took 0.424
[2017.10.04-14.33.48:275][691]Cmd: MAP LOAD FILE="C:/Users/gmr2/Documents/Unreal Projects/Haunted/VelocityUnlocked01/Content/Levels/DefaultMap.umap" TEMPLATE=0 SHOWPROGRESS=1 FEATURELEVEL=3
[2017.10.04-14.33.48:275][691]LightingResults: New page: Lighting Build
[2017.10.04-14.33.48:276][691]LoadErrors: New page: Loading map: DefaultMap.umap
[2017.10.04-14.33.48:276][691]MapCheck: New page: Map Check
[2017.10.04-14.33.48:277][691]LightingResults: New page: Lighting Build
[2017.10.04-14.33.48:289][691]LogAIModule: Creating AISystem for world DefaultMap
[2017.10.04-14.33.48:347][691]LogEditorServer: Finished looking for orphan Actors (0.000 secs)
[2017.10.04-14.33.48:367][691]Cmd: MAP CHECKDEP NOCLEARLOG
[2017.10.04-14.33.48:450][691]MapCheck: Map check complete: 0 Error(s), 0 Warning(s), took 82.931ms to complete.
[2017.10.04-14.33.48:451][691]LogFileHelpers: Loading map 'DefaultMap' took 0.177
[2017.10.04-14.33.50:004][846]Cmd: OBJ SAVEPACKAGE PACKAGE="/Game/Levels/DefaultMap" FILE="C:/Users/gmr2/Documents/Unreal Projects/Haunted/VelocityUnlocked01/Content/Levels/DefaultMap.umap" SILENT=true AUTOSAVING=false KEEPDIRTY=false
[2017.10.04-14.33.50:024][846]LogSavePackage: Save=5.79ms
[2017.10.04-14.33.50:024][846]LogSavePackage: Moving 'C:/Users/gmr2/Documents/Unreal Projects/Haunted/VelocityUnlocked01/Saved/DefaultMap360C869F46B4AC4011D69CBF586617B1.tmp' to 'C:/Users/gmr2/Documents/Unreal Projects/Haunted/VelocityUnlocked01/Content/Levels/DefaultMap.umap'
[2017.10.04-14.33.50:026][846]LogSavePackage: Display: Finished SavePackage C:/Users/gmr2/Documents/Unreal Projects/Haunted/VelocityUnlocked01/Content/Levels/DefaultMap.umap
[2017.10.04-14.33.50:038][846]LogFileHelpers: Saving map 'DefaultMap' took 0.118
[2017.10.04-14.34.14:718][740]LogFactory: FactoryCreateFile: Texture with ReimportTextureFactory (0 0 C:/Users/gmr2/Pictures/Texture/SpriteSheet.png)
[2017.10.04-14.34.14:727][740]LogTexture: Display: Building textures: SpriteSheet (AutoDXT, 128X128)
[2017.10.04-14.34.34:316][491]LogSlate: Took 0.000501 seconds to synchronously load lazily loaded font '../../../Engine/Content/Editor/Slate/Fonts/Roboto-BoldCondensed.ttf' (158K)
[2017.10.04-14.34.34:387][491]LogRenderer: Reallocating scene render targets to support 1172x964 Format 10 NumSamples 1 (Frame:1).
[2017.10.04-14.34.42:361][ 54]LogContentBrowser: Native class hierarchy updated for 'TextureEditor' in 0.0008 seconds. Added 1 classes and 2 folders.
[2017.10.04-14.35.06:389][441]Cmd: OBJ SAVEPACKAGE PACKAGE="/Game/Art/Textures/SpriteSheet" FILE="C:/Users/gmr2/Documents/Unreal Projects/Haunted/VelocityUnlocked01/Content/Art/Textures/SpriteSheet.uasset" SILENT=true
[2017.10.04-14.35.06:396][441]LogSavePackage: Save=3.83ms
[2017.10.04-14.35.06:396][441]LogSavePackage: Moving 'C:/Users/gmr2/Documents/Unreal Projects/Haunted/VelocityUnlocked01/Saved/SpriteSheet946138A04EFA204EB1B4389CE82D6428.tmp' to 'C:/Users/gmr2/Documents/Unreal Projects/Haunted/VelocityUnlocked01/Content/Art/Textures/SpriteSheet.uasset'
[2017.10.04-14.35.06:402][441]LogSavePackage: Display: Finished SavePackage C:/Users/gmr2/Documents/Unreal Projects/Haunted/VelocityUnlocked01/Content/Art/Textures/SpriteSheet.uasset
[2017.10.04-14.35.08:134][600]LogEditorViewport: Clicking Background
[2017.10.04-14.36.59:793][594]Cmd: OBJ SAVEPACKAGE PACKAGE="/Game/Art/Textures/SpriteSheet_TileMap" FILE="C:/Users/gmr2/Documents/Unreal Projects/Haunted/VelocityUnlocked01/Content/Art/Textures/SpriteSheet_TileMap.uasset" SILENT=true
[2017.10.04-14.36.59:822][594]LogSavePackage: Save=26.33ms
[2017.10.04-14.36.59:822][594]LogSavePackage: Moving 'C:/Users/gmr2/Documents/Unreal Projects/Haunted/VelocityUnlocked01/Saved/SpriteSheet_TileMapB294A8A44EDBB14C33D710B481E7AC65.tmp' to 'C:/Users/gmr2/Documents/Unreal Projects/Haunted/VelocityUnlocked01/Content/Art/Textures/SpriteSheet_TileMap.uasset'
[2017.10.04-14.36.59:829][594]LogSavePackage: Display: Finished SavePackage C:/Users/gmr2/Documents/Unreal Projects/Haunted/VelocityUnlocked01/Content/Art/Textures/SpriteSheet_TileMap.uasset
[2017.10.04-14.37.09:551][482]LogSlate: Took 0.000539 seconds to synchronously load lazily loaded font '../../../Engine/Content/Editor/Slate/Fonts/Roboto-Italic.ttf' (157K)
[2017.10.04-14.37.11:471][665]LogEditorViewport: Clicking Background
[2017.10.04-14.37.12:570][793]LogEditorViewport: Clicking on Actor (context menu): PaperTileMapActor (SpriteSheet_TileMap)
[2017.10.04-14.37.13:392][861]LogEditorViewport: Clicking Background
[2017.10.04-14.37.21:520][831]LogEditorViewport: Clicking Background
[2017.10.04-14.37.22:271][919]Cmd: OBJ SAVEPACKAGE PACKAGE="/Game/Levels/DefaultMap" FILE="C:/Users/gmr2/Documents/Unreal Projects/Haunted/VelocityUnlocked01/Content/Levels/DefaultMap.umap" SILENT=true AUTOSAVING=false KEEPDIRTY=false
[2017.10.04-14.37.22:294][919]LogSavePackage: Save=7.19ms
[2017.10.04-14.37.22:294][919]LogSavePackage: Moving 'C:/Users/gmr2/Documents/Unreal Projects/Haunted/VelocityUnlocked01/Saved/DefaultMap8BE633444B9F76DE52AFE3A23A9A5E69.tmp' to 'C:/Users/gmr2/Documents/Unreal Projects/Haunted/VelocityUnlocked01/Content/Levels/DefaultMap.umap'
[2017.10.04-14.37.22:299][919]LogSavePackage: Display: Finished SavePackage C:/Users/gmr2/Documents/Unreal Projects/Haunted/VelocityUnlocked01/Content/Levels/DefaultMap.umap
[2017.10.04-14.37.41:134][453]LogFactory: FactoryCreateFile: Texture with ReimportTextureFactory (0 0 C:/Users/gmr2/Pictures/Texture/Player.png)
[2017.10.04-14.37.41:139][453]LogTexture: Display: Building textures: Player (AutoDXT, 32X32)
[2017.10.04-14.37.56:928][867]Cmd: OBJ SAVEPACKAGE PACKAGE="/Game/Art/Textures/Player" FILE="C:/Users/gmr2/Documents/Unreal Projects/Haunted/VelocityUnlocked01/Content/Art/Textures/Player.uasset" SILENT=true
[2017.10.04-14.37.56:933][867]LogSavePackage: Save=2.48ms
[2017.10.04-14.37.56:933][867]LogSavePackage: Moving 'C:/Users/gmr2/Documents/Unreal Projects/Haunted/VelocityUnlocked01/Saved/PlayerBA01C7D4431AFF2535E83FB44D439139.tmp' to 'C:/Users/gmr2/Documents/Unreal Projects/Haunted/VelocityUnlocked01/Content/Art/Textures/Player.uasset'
[2017.10.04-14.37.56:937][867]LogSavePackage: Display: Finished SavePackage C:/Users/gmr2/Documents/Unreal Projects/Haunted/VelocityUnlocked01/Content/Art/Textures/Player.uasset
[2017.10.04-14.37.57:811][925]Cmd: SELECT NONE
[2017.10.04-14.39.17:996][978]LogContentBrowser: Native class hierarchy updated for 'BlueprintGraph' in 0.0012 seconds. Added 113 classes and 0 folders.
[2017.10.04-14.39.18:803][978]LogSlate: Took 0.000309 seconds to synchronously load lazily loaded font '../../../Engine/Content/Slate/Fonts/Roboto-Regular.ttf' (155K)
[2017.10.04-14.39.27:410][640]LogSlate: Warning: Prevented a slow task dialog from being summoned while a context menu was open
[2017.10.04-14.39.34:728][424]Cmd: OBJ SAVEPACKAGE PACKAGE="/Game/BluePrint/GameController" FILE="C:/Users/gmr2/Documents/Unreal Projects/Haunted/VelocityUnlocked01/Content/BluePrint/GameController.uasset" SILENT=true
[2017.10.04-14.39.34:741][424]LogSavePackage: Save=11.32ms
[2017.10.04-14.39.34:741][424]LogSavePackage: Moving 'C:/Users/gmr2/Documents/Unreal Projects/Haunted/VelocityUnlocked01/Saved/GameControllerE9799CEE463767F959D13DA4FF46088B.tmp' to 'C:/Users/gmr2/Documents/Unreal Projects/Haunted/VelocityUnlocked01/Content/BluePrint/GameController.uasset'
[2017.10.04-14.39.34:744][424]LogSavePackage: Display: Finished SavePackage C:/Users/gmr2/Documents/Unreal Projects/Haunted/VelocityUnlocked01/Content/BluePrint/GameController.uasset
[2017.10.04-14.39.35:350][479]BlueprintLog: New page: Compile GameController
[2017.10.04-14.39.36:361][551]Cmd: OBJ SAVEPACKAGE PACKAGE="/Game/BluePrint/GameController" FILE="C:/Users/gmr2/Documents/Unreal Projects/Haunted/VelocityUnlocked01/Content/BluePrint/GameController.uasset" SILENT=true
[2017.10.04-14.39.36:375][551]LogSavePackage: Save=10.52ms
[2017.10.04-14.39.36:375][551]LogSavePackage: Moving 'C:/Users/gmr2/Documents/Unreal Projects/Haunted/VelocityUnlocked01/Saved/GameControllerCEABDA6A447590EEC8D1D8B37D45C395.tmp' to 'C:/Users/gmr2/Documents/Unreal Projects/Haunted/VelocityUnlocked01/Content/BluePrint/GameController.uasset'
[2017.10.04-14.39.36:377][551]LogSavePackage: Display: Finished SavePackage C:/Users/gmr2/Documents/Unreal Projects/Haunted/VelocityUnlocked01/Content/BluePrint/GameController.uasset
[2017.10.04-14.39.41:125][871]LogTemp: Executing iPhonePackager certificates Engine -bundlename com.YourCompany.VelocityUnlocked01
[2017.10.04-14.39.41:125][871]LogTemp: CWD: D:\nosave\Guillaume\Games\Epic Games\UE_4.17\Engine\Binaries\DotNET\IOS
[2017.10.04-14.39.41:125][871]LogTemp: Initial Dir: D:\nosave\Guillaume\Games\Epic Games\UE_4.17
[2017.10.04-14.39.41:125][871]LogTemp: Env CWD: D:\nosave\Guillaume\Games\Epic Games\UE_4.17\Engine\Binaries\DotNET\IOS
[2017.10.04-14.39.41:125][871]LogTemp: BranchPath = LENOV146DSY/D/nosave/Guillaume/Games/Epic Games/UE_4.17/Engine/Binaries --- GameBranchPath = LENOV146DSY/D/nosave/Guillaume/Games/Epic Games/UE_4.17/Engine/Binaries
[2017.10.04-14.39.41:125][871]LogTemp: IPP ERROR: Could not find provision directory 'C:\Users\gmr2\AppData\Local/Apple Computer/MobileDevice/Provisioning Profiles/'.
[2017.10.04-14.40.04:853][422]LogSlate: Warning: Prevented a slow task dialog from being summoned while a context menu was open
[2017.10.04-14.40.14:841][532]LogSlate: Took 0.000322 seconds to synchronously load lazily loaded font '../../../Engine/Content/Slate/Fonts/Roboto-Light.ttf' (159K)
[2017.10.04-14.48.55:889][687]LogEditorViewport: Clicking Background
[2017.10.04-14.49.25:840][841]LogFileHelpers: Editor autosave (incl. sublevels) for '/Game/Levels/DefaultMap' took 0.019
[2017.10.04-14.49.25:843][841]OBJ SavePackage: Generating thumbnails for [1] asset(s) in package [/Game/Art/Textures/SpriteSheet_TileSet] ([1] browsable assets)...
[2017.10.04-14.49.25:853][841]OBJ SavePackage:     Rendered thumbnail for [PaperTileSet /Game/Art/Textures/SpriteSheet_TileSet.SpriteSheet_TileSet]
[2017.10.04-14.49.25:853][841]OBJ SavePackage: Finished generating thumbnails for package [/Game/Art/Textures/SpriteSheet_TileSet]
[2017.10.04-14.49.25:860][841]LogSavePackage: Save=5.73ms
[2017.10.04-14.49.25:860][841]LogSavePackage: Moving 'C:/Users/gmr2/Documents/Unreal Projects/Haunted/VelocityUnlocked01/Saved/SpriteSheet_TileSet_Auto120B2C8FA4987E20BDA5F78A27B15BBF0.tmp' to 'C:/Users/gmr2/Documents/Unreal Projects/Haunted/VelocityUnlocked01/Saved/Autosaves/Game/Art/Textures/SpriteSheet_TileSet_Auto1.uasset'
[2017.10.04-14.49.25:862][841]LogSavePackage: Display: Finished SavePackage C:/Users/gmr2/Documents/Unreal Projects/Haunted/VelocityUnlocked01/Saved/Autosaves/Game/Art/Textures/SpriteSheet_TileSet_Auto1.uasset
[2017.10.04-14.49.25:863][841]OBJ SavePackage: Generating thumbnails for [0] asset(s) in package [/Game/BluePrint/PlayerBP] ([1] browsable assets)...
[2017.10.04-14.49.25:863][841]OBJ SavePackage: Finished generating thumbnails for package [/Game/BluePrint/PlayerBP]
[2017.10.04-14.49.25:888][841]LogSavePackage: Save=23.22ms
[2017.10.04-14.49.25:888][841]LogSavePackage: Moving 'C:/Users/gmr2/Documents/Unreal Projects/Haunted/VelocityUnlocked01/Saved/PlayerBP_Auto119C2D47B42BCF921A7E870A53BC30104.tmp' to 'C:/Users/gmr2/Documents/Unreal Projects/Haunted/VelocityUnlocked01/Saved/Autosaves/Game/BluePrint/PlayerBP_Auto1.uasset'
[2017.10.04-14.49.25:890][841]LogSavePackage: Display: Finished SavePackage C:/Users/gmr2/Documents/Unreal Projects/Haunted/VelocityUnlocked01/Saved/Autosaves/Game/BluePrint/PlayerBP_Auto1.uasset
[2017.10.04-14.49.25:890][841]LogFileHelpers: Auto-saving content packages took 0.049
[2017.10.04-14.52.44:756][672]Cmd: OBJ SAVEPACKAGE PACKAGE="/Game/BluePrint/PlayerBP" FILE="C:/Users/gmr2/Documents/Unreal Projects/Haunted/VelocityUnlocked01/Content/BluePrint/PlayerBP.uasset" SILENT=true
[2017.10.04-14.52.44:783][672]LogSavePackage: Save=24.70ms
[2017.10.04-14.52.44:783][672]LogSavePackage: Moving 'C:/Users/gmr2/Documents/Unreal Projects/Haunted/VelocityUnlocked01/Saved/PlayerBPB1696C5244E024602DECDA9A6183A639.tmp' to 'C:/Users/gmr2/Documents/Unreal Projects/Haunted/VelocityUnlocked01/Content/BluePrint/PlayerBP.uasset'
[2017.10.04-14.52.44:786][672]LogSavePackage: Display: Finished SavePackage C:/Users/gmr2/Documents/Unreal Projects/Haunted/VelocityUnlocked01/Content/BluePrint/PlayerBP.uasset
[2017.10.04-14.52.46:807][802]BlueprintLog: New page: Compile PlayerBP
[2017.10.04-14.53.00:153][  0]Cmd: OBJ SAVEPACKAGE PACKAGE="/Game/Art/Textures/Player_Sprite" FILE="C:/Users/gmr2/Documents/Unreal Projects/Haunted/VelocityUnlocked01/Content/Art/Textures/Player_Sprite.uasset" SILENT=true
[2017.10.04-14.53.00:159][  0]LogSavePackage: Save=5.02ms
[2017.10.04-14.53.00:159][  0]LogSavePackage: Moving 'C:/Users/gmr2/Documents/Unreal Projects/Haunted/VelocityUnlocked01/Saved/Player_Sprite1207D1A04F5686D9F11BC695577F381C.tmp' to 'C:/Users/gmr2/Documents/Unreal Projects/Haunted/VelocityUnlocked01/Content/Art/Textures/Player_Sprite.uasset'
[2017.10.04-14.53.00:165][  0]LogSavePackage: Display: Finished SavePackage C:/Users/gmr2/Documents/Unreal Projects/Haunted/VelocityUnlocked01/Content/Art/Textures/Player_Sprite.uasset
[2017.10.04-14.56.21:400][219]LogEditorFactories: Performing atomic reimport of [C:/Users/gmr2/Pictures/Texture/Player.png]
[2017.10.04-14.56.21:401][219]LogFactory: FactoryCreateFile: Texture2D with ReimportTextureFactory (0 0 C:/Users/gmr2/Pictures/Texture/Player.png)
[2017.10.04-14.56.21:404][219]LogTexture: Display: Building textures: Player (AutoDXT, 32X32)
[2017.10.04-14.56.21:406][219]LogEditorFactories: -- imported successfully
[2017.10.04-14.57.17:326][702]LogTexture: Display: Building textures: Player (AutoDXT, 32X32)
[2017.10.04-14.57.38:578][521]BlueprintLog: New page: Compile PlayerBP
[2017.10.04-14.57.46:578][228]Cmd: OBJ SAVEPACKAGE PACKAGE="/Game/BluePrint/PlayerBP" FILE="C:/Users/gmr2/Documents/Unreal Projects/Haunted/VelocityUnlocked01/Content/BluePrint/PlayerBP.uasset" SILENT=true
[2017.10.04-14.57.46:637][228]LogSavePackage: Save=23.37ms
[2017.10.04-14.57.46:637][228]LogSavePackage: Moving 'C:/Users/gmr2/Documents/Unreal Projects/Haunted/VelocityUnlocked01/Saved/PlayerBPDA55116540F7BDA0FA6A9CAA073692B4.tmp' to 'C:/Users/gmr2/Documents/Unreal Projects/Haunted/VelocityUnlocked01/Content/BluePrint/PlayerBP.uasset'
[2017.10.04-14.57.46:641][228]LogSavePackage: Display: Finished SavePackage C:/Users/gmr2/Documents/Unreal Projects/Haunted/VelocityUnlocked01/Content/BluePrint/PlayerBP.uasset
[2017.10.04-14.58.05:504][191]BlueprintLog: New page: Compile PlayerBP
[2017.10.04-14.58.24:877][180]LogNavigationPoint: PostEditMove Clear paths rebuilt
[2017.10.04-14.58.26:218][339]LogNavigationPoint: PostEditMove Clear paths rebuilt
[2017.10.04-14.58.26:873][416]LogEditorViewport: Clicking Background
[2017.10.04-14.58.28:712][626]LogTemp: Repeating last play command: Selected Viewport
[2017.10.04-14.58.28:734][626]LogPlayLevel: PlayLevel: No blueprints needed recompiling
[2017.10.04-14.58.28:735][626]PIE: New page: PIE session: DefaultMap (Oct 4, 2017, 6:58:28 PM)
[2017.10.04-14.58.28:735][626]LogPlayLevel: Creating play world package: /Game/Levels/UEDPIE_0_DefaultMap
[2017.10.04-14.58.28:736][626]LogPlayLevel: PIE: StaticDuplicateObject took: (0.001068s)
[2017.10.04-14.58.28:737][626]LogAIModule: Creating AISystem for world DefaultMap
[2017.10.04-14.58.28:738][626]LogPlayLevel: PIE: World Init took: (0.001545s)
[2017.10.04-14.58.28:738][626]LogPlayLevel: PIE: Created PIE world by copying editor world from /Game/Levels/DefaultMap.DefaultMap to /Game/Levels/UEDPIE_0_DefaultMap.DefaultMap (0.002873s)
[2017.10.04-14.58.28:759][626]LogInit: XAudio2 using 'Speakers (High Definition Audio Device)' : 2 channels at 44.1 kHz using 16 bits per sample (channel mask 0x3)
[2017.10.04-14.58.28:766][626]LogInit: FAudioDevice initialized.
[2017.10.04-14.58.28:810][626]LogLoad: Game class is 'GameController_C'
[2017.10.04-14.58.28:812][626]LogWorld: Bringing World /Game/Levels/UEDPIE_0_DefaultMap.DefaultMap up for play (max tick rate 0) at 2017.10.04-16.58.28
[2017.10.04-14.58.28:812][626]LogWorld: Bringing up level for play took: 0.001007
[2017.10.04-14.58.30:007][626]LogContentBrowser: Native class hierarchy updated for 'MovieSceneCapture' in 0.0009 seconds. Added 11 classes and 0 folders.
[2017.10.04-14.58.30:009][626]PIE: Play in editor start time for /Game/Levels/UEDPIE_0_DefaultMap 1.476
[2017.10.04-14.58.51:977][762]Cmd: OBJ SAVEPACKAGE PACKAGE="/Game/Art/Textures/SpriteSheet_TileSet" FILE="C:/Users/gmr2/Documents/Unreal Projects/Haunted/VelocityUnlocked01/Content/Art/Textures/SpriteSheet_TileSet.uasset" SILENT=true
[2017.10.04-14.58.51:984][762]LogSavePackage: Save=5.57ms
[2017.10.04-14.58.51:984][762]LogSavePackage: Moving 'C:/Users/gmr2/Documents/Unreal Projects/Haunted/VelocityUnlocked01/Saved/SpriteSheet_TileSet59A01F234A8DEE5DADEEF2954388A5EB.tmp' to 'C:/Users/gmr2/Documents/Unreal Projects/Haunted/VelocityUnlocked01/Content/Art/Textures/SpriteSheet_TileSet.uasset'
[2017.10.04-14.58.51:988][762]LogSavePackage: Display: Finished SavePackage C:/Users/gmr2/Documents/Unreal Projects/Haunted/VelocityUnlocked01/Content/Art/Textures/SpriteSheet_TileSet.uasset
[2017.10.04-14.58.54:272][978]Cmd: OBJ SAVEPACKAGE PACKAGE="/Game/BluePrint/PlayerBP" FILE="C:/Users/gmr2/Documents/Unreal Projects/Haunted/VelocityUnlocked01/Content/BluePrint/PlayerBP.uasset" SILENT=true
[2017.10.04-14.58.54:297][978]LogSavePackage: Save=23.13ms
[2017.10.04-14.58.54:298][978]LogSavePackage: Moving 'C:/Users/gmr2/Documents/Unreal Projects/Haunted/VelocityUnlocked01/Saved/PlayerBP7961D4174C71B6CC294DD28E3EBDFE32.tmp' to 'C:/Users/gmr2/Documents/Unreal Projects/Haunted/VelocityUnlocked01/Content/BluePrint/PlayerBP.uasset'
[2017.10.04-14.58.54:302][978]LogSavePackage: Display: Finished SavePackage C:/Users/gmr2/Documents/Unreal Projects/Haunted/VelocityUnlocked01/Content/BluePrint/PlayerBP.uasset
[2017.10.04-14.58.56:158][191]LogEditorViewport: Clicking Background
[2017.10.04-14.58.56:542][235]Cmd: OBJ SAVEPACKAGE PACKAGE="/Game/Levels/DefaultMap" FILE="C:/Users/gmr2/Documents/Unreal Projects/Haunted/VelocityUnlocked01/Content/Levels/DefaultMap.umap" SILENT=true AUTOSAVING=false KEEPDIRTY=false
[2017.10.04-14.58.56:574][235]LogSavePackage: Save=10.05ms
[2017.10.04-14.58.56:574][235]LogSavePackage: Moving 'C:/Users/gmr2/Documents/Unreal Projects/Haunted/VelocityUnlocked01/Saved/DefaultMap9DE1B85344D5231EDE372F8BFEEA01DA.tmp' to 'C:/Users/gmr2/Documents/Unreal Projects/Haunted/VelocityUnlocked01/Content/Levels/DefaultMap.umap'
[2017.10.04-14.58.56:578][235]LogSavePackage: Display: Finished SavePackage C:/Users/gmr2/Documents/Unreal Projects/Haunted/VelocityUnlocked01/Content/Levels/DefaultMap.umap
[2017.10.04-14.58.58:892][430]LogTemp: Repeating last play command: Selected Viewport
[2017.10.04-14.58.58:911][430]LogPlayLevel: PlayLevel: No blueprints needed recompiling
[2017.10.04-14.58.58:911][430]PIE: New page: PIE session: DefaultMap (Oct 4, 2017, 6:58:58 PM)
[2017.10.04-14.58.58:911][430]LogPlayLevel: Creating play world package: /Game/Levels/UEDPIE_0_DefaultMap
[2017.10.04-14.58.58:913][430]LogPlayLevel: PIE: StaticDuplicateObject took: (0.001131s)
[2017.10.04-14.58.58:913][430]LogAIModule: Creating AISystem for world DefaultMap
[2017.10.04-14.58.58:913][430]LogPlayLevel: PIE: World Init took: (0.000740s)
[2017.10.04-14.58.58:913][430]LogPlayLevel: PIE: Created PIE world by copying editor world from /Game/Levels/DefaultMap.DefaultMap to /Game/Levels/UEDPIE_0_DefaultMap.DefaultMap (0.002104s)
[2017.10.04-14.58.58:938][430]LogInit: XAudio2 using 'Speakers (High Definition Audio Device)' : 2 channels at 44.1 kHz using 16 bits per sample (channel mask 0x3)
[2017.10.04-14.58.58:943][430]LogInit: FAudioDevice initialized.
[2017.10.04-14.58.58:974][430]LogLoad: Game class is 'GameController_C'
[2017.10.04-14.58.58:975][430]LogWorld: Bringing World /Game/Levels/UEDPIE_0_DefaultMap.DefaultMap up for play (max tick rate 0) at 2017.10.04-16.58.58
[2017.10.04-14.58.58:975][430]LogWorld: Bringing up level for play took: 0.000925
[2017.10.04-14.58.58:977][430]PIE: Play in editor start time for /Game/Levels/UEDPIE_0_DefaultMap 0.441
[2017.10.04-14.59.12:919][904]LogTemp: Repeating last play command: Selected Viewport
[2017.10.04-14.59.12:933][904]LogPlayLevel: PlayLevel: No blueprints needed recompiling
[2017.10.04-14.59.12:934][904]PIE: New page: PIE session: DefaultMap (Oct 4, 2017, 6:59:12 PM)
[2017.10.04-14.59.12:934][904]LogPlayLevel: Creating play world package: /Game/Levels/UEDPIE_0_DefaultMap
[2017.10.04-14.59.12:935][904]LogPlayLevel: PIE: StaticDuplicateObject took: (0.001062s)
[2017.10.04-14.59.12:935][904]LogAIModule: Creating AISystem for world DefaultMap
[2017.10.04-14.59.12:936][904]LogPlayLevel: PIE: World Init took: (0.000808s)
[2017.10.04-14.59.12:936][904]LogPlayLevel: PIE: Created PIE world by copying editor world from /Game/Levels/DefaultMap.DefaultMap to /Game/Levels/UEDPIE_0_DefaultMap.DefaultMap (0.002090s)
[2017.10.04-14.59.12:959][904]LogInit: XAudio2 using 'Speakers (High Definition Audio Device)' : 2 channels at 44.1 kHz using 16 bits per sample (channel mask 0x3)
[2017.10.04-14.59.12:964][904]LogInit: FAudioDevice initialized.
[2017.10.04-14.59.12:995][904]LogLoad: Game class is 'GameController_C'
[2017.10.04-14.59.12:997][904]LogWorld: Bringing World /Game/Levels/UEDPIE_0_DefaultMap.DefaultMap up for play (max tick rate 0) at 2017.10.04-16.59.12
[2017.10.04-14.59.12:997][904]LogWorld: Bringing up level for play took: 0.001270
[2017.10.04-14.59.12:999][904]PIE: Play in editor start time for /Game/Levels/UEDPIE_0_DefaultMap 0.463
[2017.10.04-14.59.43:224][132]LogTemp: Repeating last play command: Selected Viewport
[2017.10.04-14.59.43:239][132]LogPlayLevel: PlayLevel: No blueprints needed recompiling
[2017.10.04-14.59.43:240][132]PIE: New page: PIE session: DefaultMap (Oct 4, 2017, 6:59:43 PM)
[2017.10.04-14.59.43:240][132]LogPlayLevel: Creating play world package: /Game/Levels/UEDPIE_0_DefaultMap
[2017.10.04-14.59.43:241][132]LogPlayLevel: PIE: StaticDuplicateObject took: (0.001127s)
[2017.10.04-14.59.43:242][132]LogAIModule: Creating AISystem for world DefaultMap
[2017.10.04-14.59.43:242][132]LogPlayLevel: PIE: World Init took: (0.000763s)
[2017.10.04-14.59.43:242][132]LogPlayLevel: PIE: Created PIE world by copying editor world from /Game/Levels/DefaultMap.DefaultMap to /Game/Levels/UEDPIE_0_DefaultMap.DefaultMap (0.002121s)
[2017.10.04-14.59.43:264][132]LogInit: XAudio2 using 'Speakers (High Definition Audio Device)' : 2 channels at 44.1 kHz using 16 bits per sample (channel mask 0x3)
[2017.10.04-14.59.43:269][132]LogInit: FAudioDevice initialized.
[2017.10.04-14.59.43:323][132]LogLoad: Game class is 'GameController_C'
[2017.10.04-14.59.43:326][132]LogWorld: Bringing World /Game/Levels/UEDPIE_0_DefaultMap.DefaultMap up for play (max tick rate 0) at 2017.10.04-16.59.43
[2017.10.04-14.59.43:326][132]LogWorld: Bringing up level for play took: 0.001799
[2017.10.04-14.59.43:329][132]PIE: Play in editor start time for /Game/Levels/UEDPIE_0_DefaultMap 0.791
[2017.10.04-14.59.43:348][132]LogRenderer: Reallocating scene render targets to support 1292x964 Format 10 NumSamples 1 (Frame:1).
[2017.10.04-14.59.51:912][996]LogEditorFactories: Performing atomic reimport of [C:/Users/gmr2/Pictures/Texture/Player.png]
[2017.10.04-14.59.51:913][996]LogFactory: FactoryCreateFile: Texture2D with ReimportTextureFactory (0 0 C:/Users/gmr2/Pictures/Texture/Player.png)
[2017.10.04-14.59.51:915][996]LogTexture: Display: Building textures: Player (AutoDXT, 32X32)
[2017.10.04-14.59.51:917][996]LogEditorFactories: -- imported successfully
[2017.10.04-15.00.54:839][258]Cmd: OBJ SAVEPACKAGE PACKAGE="/Game/BluePrint/PlayerBP" FILE="C:/Users/gmr2/Documents/Unreal Projects/Haunted/VelocityUnlocked01/Content/BluePrint/PlayerBP.uasset" SILENT=true
[2017.10.04-15.00.54:866][258]LogSavePackage: Save=23.62ms
[2017.10.04-15.00.54:866][258]LogSavePackage: Moving 'C:/Users/gmr2/Documents/Unreal Projects/Haunted/VelocityUnlocked01/Saved/PlayerBPC24A6F0947D24EAF110C46BC806FAACB.tmp' to 'C:/Users/gmr2/Documents/Unreal Projects/Haunted/VelocityUnlocked01/Content/BluePrint/PlayerBP.uasset'
[2017.10.04-15.00.54:869][258]LogSavePackage: Display: Finished SavePackage C:/Users/gmr2/Documents/Unreal Projects/Haunted/VelocityUnlocked01/Content/BluePrint/PlayerBP.uasset
[2017.10.04-15.00.56:086][400]Cmd: OBJ SAVEPACKAGE PACKAGE="/Game/BluePrint/PlayerBP" FILE="C:/Users/gmr2/Documents/Unreal Projects/Haunted/VelocityUnlocked01/Content/BluePrint/PlayerBP.uasset" SILENT=true
[2017.10.04-15.00.56:112][400]LogSavePackage: Save=23.14ms
[2017.10.04-15.00.56:112][400]LogSavePackage: Moving 'C:/Users/gmr2/Documents/Unreal Projects/Haunted/VelocityUnlocked01/Saved/PlayerBP6645A5114A728B03BD6DB68C5FF1A892.tmp' to 'C:/Users/gmr2/Documents/Unreal Projects/Haunted/VelocityUnlocked01/Content/BluePrint/PlayerBP.uasset'
[2017.10.04-15.00.56:115][400]LogSavePackage: Display: Finished SavePackage C:/Users/gmr2/Documents/Unreal Projects/Haunted/VelocityUnlocked01/Content/BluePrint/PlayerBP.uasset
[2017.10.04-15.01.00:827][859]Cmd: OBJ SAVEPACKAGE PACKAGE="/Game/BluePrint/PlayerBP" FILE="C:/Users/gmr2/Documents/Unreal Projects/Haunted/VelocityUnlocked01/Content/BluePrint/PlayerBP.uasset" SILENT=true
[2017.10.04-15.01.00:853][859]LogSavePackage: Save=23.19ms
[2017.10.04-15.01.00:853][859]LogSavePackage: Moving 'C:/Users/gmr2/Documents/Unreal Projects/Haunted/VelocityUnlocked01/Saved/PlayerBP2AFFE18D4C9504AB9DCC2284A06C4A55.tmp' to 'C:/Users/gmr2/Documents/Unreal Projects/Haunted/VelocityUnlocked01/Content/BluePrint/PlayerBP.uasset'
[2017.10.04-15.01.00:858][859]LogSavePackage: Display: Finished SavePackage C:/Users/gmr2/Documents/Unreal Projects/Haunted/VelocityUnlocked01/Content/BluePrint/PlayerBP.uasset
[2017.10.04-15.01.04:413][265]BlueprintLog: New page: Compile PlayerBP
[2017.10.04-15.01.07:051][485]LogTemp: Repeating last play command: Selected Viewport
[2017.10.04-15.01.07:066][485]LogPlayLevel: PlayLevel: No blueprints needed recompiling
[2017.10.04-15.01.07:066][485]PIE: New page: PIE session: DefaultMap (Oct 4, 2017, 7:01:07 PM)
[2017.10.04-15.01.07:066][485]LogPlayLevel: Creating play world package: /Game/Levels/UEDPIE_0_DefaultMap
[2017.10.04-15.01.07:067][485]LogPlayLevel: PIE: StaticDuplicateObject took: (0.001083s)
[2017.10.04-15.01.07:068][485]LogAIModule: Creating AISystem for world DefaultMap
[2017.10.04-15.01.07:068][485]LogPlayLevel: PIE: World Init took: (0.000999s)
[2017.10.04-15.01.07:069][485]LogPlayLevel: PIE: Created PIE world by copying editor world from /Game/Levels/DefaultMap.DefaultMap to /Game/Levels/UEDPIE_0_DefaultMap.DefaultMap (0.002485s)
[2017.10.04-15.01.07:091][485]LogInit: XAudio2 using 'Speakers (High Definition Audio Device)' : 2 channels at 44.1 kHz using 16 bits per sample (channel mask 0x3)
[2017.10.04-15.01.07:098][485]LogInit: FAudioDevice initialized.
[2017.10.04-15.01.07:144][485]LogLoad: Game class is 'GameController_C'
[2017.10.04-15.01.07:146][485]LogWorld: Bringing World /Game/Levels/UEDPIE_0_DefaultMap.DefaultMap up for play (max tick rate 0) at 2017.10.04-17.01.07
[2017.10.04-15.01.07:146][485]LogWorld: Bringing up level for play took: 0.001368
[2017.10.04-15.01.07:149][485]PIE: Play in editor start time for /Game/Levels/UEDPIE_0_DefaultMap 0.606
[2017.10.04-15.02.06:411][750]LogTemp: Repeating last play command: Selected Viewport
[2017.10.04-15.02.06:426][750]BlueprintLog: New page: Pre-Play auto-recompile
[2017.10.04-15.02.06:428][750]LogPlayLevel: [PlayLevel] Compiling PlayerBP before play...
[2017.10.04-15.02.06:609][750]LogPlayLevel: PlayLevel: Blueprint regeneration took 183 ms (1 blueprints)
[2017.10.04-15.02.06:610][750]PIE: New page: PIE session: DefaultMap (Oct 4, 2017, 7:02:06 PM)
[2017.10.04-15.02.06:610][750]LogPlayLevel: Creating play world package: /Game/Levels/UEDPIE_0_DefaultMap
[2017.10.04-15.02.06:611][750]LogPlayLevel: PIE: StaticDuplicateObject took: (0.001062s)
[2017.10.04-15.02.06:611][750]LogAIModule: Creating AISystem for world DefaultMap
[2017.10.04-15.02.06:612][750]LogPlayLevel: PIE: World Init took: (0.000772s)
[2017.10.04-15.02.06:612][750]LogPlayLevel: PIE: Created PIE world by copying editor world from /Game/Levels/DefaultMap.DefaultMap to /Game/Levels/UEDPIE_0_DefaultMap.DefaultMap (0.002068s)
[2017.10.04-15.02.06:634][750]LogInit: XAudio2 using 'Speakers (High Definition Audio Device)' : 2 channels at 44.1 kHz using 16 bits per sample (channel mask 0x3)
[2017.10.04-15.02.06:640][750]LogInit: FAudioDevice initialized.
[2017.10.04-15.02.06:687][750]LogLoad: Game class is 'GameController_C'
[2017.10.04-15.02.06:689][750]LogWorld: Bringing World /Game/Levels/UEDPIE_0_DefaultMap.DefaultMap up for play (max tick rate 0) at 2017.10.04-17.02.06
[2017.10.04-15.02.06:689][750]LogWorld: Bringing up level for play took: 0.001415
[2017.10.04-15.02.06:692][750]PIE: Play in editor start time for /Game/Levels/UEDPIE_0_DefaultMap 0.145
[2017.10.04-15.02.13:236][520]Cmd: OBJ SAVEPACKAGE PACKAGE="/Game/BluePrint/PlayerBP" FILE="C:/Users/gmr2/Documents/Unreal Projects/Haunted/VelocityUnlocked01/Content/BluePrint/PlayerBP.uasset" SILENT=true
[2017.10.04-15.02.13:263][520]LogSavePackage: Save=24.56ms
[2017.10.04-15.02.13:263][520]LogSavePackage: Moving 'C:/Users/gmr2/Documents/Unreal Projects/Haunted/VelocityUnlocked01/Saved/PlayerBP8BB804CF4E15EE109CF629B565F4D092.tmp' to 'C:/Users/gmr2/Documents/Unreal Projects/Haunted/VelocityUnlocked01/Content/BluePrint/PlayerBP.uasset'
[2017.10.04-15.02.13:267][520]LogSavePackage: Display: Finished SavePackage C:/Users/gmr2/Documents/Unreal Projects/Haunted/VelocityUnlocked01/Content/BluePrint/PlayerBP.uasset
[2017.10.04-15.02.17:221][900]Cmd: OBJ SAVEPACKAGE PACKAGE="/Game/BluePrint/PlayerBP" FILE="C:/Users/gmr2/Documents/Unreal Projects/Haunted/VelocityUnlocked01/Content/BluePrint/PlayerBP.uasset" SILENT=true
[2017.10.04-15.02.17:248][900]LogSavePackage: Save=24.47ms
[2017.10.04-15.02.17:248][900]LogSavePackage: Moving 'C:/Users/gmr2/Documents/Unreal Projects/Haunted/VelocityUnlocked01/Saved/PlayerBP30ACB8F34CA06488F3C266946C2B8874.tmp' to 'C:/Users/gmr2/Documents/Unreal Projects/Haunted/VelocityUnlocked01/Content/BluePrint/PlayerBP.uasset'
[2017.10.04-15.02.17:251][900]LogSavePackage: Display: Finished SavePackage C:/Users/gmr2/Documents/Unreal Projects/Haunted/VelocityUnlocked01/Content/BluePrint/PlayerBP.uasset
[2017.10.04-15.02.26:579][806]Cmd: OBJ SAVEPACKAGE PACKAGE="/Game/BluePrint/PlayerBP" FILE="C:/Users/gmr2/Documents/Unreal Projects/Haunted/VelocityUnlocked01/Content/BluePrint/PlayerBP.uasset" SILENT=true
[2017.10.04-15.02.26:606][806]LogSavePackage: Save=24.46ms
[2017.10.04-15.02.26:606][806]LogSavePackage: Moving 'C:/Users/gmr2/Documents/Unreal Projects/Haunted/VelocityUnlocked01/Saved/PlayerBPA4B98781406F4F685F5F098889B9BB7F.tmp' to 'C:/Users/gmr2/Documents/Unreal Projects/Haunted/VelocityUnlocked01/Content/BluePrint/PlayerBP.uasset'
[2017.10.04-15.02.26:621][806]LogSavePackage: Display: Finished SavePackage C:/Users/gmr2/Documents/Unreal Projects/Haunted/VelocityUnlocked01/Content/BluePrint/PlayerBP.uasset
[2017.10.04-15.02.29:050][ 53]BlueprintLog: New page: Compile PlayerBP
[2017.10.04-15.02.31:911][300]LogTemp: Repeating last play command: Selected Viewport
[2017.10.04-15.02.31:926][300]LogPlayLevel: PlayLevel: No blueprints needed recompiling
[2017.10.04-15.02.31:926][300]PIE: New page: PIE session: DefaultMap (Oct 4, 2017, 7:02:31 PM)
[2017.10.04-15.02.31:926][300]LogPlayLevel: Creating play world package: /Game/Levels/UEDPIE_0_DefaultMap
[2017.10.04-15.02.31:927][300]LogPlayLevel: PIE: StaticDuplicateObject took: (0.001062s)
[2017.10.04-15.02.31:928][300]LogAIModule: Creating AISystem for world DefaultMap
[2017.10.04-15.02.31:928][300]LogPlayLevel: PIE: World Init took: (0.000730s)
[2017.10.04-15.02.31:928][300]LogPlayLevel: PIE: Created PIE world by copying editor world from /Game/Levels/DefaultMap.DefaultMap to /Game/Levels/UEDPIE_0_DefaultMap.DefaultMap (0.002011s)
[2017.10.04-15.02.31:951][300]LogInit: XAudio2 using 'Speakers (High Definition Audio Device)' : 2 channels at 44.1 kHz using 16 bits per sample (channel mask 0x3)
[2017.10.04-15.02.31:956][300]LogInit: FAudioDevice initialized.
[2017.10.04-15.02.32:005][300]LogLoad: Game class is 'GameController_C'
[2017.10.04-15.02.32:006][300]LogWorld: Bringing World /Game/Levels/UEDPIE_0_DefaultMap.DefaultMap up for play (max tick rate 0) at 2017.10.04-17.02.32
[2017.10.04-15.02.32:007][300]LogWorld: Bringing up level for play took: 0.001298
[2017.10.04-15.02.32:009][300]PIE: Play in editor start time for /Game/Levels/UEDPIE_0_DefaultMap -0.539
[2017.10.04-15.02.54:976][911]Cmd: OBJ SAVEPACKAGE PACKAGE="/Game/BluePrint/PlayerBP" FILE="C:/Users/gmr2/Documents/Unreal Projects/Haunted/VelocityUnlocked01/Content/BluePrint/PlayerBP.uasset" SILENT=true
[2017.10.04-15.02.55:005][911]LogSavePackage: Save=25.25ms
[2017.10.04-15.02.55:005][911]LogSavePackage: Moving 'C:/Users/gmr2/Documents/Unreal Projects/Haunted/VelocityUnlocked01/Saved/PlayerBPB0BA72244E6EF7BE3583E3B67DBCEE2D.tmp' to 'C:/Users/gmr2/Documents/Unreal Projects/Haunted/VelocityUnlocked01/Content/BluePrint/PlayerBP.uasset'
[2017.10.04-15.02.55:009][911]LogSavePackage: Display: Finished SavePackage C:/Users/gmr2/Documents/Unreal Projects/Haunted/VelocityUnlocked01/Content/BluePrint/PlayerBP.uasset
[2017.10.04-15.02.56:338][ 41]LogTemp: Repeating last play command: Selected Viewport
[2017.10.04-15.02.56:352][ 41]BlueprintLog: New page: Pre-Play auto-recompile
[2017.10.04-15.02.56:354][ 41]LogPlayLevel: [PlayLevel] Compiling PlayerBP before play...
[2017.10.04-15.02.56:536][ 41]LogPlayLevel: PlayLevel: Blueprint regeneration took 183 ms (1 blueprints)
[2017.10.04-15.02.56:536][ 41]PIE: New page: PIE session: DefaultMap (Oct 4, 2017, 7:02:56 PM)
[2017.10.04-15.02.56:536][ 41]LogPlayLevel: Creating play world package: /Game/Levels/UEDPIE_0_DefaultMap
[2017.10.04-15.02.56:537][ 41]LogPlayLevel: PIE: StaticDuplicateObject took: (0.001047s)
[2017.10.04-15.02.56:538][ 41]LogAIModule: Creating AISystem for world DefaultMap
[2017.10.04-15.02.56:538][ 41]LogPlayLevel: PIE: World Init took: (0.001268s)
[2017.10.04-15.02.56:538][ 41]LogPlayLevel: PIE: Created PIE world by copying editor world from /Game/Levels/DefaultMap.DefaultMap to /Game/Levels/UEDPIE_0_DefaultMap.DefaultMap (0.002551s)
[2017.10.04-15.02.56:561][ 41]LogInit: XAudio2 using 'Speakers (High Definition Audio Device)' : 2 channels at 44.1 kHz using 16 bits per sample (channel mask 0x3)
[2017.10.04-15.02.56:566][ 41]LogInit: FAudioDevice initialized.
[2017.10.04-15.02.56:614][ 41]LogLoad: Game class is 'GameController_C'
[2017.10.04-15.02.56:616][ 41]LogWorld: Bringing World /Game/Levels/UEDPIE_0_DefaultMap.DefaultMap up for play (max tick rate 0) at 2017.10.04-17.02.56
[2017.10.04-15.02.56:616][ 41]LogWorld: Bringing up level for play took: 0.001533
[2017.10.04-15.02.56:619][ 41]PIE: Play in editor start time for /Game/Levels/UEDPIE_0_DefaultMap 0.069
[2017.10.04-15.03.03:962][793]Cmd: OBJ SAVEPACKAGE PACKAGE="/Game/BluePrint/PlayerBP" FILE="C:/Users/gmr2/Documents/Unreal Projects/Haunted/VelocityUnlocked01/Content/BluePrint/PlayerBP.uasset" SILENT=true
[2017.10.04-15.03.03:990][793]LogSavePackage: Save=24.96ms
[2017.10.04-15.03.03:990][793]LogSavePackage: Moving 'C:/Users/gmr2/Documents/Unreal Projects/Haunted/VelocityUnlocked01/Saved/PlayerBP5F69F2B24EE90A51A7084D81BF80B528.tmp' to 'C:/Users/gmr2/Documents/Unreal Projects/Haunted/VelocityUnlocked01/Content/BluePrint/PlayerBP.uasset'
[2017.10.04-15.03.03:994][793]LogSavePackage: Display: Finished SavePackage C:/Users/gmr2/Documents/Unreal Projects/Haunted/VelocityUnlocked01/Content/BluePrint/PlayerBP.uasset
[2017.10.04-15.09.40:301][164]LogFileHelpers: Editor autosave (incl. sublevels) for '/Game/Levels/DefaultMap' took 0.024
[2017.10.04-15.09.40:303][164]OBJ SavePackage: Generating thumbnails for [1] asset(s) in package [/Game/Art/Textures/Player] ([1] browsable assets)...
[2017.10.04-15.09.40:304][164]OBJ SavePackage:     Rendered thumbnail for [Texture2D /Game/Art/Textures/Player.Player]
[2017.10.04-15.09.40:304][164]OBJ SavePackage: Finished generating thumbnails for package [/Game/Art/Textures/Player]
[2017.10.04-15.09.40:310][164]LogSavePackage: Save=2.38ms
[2017.10.04-15.09.40:310][164]LogSavePackage: Moving 'C:/Users/gmr2/Documents/Unreal Projects/Haunted/VelocityUnlocked01/Saved/Player_Auto2D4BE14C1491DE500826742993A7F413E.tmp' to 'C:/Users/gmr2/Documents/Unreal Projects/Haunted/VelocityUnlocked01/Saved/Autosaves/Game/Art/Textures/Player_Auto2.uasset'
[2017.10.04-15.09.40:312][164]LogSavePackage: Display: Finished SavePackage C:/Users/gmr2/Documents/Unreal Projects/Haunted/VelocityUnlocked01/Saved/Autosaves/Game/Art/Textures/Player_Auto2.uasset
[2017.10.04-15.09.40:312][164]LogFileHelpers: Auto-saving content packages took 0.010
