Log file open, 10/04/17 13:39:02
LogWindows: Failed to load 'aqProf.dll' (GetLastError=126)
LogWindows: File 'aqProf.dll' does not exist
LogWindows: Failed to load 'VtuneApi.dll' (GetLastError=126)
LogWindows: File 'VtuneApi.dll' does not exist
LogWindows: Failed to load 'VtuneApi32e.dll' (GetLastError=126)
LogWindows: File 'VtuneApi32e.dll' does not exist
LogInit: Display: Running engine for game: Haunted02
LogPlatformFile: Not using cached read wrapper
LogInit: Display: RandInit(-436011128) SRandInit(-436011128).
LogTaskGraph: Started task graph with 5 named threads and 14 total threads with 3 sets of task threads.
LogStats: Stats thread started at 0.177804
LogD3D11RHI: Aftermath initialized
LogPluginManager: Mounting plugin Paper2D
LogPluginManager: Mounting plugin LightPropagationVolume
LogPluginManager: Mounting plugin CodeLiteSourceCodeAccess
LogPluginManager: Mounting plugin GitSourceControl
LogPluginManager: Mounting plugin KDevelopSourceCodeAccess
LogPluginManager: Mounting plugin NullSourceCodeAccess
LogPluginManager: Mounting plugin PerforceSourceControl
LogPluginManager: Mounting plugin SubversionSourceControl
LogPluginManager: Mounting plugin UObjectPlugin
LogPluginManager: Mounting plugin VisualStudioSourceCodeAccess
LogPluginManager: Mounting plugin XCodeSourceCodeAccess
LogPluginManager: Mounting plugin AssetManagerEditor
LogPluginManager: Mounting plugin AudioCapture
LogPluginManager: Mounting plugin FacialAnimation
LogPluginManager: Mounting plugin GameplayTagsEditor
LogPluginManager: Mounting plugin MobileLauncherProfileWizard
LogPluginManager: Mounting plugin PluginBrowser
LogPluginManager: Mounting plugin SpeedTreeImporter
LogPluginManager: Mounting plugin AlembicImporter
LogPluginManager: Mounting plugin CharacterAI
LogPluginManager: Mounting plugin HTML5Networking
LogPluginManager: Mounting plugin AndroidMedia
LogPluginManager: Mounting plugin AvfMedia
LogPluginManager: Mounting plugin MediaPlayerEditor
LogPluginManager: Mounting plugin WmfMedia
LogPluginManager: Mounting plugin TcpMessaging
LogPluginManager: Mounting plugin UdpMessaging
LogPluginManager: Mounting plugin LevelSequenceEditor
LogPluginManager: Mounting plugin MatineeToLevelSequence
LogPluginManager: Mounting plugin OnlineSubsystemGooglePlay
LogPluginManager: Mounting plugin OnlineSubsystemIOS
LogPluginManager: Mounting plugin OnlineSubsystem
LogPluginManager: Mounting plugin OnlineSubsystemNull
LogPluginManager: Mounting plugin OnlineSubsystemUtils
LogPluginManager: Mounting plugin AndroidDeviceProfileSelector
LogPluginManager: Mounting plugin AndroidMoviePlayer
LogPluginManager: Mounting plugin AndroidPermission
LogPluginManager: Mounting plugin AppleMoviePlayer
LogPluginManager: Mounting plugin ArchVisCharacter
LogPluginManager: Mounting plugin CableComponent
LogPluginManager: Mounting plugin CustomMeshComponent
LogPluginManager: Mounting plugin ExampleDeviceProfileSelector
LogPluginManager: Mounting plugin GoogleCloudMessaging
LogPluginManager: Mounting plugin ImmediatePhysics
LogPluginManager: Mounting plugin IOSDeviceProfileSelector
LogPluginManager: Mounting plugin LinuxDeviceProfileSelector
LogPluginManager: Mounting plugin LocationServicesBPLibrary
LogPluginManager: Mounting plugin MobilePatchingUtils
LogPluginManager: Mounting plugin OculusVR
LogPluginManager: Mounting plugin PhysXVehicles
LogPluginManager: Mounting plugin ProceduralMeshComponent
LogPluginManager: Mounting plugin RuntimePhysXCooking
LogPluginManager: Mounting plugin WindowsMoviePlayer
LogInit: Using libcurl 7.47.1
LogInit:  - built for x86_64-pc-win32
LogInit:  - supports SSL with OpenSSL/1.0.2g
LogInit:  - supports HTTP deflate (compression) using libz 1.2.8
LogInit:  - other features:
LogInit:      CURL_VERSION_SSL
LogInit:      CURL_VERSION_LIBZ
LogInit:      CURL_VERSION_IPV6
LogInit:      CURL_VERSION_ASYNCHDNS
LogInit:      CURL_VERSION_LARGEFILE
LogInit:      CURL_VERSION_IDN
LogInit:  CurlRequestOptions (configurable via config and command line):
LogInit:  - bVerifyPeer = false  - Libcurl will NOT verify peer certificate
LogInit:  - bUseHttpProxy = false  - Libcurl will NOT use HTTP proxy
LogInit:  - bDontReuseConnections = false  - Libcurl will reuse connections
LogInit:  - CertBundlePath = nullptr  - Libcurl will use whatever was configured at build time.
LogInit: Build: ++UE4+Release-4.17-CL-3658906
LogInit: Engine Version: 4.17.2-3658906+++UE4+Release-4.17
LogInit: Compatible Engine Version: 4.17.0-3573198+++UE4+Release-4.17
LogInit: Net CL: 3573198
LogDevObjectVersion: Number of dev versions registered: 16
LogDevObjectVersion:   Dev-Blueprints (B0D832E4-1F89-4F0D-ACCF-7EB736FD4AA2): 10
LogDevObjectVersion:   Dev-Build (E1C64328-A22C-4D53-A36C-8E866417BD8C): 0
LogDevObjectVersion:   Dev-Core (375EC13C-06E4-48FB-B500-84F0262A717E): 2
LogDevObjectVersion:   Dev-Editor (E4B068ED-F494-42E9-A231-DA0B2E46BB41): 20
LogDevObjectVersion:   Dev-Framework (CFFC743F-43B0-4480-9391-14DF171D2073): 28
LogDevObjectVersion:   Dev-Mobile (B02B49B5-BB20-44E9-A304-32B752E40360): 0
LogDevObjectVersion:   Dev-Networking (A4E4105C-59A1-49B5-A7C5-40C4547EDFEE): 0
LogDevObjectVersion:   Dev-Online (39C831C9-5AE6-47DC-9A44-9C173E1C8E7C): 0
LogDevObjectVersion:   Dev-Physics (78F01B33-EBEA-4F98-B9B4-84EACCB95AA2): 0
LogDevObjectVersion:   Dev-Platform (6631380F-2D4D-43E0-8009-CF276956A95A): 0
LogDevObjectVersion:   Dev-Rendering (12F88B9F-8875-4AFC-A67C-D90C383ABD29): 19
LogDevObjectVersion:   Dev-Sequencer (7B5AE74C-D270-4C10-A958-57980B212A5A): 4
LogDevObjectVersion:   Dev-VR (D7296918-1DD6-4BDD-9DE2-64A83CC13884): 0
LogDevObjectVersion:   Dev-LoadTimes (C2A15278-BFE7-4AFE-6C17-90FF531DF755): 1
LogDevObjectVersion:   Private-Geometry (6EACA3D4-40EC-4CC1-B786-8BED09428FC5): 1
LogDevObjectVersion:   Dev-AnimPhys (29E575DD-E0A3-4627-9D10-D276232CDCEA): 7
LogInit: Compiled (64-bit): Sep 22 2017 13:47:16
LogInit: Compiled with Visual C++: 19.00.24215.01
LogInit: Build Configuration: Development
LogInit: Branch Name: ++UE4+Release-4.17
LogInit: Command line:  /Temp/Autosaves/Game/Level/UEDPCHauntedMap01 -game -PIEVIACONSOLE -ResX=1280 -ResY=720  -Multiprocess -messaging -SessionName="Play in Standalone Game" -windowed 
LogInit: Base directory: D:/nosave/Guillaume/Games/Epic Games/UE_4.17/Engine/Binaries/Win64/
LogInit: Installed Engine Build: 1
LogInit: Presizing for max 8388607 objects, including 0 objects not considered by GC, pre-allocating 0 bytes for permanent pool.
LogInit: Object subsystem initialized
[2017.10.04-11.39.02:704][  0]LogInit: Selected Device Profile: [Windows]
[2017.10.04-11.39.02:704][  0]LogInit: Applying CVar settings loaded from the selected device profile: [Windows]
[2017.10.04-11.39.02:716][  0]LogInit: Computer: LENOV146DSY
[2017.10.04-11.39.02:716][  0]LogInit: User: gmr2
[2017.10.04-11.39.02:716][  0]LogInit: CPU Page size=4096, Cores=4
[2017.10.04-11.39.02:716][  0]LogInit: High frequency timer resolution =3.507246 MHz
[2017.10.04-11.39.02:717][  0]LogMemory: Memory total: Physical=32.0GB (32GB approx)
[2017.10.04-11.39.02:717][  0]LogMemory: Platform Memory Stats for Windows
[2017.10.04-11.39.02:717][  0]LogMemory: Process Physical Memory: 279.96 MB used, 279.96 MB peak
[2017.10.04-11.39.02:717][  0]LogMemory: Process Virtual Memory: 285.22 MB used, 285.22 MB peak
[2017.10.04-11.39.02:717][  0]LogMemory: Physical Memory: 7512.43 MB used,  25206.74 MB free, 32719.17 MB total
[2017.10.04-11.39.02:717][  0]LogMemory: Virtual Memory: 661.84 MB used,  25206.74 MB free, 8388608.00 MB total
[2017.10.04-11.39.03:110][  0]LogInit: Using OS detected language (en-US).
[2017.10.04-11.39.03:110][  0]LogInit: Using OS detected locale (en-US).
[2017.10.04-11.39.03:119][  0]LogTextLocalizationManager: No specific localization for 'en-US' exists, so the 'en' localization will be used.
[2017.10.04-11.39.03:711][  0]LogD3D11RHI: D3D11 adapters:
[2017.10.04-11.39.03:747][  0]LogD3D11RHI:    0. 'NVIDIA Quadro M6000' (Feature Level 11_0)
[2017.10.04-11.39.03:747][  0]LogD3D11RHI:       12176/0/16103 MB DedicatedVideo/DedicatedSystem/SharedSystem, Outputs:2, VendorId:0x10de
[2017.10.04-11.39.03:747][  0]LogD3D11RHI: Chosen D3D11 Adapter: 0
[2017.10.04-11.39.03:757][  0]LogD3D11RHI: Creating new Direct3DDevice
[2017.10.04-11.39.03:758][  0]LogD3D11RHI:     GPU DeviceId: 0x17f0 (for the marketing name, search the web for "GPU Device Id")
[2017.10.04-11.39.03:758][  0]LogWindows: EnumDisplayDevices:
[2017.10.04-11.39.03:758][  0]LogWindows:    0. 'NVIDIA Quadro M6000' (P:1 D:1)
[2017.10.04-11.39.03:759][  0]LogWindows:    1. 'NVIDIA Quadro M6000' (P:0 D:1)
[2017.10.04-11.39.03:760][  0]LogWindows:    2. 'NVIDIA Quadro M6000' (P:0 D:0)
[2017.10.04-11.39.03:760][  0]LogWindows:    3. 'NVIDIA Quadro M6000' (P:0 D:0)
[2017.10.04-11.39.03:761][  0]LogWindows:    4. 'RDPDD Chained DD' (P:0 D:0)
[2017.10.04-11.39.03:762][  0]LogWindows:    5. 'RDP Encoder Mirror Driver' (P:0 D:0)
[2017.10.04-11.39.03:762][  0]LogWindows:    6. 'RDP Reflector Display Driver' (P:0 D:0)
[2017.10.04-11.39.03:762][  0]LogWindows: DebugString: GetVideoDriverDetailsInvalid PrimaryIsNotTheChoosenAdapter GetVideoDriverDetailsInvalid PrimaryIsNotTheChoosenAdapter GetVideoDriverDetailsInvalid PrimaryIsNotTheChoosenAdapter FoundDriverCount:4 
[2017.10.04-11.39.03:762][  0]LogD3D11RHI:     Adapter Name: NVIDIA Quadro M6000
[2017.10.04-11.39.03:762][  0]LogD3D11RHI:   Driver Version: 381.65 (internal:22.21.13.8165, unified:381.65)
[2017.10.04-11.39.03:762][  0]LogD3D11RHI:      Driver Date: 3-31-2017
[2017.10.04-11.39.03:762][  0]LogRHI: Texture pool is 1361 MB (70% of 1945 MB)
[2017.10.04-11.39.03:791][  0]LogD3D11RHI: Async texture creation enabled
[2017.10.04-11.39.03:806][  0]LogD3D11RHI: GPU Timing Frequency: 1000.000000 (Debug: 2 2)
[2017.10.04-11.39.03:895][  0]LogShaderCompilers: Guid format shader working directory is -13 characters bigger than the processId version (C:/Users/gmr2/Documents/Unreal Projects/Haunted/Haunted02/Intermediate/Shaders/WorkingDirectory/55456/).
[2017.10.04-11.39.03:895][  0]LogShaderCompilers: Cleaned the shader compiler working directory 'C:/Users/gmr2/AppData/Local/Temp/UnrealShaderWorkingDir/345F93A84FA7825001CF18AFF969882C/'.
[2017.10.04-11.39.03:895][  0]LogShaderCompilers: Display: Using Local Shader Compiler.
[2017.10.04-11.39.05:098][  0]LogTemp: Display: Loaded TP WindowsClientTargetPlatform
[2017.10.04-11.39.05:164][  0]LogTemp: Display: Loaded TP WindowsNoEditorTargetPlatform
[2017.10.04-11.39.05:230][  0]LogTemp: Display: Loaded TP WindowsServerTargetPlatform
[2017.10.04-11.39.05:296][  0]LogTemp: Display: Loaded TP WindowsTargetPlatform
[2017.10.04-11.39.05:296][  0]LogTargetPlatformManager: Display: Building Assets For Windows
[2017.10.04-11.39.06:060][  0]LogDerivedDataCache: Display: Max Cache Size: 512 MB
[2017.10.04-11.39.06:160][  0]LogDerivedDataCache: Loaded boot cache 0.10s 93MB C:/Users/gmr2/AppData/Local/UnrealEngine/4.17/DerivedDataCache/Boot.ddc.
[2017.10.04-11.39.06:160][  0]LogDerivedDataCache: Display: Loaded Boot cache: C:/Users/gmr2/AppData/Local/UnrealEngine/4.17/DerivedDataCache/Boot.ddc
[2017.10.04-11.39.06:160][  0]LogDerivedDataCache: FDerivedDataBackendGraph:  Pak pak cache file C:/Users/gmr2/Documents/Unreal Projects/Haunted/Haunted02/DerivedDataCache/DDC.ddp not found, will not use a pak cache.
[2017.10.04-11.39.06:160][  0]LogDerivedDataCache: Unable to find inner node Pak for hierarchical cache Hierarchy.
[2017.10.04-11.39.06:160][  0]LogDerivedDataCache: FDerivedDataBackendGraph:  CompressedPak pak cache file C:/Users/gmr2/Documents/Unreal Projects/Haunted/Haunted02/DerivedDataCache/Compressed.ddp not found, will not use a pak cache.
[2017.10.04-11.39.06:160][  0]LogDerivedDataCache: Unable to find inner node CompressedPak for hierarchical cache Hierarchy.
[2017.10.04-11.39.06:179][  0]LogDerivedDataCache: Display: Pak cache opened for reading ../../../Engine/DerivedDataCache/Compressed.ddp.
[2017.10.04-11.39.06:192][  0]LogDerivedDataCache: Using Local data cache path C:/Users/gmr2/AppData/Local/UnrealEngine/Common/DerivedDataCache: Writable
[2017.10.04-11.39.06:202][  0]LogMaterial: Verifying Global Shaders for PCD3D_SM5
[2017.10.04-11.39.06:203][  0]LogSlate: Using Freetype 2.6.0
[2017.10.04-11.39.06:204][  0]LogSlate: SlateFontCache - WITH_FREETYPE: 1, WITH_HARFBUZZ: 1
[2017.10.04-11.39.06:204][  0]LogSlate: SlateFontCache - WITH_FREETYPE: 1, WITH_HARFBUZZ: 1
[2017.10.04-11.39.08:665][  0]LogAssetRegistry: FAssetRegistry took 0.0053 seconds to start up
[2017.10.04-11.39.08:690][  0]LogPackageLocalizationCache: Processed 4 localized package path(s) for 2 prioritized culture(s) in 0.007278 seconds
[2017.10.04-11.39.08:854][  0]LogInit: Selected Device Profile: [Windows]
[2017.10.04-11.39.08:857][  0]LogContentStreaming: Texture pool size is 1000.00 MB
[2017.10.04-11.39.09:339][  0]LogSimplygon: Simplygon DLL not present - disabling.
[2017.10.04-11.39.09:394][  0]LogMeshReduction: Using SimplygonSwarm for distributed automatic mesh merging
[2017.10.04-11.39.09:394][  0]LogMeshReduction: Using QuadricMeshReduction for automatic static mesh reduction
[2017.10.04-11.39.09:394][  0]LogMeshReduction: No automatic skeletal mesh reduction module available
[2017.10.04-11.39.09:394][  0]LogMeshReduction: No automatic mesh merging module available
[2017.10.04-11.39.09:394][  0]LogMeshMerging: No automatic mesh merging module available
[2017.10.04-11.39.09:719][  0]LogNetVersion: Haunted02 , NetCL: 3573198, EngineNetVer: 2, GameNetVer: 0 (Checksum: 424621595)
[2017.10.04-11.39.09:911][  0]LogInit: WinSock: version 1.1 (2.2), MaxSocks=32767, MaxUdp=65467
[2017.10.04-11.39.11:569][  0]LogMoviePlayer: Initializing movie player
[2017.10.04-11.39.11:958][  0]LogCollectionManager: Loaded 0 collections in 0.001300 seconds
[2017.10.04-11.39.12:007][  0]LogFileCache: Scanning file cache for directory 'C:/Users/gmr2/Documents/Unreal Projects/Haunted/Haunted02/Saved/Collections/' took 0.01s
[2017.10.04-11.39.12:007][  0]LogFileCache: Scanning file cache for directory 'C:/Users/gmr2/Documents/Unreal Projects/Haunted/Haunted02/Content/Developers/gmr2/Collections/' took 0.01s
[2017.10.04-11.39.12:007][  0]LogFileCache: Scanning file cache for directory 'C:/Users/gmr2/Documents/Unreal Projects/Haunted/Haunted02/Content/Collections/' took 0.01s
[2017.10.04-11.39.12:007][  0]LogCollectionManager: Rebuilt the object cache for 0 collections in 0.000001 seconds (found 0 objects)
[2017.10.04-11.39.12:007][  0]LogCollectionManager: Fixed up redirectors for 0 collections in 0.000080 seconds (updated 0 objects)
[2017.10.04-11.39.12:216][  0]LogTcpMessaging: Initializing TcpMessaging bridge
[2017.10.04-11.39.12:250][  0]LogUdpMessaging: Initializing bridge on interface 0.0.0.0:0 to multicast group 230.0.0.1:6666.
[2017.10.04-11.39.12:791][  0]SourceControl: Source control is disabled
[2017.10.04-11.39.12:791][  0]SourceControl: Source control is disabled
[2017.10.04-11.39.12:851][  0]SourceControl: Source control is disabled
[2017.10.04-11.39.13:144][  0]LogAndroidPermission: UAndroidPermissionCallbackProxy::GetInstance
[2017.10.04-11.39.13:446][  0]LogOcInput: OculusInput pre-init called
[2017.10.04-11.39.13:513][  0]LogUObjectArray: 38623 objects as part of root set at end of initial load.
[2017.10.04-11.39.13:513][  0]LogUObjectAllocator: 8453216 out of 0 bytes used by permanent object pool.
[2017.10.04-11.39.13:513][  0]LogUObjectArray: CloseDisregardForGC: 0/0 objects in disregard for GC pool
[2017.10.04-11.39.13:633][  0]LogEngine: Initializing Engine...
[2017.10.04-11.39.13:835][  0]LogStats: UGameplayTagsManager::ConstructGameplayTagTree: Construct from data asset -  0.000 s
[2017.10.04-11.39.13:836][  0]LogStats: UGameplayTagsManager::ConstructGameplayTagTree: GameplayTagTreeChangedEvent.Broadcast -  0.000 s
[2017.10.04-11.39.13:872][  0]LogInit: XAudio2 using 'Speakers (High Definition Audio Device)' : 2 channels at 44.1 kHz using 16 bits per sample (channel mask 0x3)
[2017.10.04-11.39.13:889][  0]LogInit: FAudioDevice initialized.
[2017.10.04-11.39.13:915][  0]LogInit: Texture streaming: Enabled
[2017.10.04-11.39.13:948][  0]LogMaterial: Uniform references updated for custom material expression Custom.
[2017.10.04-11.39.14:311][  0]LogSlateStyle: Warning: Unable to find Slate Widget Style 'NormalText'. Using FTextBlockStyle defaults instead.
[2017.10.04-11.39.14:311][  0]LogSlateStyle: Warning: Unable to find Slate Widget Style 'SpinBox'. Using FSpinBoxStyle defaults instead.
[2017.10.04-11.39.14:595][  0]LogInit: Display: Game Engine Initialized.
[2017.10.04-11.39.14:595][  0]LogGameplayTags: Display: UGameplayTagsManager::DoneAddingNativeTags. DelegateIsBound: 0
[2017.10.04-11.39.14:724][  0]LogInit: Display: Starting Game.
[2017.10.04-11.39.14:724][  0]LogNet: Browse: /Temp/Autosaves/Game/Level/UEDPCHauntedMap01?Name=Player
[2017.10.04-11.39.14:738][  0]LogLoad: LoadMap: /Temp/Autosaves/Game/Level/UEDPCHauntedMap01?Name=Player
[2017.10.04-11.39.14:762][  0]LogMemory: Platform Memory Stats for Windows
[2017.10.04-11.39.14:763][  0]LogMemory: Process Physical Memory: 809.16 MB used, 930.93 MB peak
[2017.10.04-11.39.14:763][  0]LogMemory: Process Virtual Memory: 938.41 MB used, 1013.13 MB peak
[2017.10.04-11.39.14:763][  0]LogMemory: Physical Memory: 8062.60 MB used,  24656.57 MB free, 32719.17 MB total
[2017.10.04-11.39.14:763][  0]LogMemory: Virtual Memory: 1509.79 MB used,  24656.57 MB free, 8388608.00 MB total
[2017.10.04-11.39.14:763][  0]LogMemory: 
[2017.10.04-11.39.14:763][  0]Allocator Stats for TBB: (not implemented)
[2017.10.04-11.39.14:945][  0]LogAIModule: Creating AISystem for world HauntedMap01
[2017.10.04-11.39.15:018][  0]LogLoad: Game class is 'GameControllerBP_C'
[2017.10.04-11.39.15:022][  0]LogWorld: Bringing World /Temp/Autosaves/Game/Level/UEDPCHauntedMap01.HauntedMap01 up for play (max tick rate 0) at 2017.10.04-13.39.15
[2017.10.04-11.39.15:022][  0]LogWorld: Bringing up level for play took: 0.001472
[2017.10.04-11.39.15:024][  0]LogLoad: Took 0.285552 seconds to LoadMap(/Temp/Autosaves/Game/Level/UEDPCHauntedMap01)
[2017.10.04-11.39.15:281][  0]LogRenderer: Reallocating scene render targets to support 1280x720 Format 10 NumSamples 1 (Frame:1).
[2017.10.04-11.39.15:281][  0]LogLoad: (Engine Initialization) Total time: 15.37 seconds
[2017.10.04-11.39.15:281][  0]LogLoad: (Engine Initialization) Total Blueprint compile time: 0.00 seconds
[2017.10.04-11.39.15:281][  0]LogExternalProfiler: Found external profiler: VSPerf
[2017.10.04-11.39.15:281][  0]LogExternalProfiler: Using external profiler: VSPerf
[2017.10.04-11.39.20:901][292]LogRenderer: Reallocating scene render targets to support 1920x1060 Format 10 NumSamples 1 (Frame:295).
[2017.10.04-11.39.30:288][871]LogEngine: All Windows Closed
[2017.10.04-11.39.30:288][871]LogWindows: FPlatformMisc::RequestExit(0)
[2017.10.04-11.39.30:637][872]LogExit: Preparing to exit.
[2017.10.04-11.39.30:637][872]LogMoviePlayer: Shutting down movie player
[2017.10.04-11.39.31:392][872]LogExit: Game engine shut down
[2017.10.04-11.39.31:442][872]LogExit: Object subsystem successfully closed.
[2017.10.04-11.39.31:459][872]LogD3D11RHI: Shutdown
[2017.10.04-11.39.31:459][872]LogD3D11RHI: CleanupD3DDevice
[2017.10.04-11.39.31:460][872]LogD3D11RHI: ~FD3D11DynamicRHI
[2017.10.04-11.39.31:466][872]LogModuleManager: Shutting down and abandoning module SequenceRecorderSections (300)
[2017.10.04-11.39.31:466][872]LogModuleManager: Shutting down and abandoning module SequenceRecorder (298)
[2017.10.04-11.39.31:466][872]LogModuleManager: Shutting down and abandoning module AutomationController (296)
[2017.10.04-11.39.31:466][872]LogModuleManager: Shutting down and abandoning module AutomationWorker (294)
[2017.10.04-11.39.31:466][872]LogModuleManager: Shutting down and abandoning module AIModule (292)
[2017.10.04-11.39.31:466][872]LogModuleManager: Shutting down and abandoning module GameplayDebugger (291)
[2017.10.04-11.39.31:466][872]LogModuleManager: Shutting down and abandoning module AITestSuite (289)
[2017.10.04-11.39.31:466][872]LogModuleManager: Shutting down and abandoning module WmfMediaFactory (286)
[2017.10.04-11.39.31:467][872]LogModuleManager: Shutting down and abandoning module AvfMediaFactory (284)
[2017.10.04-11.39.31:467][872]LogModuleManager: Shutting down and abandoning module AndroidMediaFactory (282)
[2017.10.04-11.39.31:467][872]LogModuleManager: Shutting down and abandoning module Media (281)
[2017.10.04-11.39.31:467][872]LogModuleManager: Shutting down and abandoning module CharacterAI (278)
[2017.10.04-11.39.31:467][872]LogModuleManager: Shutting down and abandoning module SessionServices (276)
[2017.10.04-11.39.31:467][872]LogModuleManager: Shutting down and abandoning module MovieSceneCapture (274)
[2017.10.04-11.39.31:467][872]LogModuleManager: Shutting down and abandoning module MovieSceneTracks (272)
[2017.10.04-11.39.31:467][872]LogModuleManager: Shutting down and abandoning module MovieScene (270)
[2017.10.04-11.39.31:467][872]LogModuleManager: Shutting down and abandoning module GeometryCache (268)
[2017.10.04-11.39.31:467][872]LogModuleManager: Shutting down and abandoning module GeometryCacheEd (267)
[2017.10.04-11.39.31:467][872]LogModuleManager: Shutting down and abandoning module Niagara (264)
[2017.10.04-11.39.31:467][872]LogModuleManager: Shutting down and abandoning module NiagaraEditor (263)
[2017.10.04-11.39.31:467][872]LogModuleManager: Shutting down and abandoning module StreamingPauseRendering (260)
[2017.10.04-11.39.31:467][872]LogModuleManager: Shutting down and abandoning module PortalServices (258)
[2017.10.04-11.39.31:467][872]LogModuleManager: Shutting down and abandoning module PortalRpc (256)
[2017.10.04-11.39.31:467][872]LogModuleManager: Shutting down and abandoning module MessagingRpc (254)
[2017.10.04-11.39.31:467][872]LogModuleManager: Shutting down and abandoning module ProfilerService (252)
[2017.10.04-11.39.31:592][872]LogModuleManager: Shutting down and abandoning module TaskGraph (250)
[2017.10.04-11.39.31:592][872]LogModuleManager: Shutting down and abandoning module ProceduralMeshComponent (248)
[2017.10.04-11.39.31:592][872]LogModuleManager: Shutting down and abandoning module OculusInput (246)
[2017.10.04-11.39.31:592][872]LogModuleManager: Shutting down and abandoning module MobilePatchingUtils (244)
[2017.10.04-11.39.31:592][872]LogModuleManager: Shutting down and abandoning module CustomMeshComponent (242)
[2017.10.04-11.39.31:592][872]LogModuleManager: Shutting down and abandoning module CableComponent (240)
[2017.10.04-11.39.31:592][872]LogModuleManager: Shutting down and abandoning module ArchVisCharacter (238)
[2017.10.04-11.39.31:592][872]LogModuleManager: Shutting down and abandoning module AndroidPermission (236)
[2017.10.04-11.39.31:592][872]LogModuleManager: Shutting down and abandoning module HTML5Networking (232)
[2017.10.04-11.39.31:592][872]LogModuleManager: Shutting down and abandoning module VisualStudioSourceCodeAccess (230)
[2017.10.04-11.39.31:592][872]LogModuleManager: Shutting down and abandoning module DesktopPlatform (229)
[2017.10.04-11.39.31:592][872]LogModuleManager: Shutting down and abandoning module HotReload (227)
[2017.10.04-11.39.31:592][872]LogModuleManager: Shutting down and abandoning module UObjectPlugin (224)
[2017.10.04-11.39.31:592][872]LogModuleManager: Shutting down and abandoning module SubversionSourceControl (222)
[2017.10.04-11.39.31:592][872]LogModuleManager: Shutting down and abandoning module PerforceSourceControl (220)
[2017.10.04-11.39.31:592][872]LogModuleManager: Shutting down and abandoning module SourceControl (219)
[2017.10.04-11.39.31:592][872]LogModuleManager: Shutting down and abandoning module RuntimePhysXCooking (216)
[2017.10.04-11.39.31:592][872]LogModuleManager: Shutting down and abandoning module PhysXVehiclesEditor (214)
[2017.10.04-11.39.31:592][872]LogModuleManager: Shutting down and abandoning module PhysXVehicles (212)
[2017.10.04-11.39.31:592][872]LogModuleManager: Shutting down and abandoning module LocationServicesBPLibrary (210)
[2017.10.04-11.39.31:592][872]LogModuleManager: Shutting down and abandoning module ImmediatePhysicsEditor (208)
[2017.10.04-11.39.31:592][872]LogModuleManager: Shutting down and abandoning module ImmediatePhysics (206)
[2017.10.04-11.39.31:592][872]LogModuleManager: Shutting down and abandoning module UdpMessaging (204)
[2017.10.04-11.39.31:692][872]LogModuleManager: Shutting down and abandoning module TcpMessaging (202)
[2017.10.04-11.39.32:218][872]LogModuleManager: Shutting down and abandoning module GameplayTagsEditor (200)
[2017.10.04-11.39.32:218][872]LogModuleManager: Shutting down and abandoning module FacialAnimation (198)
[2017.10.04-11.39.32:218][872]LogModuleManager: Shutting down and abandoning module AssetManagerEditor (196)
[2017.10.04-11.39.32:218][872]LogModuleManager: Shutting down and abandoning module GraphEditor (195)
[2017.10.04-11.39.32:218][872]LogModuleManager: Shutting down and abandoning module ContentBrowser (193)
[2017.10.04-11.39.32:218][872]LogModuleManager: Shutting down and abandoning module CollectionManager (192)
[2017.10.04-11.39.32:218][872]LogDirectoryWatcher: A directory notification for 'C:/Users/gmr2/Documents/Unreal Projects/Haunted/Haunted02/Content/Collections/' was aborted.
[2017.10.04-11.39.32:218][872]LogDirectoryWatcher: A directory notification for 'C:/Users/gmr2/Documents/Unreal Projects/Haunted/Haunted02/Content/Developers/gmr2/Collections/' was aborted.
[2017.10.04-11.39.32:218][872]LogDirectoryWatcher: A directory notification for 'C:/Users/gmr2/Documents/Unreal Projects/Haunted/Haunted02/Saved/Collections/' was aborted.
[2017.10.04-11.39.32:218][872]LogModuleManager: Shutting down and abandoning module DirectoryWatcher (191)
[2017.10.04-11.39.32:219][872]LogModuleManager: Shutting down and abandoning module LightPropagationVolumeRuntime (186)
[2017.10.04-11.39.32:219][872]LogModuleManager: Shutting down and abandoning module Paper2D (184)
[2017.10.04-11.39.32:219][872]LogModuleManager: Shutting down and abandoning module WindowsMoviePlayer (182)
[2017.10.04-11.39.32:219][872]LogModuleManager: Shutting down and abandoning module WmfMedia (180)
[2017.10.04-11.39.32:219][872]LogModuleManager: Shutting down and abandoning module PacketHandler (178)
[2017.10.04-11.39.32:219][872]LogModuleManager: Shutting down and abandoning module ClothingSystemEditor (176)
[2017.10.04-11.39.32:219][872]LogModuleManager: Shutting down and abandoning module ClothingSystemRuntime (174)
[2017.10.04-11.39.32:219][872]LogModuleManager: Shutting down and abandoning module Overlay (172)
[2017.10.04-11.39.32:219][872]LogModuleManager: Shutting down and abandoning module OverlayEditor (171)
[2017.10.04-11.39.32:219][872]LogModuleManager: Shutting down and abandoning module MediaAssets (168)
[2017.10.04-11.39.32:219][872]LogModuleManager: Shutting down and abandoning module VREditor (166)
[2017.10.04-11.39.32:219][872]LogModuleManager: Shutting down and abandoning module StringTableEditor (164)
[2017.10.04-11.39.32:219][872]LogModuleManager: Shutting down and abandoning module GameplayTasksEditor (162)
[2017.10.04-11.39.32:219][872]LogModuleManager: Shutting down and abandoning module BehaviorTreeEditor (160)
[2017.10.04-11.39.32:219][872]LogModuleManager: Shutting down and abandoning module FunctionalTesting (158)
[2017.10.04-11.39.32:219][872]LogModuleManager: Shutting down and abandoning module CollisionAnalyzer (156)
[2017.10.04-11.39.32:219][872]LogModuleManager: Shutting down and abandoning module WorkspaceMenuStructure (155)
[2017.10.04-11.39.32:219][872]LogModuleManager: Shutting down and abandoning module UMG (152)
[2017.10.04-11.39.32:219][872]LogModuleManager: Shutting down and abandoning module UMGEditor (151)
[2017.10.04-11.39.32:219][872]LogModuleManager: Shutting down and abandoning module Sequencer (150)
[2017.10.04-11.39.32:219][872]LogModuleManager: Shutting down and abandoning module MessageLog (147)
[2017.10.04-11.39.32:219][872]LogModuleManager: Shutting down and abandoning module SlateReflector (142)
[2017.10.04-11.39.32:219][872]LogModuleManager: Shutting down and abandoning module Slate (140)
[2017.10.04-11.39.32:219][872]LogModuleManager: Shutting down and abandoning module EditorStyle (138)
[2017.10.04-11.39.32:221][872]LogModuleManager: Shutting down and abandoning module MRMesh (136)
[2017.10.04-11.39.32:221][872]LogModuleManager: Shutting down and abandoning module Messaging (134)
[2017.10.04-11.39.32:221][872]LogModuleManager: Shutting down and abandoning module SourceCodeAccess (132)
[2017.10.04-11.39.32:221][872]LogModuleManager: Shutting down and abandoning module HeadMountedDisplay (130)
[2017.10.04-11.39.32:221][872]LogModuleManager: Shutting down and abandoning module XAudio2 (128)
[2017.10.04-11.39.32:221][872]LogModuleManager: Shutting down and abandoning module Networking (126)
[2017.10.04-11.39.32:221][872]LogModuleManager: Shutting down and abandoning module Core (122)
[2017.10.04-11.39.32:221][872]LogModuleManager: Shutting down and abandoning module KismetCompiler (120)
[2017.10.04-11.39.32:221][872]LogModuleManager: Shutting down and abandoning module MeshUtilities (118)
[2017.10.04-11.39.32:221][872]LogModuleManager: Shutting down and abandoning module MeshMergeUtilities (117)
[2017.10.04-11.39.32:221][872]LogModuleManager: Shutting down and abandoning module MeshReductionInterface (116)
[2017.10.04-11.39.32:221][872]LogModuleManager: Shutting down and abandoning module SimplygonSwarm (115)
[2017.10.04-11.39.32:221][872]LogModuleManager: Shutting down and abandoning module SimplygonMeshReduction (113)
[2017.10.04-11.39.32:221][872]LogModuleManager: Shutting down and abandoning module QuadricMeshReduction (111)
[2017.10.04-11.39.32:221][872]LogModuleManager: Shutting down and abandoning module MaterialBaking (107)
[2017.10.04-11.39.32:221][872]LogModuleManager: Shutting down and abandoning module LevelSequence (104)
[2017.10.04-11.39.32:221][872]LogModuleManager: Shutting down and abandoning module DerivedDataCache (100)
[2017.10.04-11.39.32:685][872]LogDerivedDataCache: Shutdown
[2017.10.04-11.39.32:685][872]LogModuleManager: Shutting down and abandoning module TargetPlatform (98)
[2017.10.04-11.39.32:685][872]LogModuleManager: Shutting down and abandoning module VulkanShaderFormat (97)
[2017.10.04-11.39.32:685][872]LogModuleManager: Shutting down and abandoning module ShaderFormatVectorVM (95)
[2017.10.04-11.39.32:685][872]LogModuleManager: Shutting down and abandoning module ShaderFormatOpenGL (93)
[2017.10.04-11.39.32:685][872]LogModuleManager: Shutting down and abandoning module ShaderFormatD3D (91)
[2017.10.04-11.39.32:685][872]LogModuleManager: Shutting down and abandoning module MetalShaderFormat (89)
[2017.10.04-11.39.32:685][872]LogModuleManager: Shutting down and abandoning module TextureFormatUncompressed (87)
[2017.10.04-11.39.32:685][872]LogModuleManager: Shutting down and abandoning module TextureFormatPVR (85)
[2017.10.04-11.39.32:685][872]LogModuleManager: Shutting down and abandoning module TextureFormatDXT (83)
[2017.10.04-11.39.32:685][872]LogModuleManager: Shutting down and abandoning module TextureFormatIntelISPCTexComp (81)
[2017.10.04-11.39.32:686][872]LogModuleManager: Shutting down and abandoning module TextureFormatASTC (79)
[2017.10.04-11.39.32:686][872]LogModuleManager: Shutting down and abandoning module ImageWrapper (78)
[2017.10.04-11.39.32:686][872]LogModuleManager: Shutting down and abandoning module TextureFormatAndroid (75)
[2017.10.04-11.39.32:686][872]LogModuleManager: Shutting down and abandoning module AudioFormatOpus (73)
[2017.10.04-11.39.32:686][872]LogModuleManager: Shutting down and abandoning module AudioFormatOgg (71)
[2017.10.04-11.39.32:686][872]LogModuleManager: Shutting down and abandoning module AudioFormatADPCM (69)
[2017.10.04-11.39.32:686][872]LogModuleManager: Shutting down and abandoning module WindowsTargetPlatform (67)
[2017.10.04-11.39.32:686][872]LogModuleManager: Shutting down and abandoning module WindowsServerTargetPlatform (65)
[2017.10.04-11.39.32:686][872]LogModuleManager: Shutting down and abandoning module WindowsNoEditorTargetPlatform (63)
[2017.10.04-11.39.32:686][872]LogModuleManager: Shutting down and abandoning module WindowsClientTargetPlatform (61)
[2017.10.04-11.39.32:686][872]LogModuleManager: Shutting down and abandoning module InputCore (58)
[2017.10.04-11.39.32:686][872]LogModuleManager: Shutting down and abandoning module Settings (56)
[2017.10.04-11.39.32:686][872]LogModuleManager: Shutting down and abandoning module PhysXCooking (54)
[2017.10.04-11.39.32:686][872]LogModuleManager: Shutting down and abandoning module OculusHMD (52)
[2017.10.04-11.39.32:686][872]LogModuleManager: Shutting down and abandoning module ExampleDeviceProfileSelector (50)
[2017.10.04-11.39.32:686][872]LogModuleManager: Shutting down and abandoning module OnlineBlueprintSupport (48)
[2017.10.04-11.39.32:686][872]LogModuleManager: Shutting down and abandoning module OnlineSubsystem (44)
[2017.10.04-11.39.32:686][872]LogOnline: Display: Unloading online subsystem: NULL
[2017.10.04-11.39.32:686][872]LogModuleManager: Shutting down and abandoning module XMPP (43)
[2017.10.04-11.39.32:686][872]LogModuleManager: Shutting down and abandoning module HTTP (41)
[2017.10.04-11.39.32:705][872]LogModuleManager: Shutting down and abandoning module SSL (40)
[2017.10.04-11.39.32:706][872]LogModuleManager: Shutting down and abandoning module AnimationModifiers (36)
[2017.10.04-11.39.32:706][872]LogModuleManager: Shutting down and abandoning module PropertyEditor (35)
[2017.10.04-11.39.32:706][872]LogModuleManager: Shutting down and abandoning module AudioEditor (32)
[2017.10.04-11.39.32:706][872]LogModuleManager: Shutting down and abandoning module TextureCompressor (30)
[2017.10.04-11.39.32:706][872]LogModuleManager: Shutting down and abandoning module ShaderCore (28)
[2017.10.04-11.39.32:706][872]LogModuleManager: Shutting down and abandoning module Landscape (26)
[2017.10.04-11.39.32:706][872]LogModuleManager: Shutting down and abandoning module SlateRHIRenderer (24)
[2017.10.04-11.39.32:706][872]LogModuleManager: Shutting down and abandoning module OpenGLDrv (22)
[2017.10.04-11.39.32:706][872]LogModuleManager: Shutting down and abandoning module D3D11RHI (20)
[2017.10.04-11.39.32:706][872]LogModuleManager: Shutting down and abandoning module AnimGraphRuntime (18)
[2017.10.04-11.39.32:706][872]LogModuleManager: Shutting down and abandoning module Renderer (16)
[2017.10.04-11.39.32:706][872]LogModuleManager: Shutting down and abandoning module Engine (14)
[2017.10.04-11.39.32:706][872]LogModuleManager: Shutting down and abandoning module CoreUObject (12)
[2017.10.04-11.39.32:706][872]LogModuleManager: Shutting down and abandoning module NetworkFile (10)
[2017.10.04-11.39.32:706][872]LogModuleManager: Shutting down and abandoning module CookedIterativeFile (8)
[2017.10.04-11.39.32:706][872]LogModuleManager: Shutting down and abandoning module StreamingFile (6)
[2017.10.04-11.39.32:706][872]LogModuleManager: Shutting down and abandoning module SandboxFile (4)
[2017.10.04-11.39.32:706][872]LogModuleManager: Shutting down and abandoning module PakFile (2)
[2017.10.04-11.39.32:707][872]LogExit: Exiting.
[2017.10.04-11.39.32:709][872]Log file closed, 10/04/17 13:39:32
