Log file open, 10/06/17 09:13:21
LogWindows: Failed to load 'aqProf.dll' (GetLastError=126)
LogWindows: File 'aqProf.dll' does not exist
LogWindows: Failed to load 'VtuneApi.dll' (GetLastError=126)
LogWindows: File 'VtuneApi.dll' does not exist
LogWindows: Failed to load 'VtuneApi32e.dll' (GetLastError=126)
LogWindows: File 'VtuneApi32e.dll' does not exist
LogInit: Display: Running engine for game: MyProject
LogPlatformFile: Not using cached read wrapper
LogInit: Display: RandInit(2000575879) SRandInit(2000575879).
LogTaskGraph: Started task graph with 5 named threads and 14 total threads with 3 sets of task threads.
LogStats: Stats thread started at 0.166128
LogD3D11RHI: Aftermath initialized
LogPluginManager: Mounting plugin Paper2D
LogPluginManager: Mounting plugin LightPropagationVolume
LogPluginManager: Mounting plugin CodeLiteSourceCodeAccess
LogPluginManager: Mounting plugin GitSourceControl
LogPluginManager: Mounting plugin KDevelopSourceCodeAccess
LogPluginManager: Mounting plugin NullSourceCodeAccess
LogPluginManager: Mounting plugin PerforceSourceControl
LogPluginManager: Mounting plugin SubversionSourceControl
LogPluginManager: Mounting plugin UObjectPlugin
LogPluginManager: Mounting plugin VisualStudioSourceCodeAccess
LogPluginManager: Mounting plugin XCodeSourceCodeAccess
LogPluginManager: Mounting plugin AssetManagerEditor
LogPluginManager: Mounting plugin AudioCapture
LogPluginManager: Mounting plugin FacialAnimation
LogPluginManager: Mounting plugin GameplayTagsEditor
LogPluginManager: Mounting plugin MobileLauncherProfileWizard
LogPluginManager: Mounting plugin PluginBrowser
LogPluginManager: Mounting plugin SpeedTreeImporter
LogPluginManager: Mounting plugin AlembicImporter
LogPluginManager: Mounting plugin CharacterAI
LogPluginManager: Mounting plugin HTML5Networking
LogPluginManager: Mounting plugin AndroidMedia
LogPluginManager: Mounting plugin AvfMedia
LogPluginManager: Mounting plugin MediaPlayerEditor
LogPluginManager: Mounting plugin WmfMedia
LogPluginManager: Mounting plugin TcpMessaging
LogPluginManager: Mounting plugin UdpMessaging
LogPluginManager: Mounting plugin LevelSequenceEditor
LogPluginManager: Mounting plugin MatineeToLevelSequence
LogPluginManager: Mounting plugin OnlineSubsystemGooglePlay
LogPluginManager: Mounting plugin OnlineSubsystemIOS
LogPluginManager: Mounting plugin OnlineSubsystem
LogPluginManager: Mounting plugin OnlineSubsystemNull
LogPluginManager: Mounting plugin OnlineSubsystemUtils
LogPluginManager: Mounting plugin AndroidDeviceProfileSelector
LogPluginManager: Mounting plugin AndroidMoviePlayer
LogPluginManager: Mounting plugin AndroidPermission
LogPluginManager: Mounting plugin AppleMoviePlayer
LogPluginManager: Mounting plugin ArchVisCharacter
LogPluginManager: Mounting plugin CableComponent
LogPluginManager: Mounting plugin CustomMeshComponent
LogPluginManager: Mounting plugin ExampleDeviceProfileSelector
LogPluginManager: Mounting plugin GoogleCloudMessaging
LogPluginManager: Mounting plugin ImmediatePhysics
LogPluginManager: Mounting plugin IOSDeviceProfileSelector
LogPluginManager: Mounting plugin LinuxDeviceProfileSelector
LogPluginManager: Mounting plugin LocationServicesBPLibrary
LogPluginManager: Mounting plugin MobilePatchingUtils
LogPluginManager: Mounting plugin OculusVR
LogPluginManager: Mounting plugin PhysXVehicles
LogPluginManager: Mounting plugin ProceduralMeshComponent
LogPluginManager: Mounting plugin RuntimePhysXCooking
LogPluginManager: Mounting plugin SteamVR
LogPluginManager: Mounting plugin WindowsMoviePlayer
LogInit: Using libcurl 7.47.1
LogInit:  - built for x86_64-pc-win32
LogInit:  - supports SSL with OpenSSL/1.0.2g
LogInit:  - supports HTTP deflate (compression) using libz 1.2.8
LogInit:  - other features:
LogInit:      CURL_VERSION_SSL
LogInit:      CURL_VERSION_LIBZ
LogInit:      CURL_VERSION_IPV6
LogInit:      CURL_VERSION_ASYNCHDNS
LogInit:      CURL_VERSION_LARGEFILE
LogInit:      CURL_VERSION_IDN
LogInit:  CurlRequestOptions (configurable via config and command line):
LogInit:  - bVerifyPeer = false  - Libcurl will NOT verify peer certificate
LogInit:  - bUseHttpProxy = false  - Libcurl will NOT use HTTP proxy
LogInit:  - bDontReuseConnections = false  - Libcurl will reuse connections
LogInit:  - CertBundlePath = nullptr  - Libcurl will use whatever was configured at build time.
LogInit: Build: ++UE4+Release-4.17-CL-3658906
LogInit: Engine Version: 4.17.2-3658906+++UE4+Release-4.17
LogInit: Compatible Engine Version: 4.17.0-3573198+++UE4+Release-4.17
LogInit: Net CL: 3573198
LogDevObjectVersion: Number of dev versions registered: 16
LogDevObjectVersion:   Dev-Blueprints (B0D832E4-1F89-4F0D-ACCF-7EB736FD4AA2): 10
LogDevObjectVersion:   Dev-Build (E1C64328-A22C-4D53-A36C-8E866417BD8C): 0
LogDevObjectVersion:   Dev-Core (375EC13C-06E4-48FB-B500-84F0262A717E): 2
LogDevObjectVersion:   Dev-Editor (E4B068ED-F494-42E9-A231-DA0B2E46BB41): 20
LogDevObjectVersion:   Dev-Framework (CFFC743F-43B0-4480-9391-14DF171D2073): 28
LogDevObjectVersion:   Dev-Mobile (B02B49B5-BB20-44E9-A304-32B752E40360): 0
LogDevObjectVersion:   Dev-Networking (A4E4105C-59A1-49B5-A7C5-40C4547EDFEE): 0
LogDevObjectVersion:   Dev-Online (39C831C9-5AE6-47DC-9A44-9C173E1C8E7C): 0
LogDevObjectVersion:   Dev-Physics (78F01B33-EBEA-4F98-B9B4-84EACCB95AA2): 0
LogDevObjectVersion:   Dev-Platform (6631380F-2D4D-43E0-8009-CF276956A95A): 0
LogDevObjectVersion:   Dev-Rendering (12F88B9F-8875-4AFC-A67C-D90C383ABD29): 19
LogDevObjectVersion:   Dev-Sequencer (7B5AE74C-D270-4C10-A958-57980B212A5A): 4
LogDevObjectVersion:   Dev-VR (D7296918-1DD6-4BDD-9DE2-64A83CC13884): 0
LogDevObjectVersion:   Dev-LoadTimes (C2A15278-BFE7-4AFE-6C17-90FF531DF755): 1
LogDevObjectVersion:   Private-Geometry (6EACA3D4-40EC-4CC1-B786-8BED09428FC5): 1
LogDevObjectVersion:   Dev-AnimPhys (29E575DD-E0A3-4627-9D10-D276232CDCEA): 7
LogInit: Compiled (64-bit): Sep 22 2017 13:47:16
LogInit: Compiled with Visual C++: 19.00.24215.01
LogInit: Build Configuration: Development
LogInit: Branch Name: ++UE4+Release-4.17
LogInit: Command line: -EpicPortal 
LogInit: Base directory: D:/nosave/Guillaume/Games/Epic Games/UE_4.17/Engine/Binaries/Win64/
LogInit: Installed Engine Build: 1
LogInit: Presizing for max 8388607 objects, including 0 objects not considered by GC, pre-allocating 0 bytes for permanent pool.
LogInit: Object subsystem initialized
[2017.10.06-07.13.22:069][  0]LogInit: Selected Device Profile: [Windows]
[2017.10.06-07.13.22:069][  0]LogInit: Applying CVar settings loaded from the selected device profile: [Windows]
[2017.10.06-07.13.22:088][  0]LogInit: Computer: LENOV146DSY
[2017.10.06-07.13.22:088][  0]LogInit: User: GMR2
[2017.10.06-07.13.22:088][  0]LogInit: CPU Page size=4096, Cores=4
[2017.10.06-07.13.22:088][  0]LogInit: High frequency timer resolution =3.507216 MHz
[2017.10.06-07.13.22:088][  0]LogMemory: Memory total: Physical=32.0GB (32GB approx)
[2017.10.06-07.13.22:088][  0]LogMemory: Platform Memory Stats for Windows
[2017.10.06-07.13.22:088][  0]LogMemory: Process Physical Memory: 279.86 MB used, 279.86 MB peak
[2017.10.06-07.13.22:088][  0]LogMemory: Process Virtual Memory: 277.42 MB used, 277.42 MB peak
[2017.10.06-07.13.22:088][  0]LogMemory: Physical Memory: 8140.78 MB used,  24578.39 MB free, 32719.17 MB total
[2017.10.06-07.13.22:088][  0]LogMemory: Virtual Memory: 656.20 MB used,  24578.39 MB free, 8388608.00 MB total
[2017.10.06-07.13.22:240][  0]LogInit: Using OS detected language (en-US).
[2017.10.06-07.13.22:240][  0]LogInit: Using OS detected locale (en-US).
[2017.10.06-07.13.22:246][  0]LogTextLocalizationManager: No specific localization for 'en-US' exists, so the 'en' localization will be used.
[2017.10.06-07.13.23:222][  0]LogD3D11RHI: D3D11 adapters:
[2017.10.06-07.13.23:239][  0]LogD3D11RHI:    0. 'NVIDIA Quadro M6000' (Feature Level 11_0)
[2017.10.06-07.13.23:239][  0]LogD3D11RHI:       12176/0/16103 MB DedicatedVideo/DedicatedSystem/SharedSystem, Outputs:2, VendorId:0x10de
[2017.10.06-07.13.23:239][  0]LogD3D11RHI: Chosen D3D11 Adapter: 0
[2017.10.06-07.13.23:245][  0]LogD3D11RHI: Creating new Direct3DDevice
[2017.10.06-07.13.23:245][  0]LogD3D11RHI:     GPU DeviceId: 0x17f0 (for the marketing name, search the web for "GPU Device Id")
[2017.10.06-07.13.23:245][  0]LogWindows: EnumDisplayDevices:
[2017.10.06-07.13.23:245][  0]LogWindows:    0. 'NVIDIA Quadro M6000' (P:1 D:1)
[2017.10.06-07.13.23:245][  0]LogWindows:    1. 'NVIDIA Quadro M6000' (P:0 D:1)
[2017.10.06-07.13.23:246][  0]LogWindows:    2. 'NVIDIA Quadro M6000' (P:0 D:0)
[2017.10.06-07.13.23:246][  0]LogWindows:    3. 'NVIDIA Quadro M6000' (P:0 D:0)
[2017.10.06-07.13.23:246][  0]LogWindows:    4. 'RDPDD Chained DD' (P:0 D:0)
[2017.10.06-07.13.23:246][  0]LogWindows:    5. 'RDP Encoder Mirror Driver' (P:0 D:0)
[2017.10.06-07.13.23:246][  0]LogWindows:    6. 'RDP Reflector Display Driver' (P:0 D:0)
[2017.10.06-07.13.23:246][  0]LogWindows: DebugString: GetVideoDriverDetailsInvalid PrimaryIsNotTheChoosenAdapter GetVideoDriverDetailsInvalid PrimaryIsNotTheChoosenAdapter GetVideoDriverDetailsInvalid PrimaryIsNotTheChoosenAdapter FoundDriverCount:4 
[2017.10.06-07.13.23:246][  0]LogD3D11RHI:     Adapter Name: NVIDIA Quadro M6000
[2017.10.06-07.13.23:246][  0]LogD3D11RHI:   Driver Version: 381.65 (internal:22.21.13.8165, unified:381.65)
[2017.10.06-07.13.23:246][  0]LogD3D11RHI:      Driver Date: 3-31-2017
[2017.10.06-07.13.23:246][  0]LogRHI: Texture pool is 1361 MB (70% of 1945 MB)
[2017.10.06-07.13.23:259][  0]LogD3D11RHI: Async texture creation enabled
[2017.10.06-07.13.23:274][  0]LogD3D11RHI: GPU Timing Frequency: 1000.000000 (Debug: 2 2)
[2017.10.06-07.13.23:357][  0]LogShaderCompilers: Guid format shader working directory is -13 characters bigger than the processId version (C:/Users/gmr2/Documents/Unreal Projects/Haunted/MyProject/Intermediate/Shaders/WorkingDirectory/32224/).
[2017.10.06-07.13.23:358][  0]LogShaderCompilers: Cleaned the shader compiler working directory 'C:/Users/gmr2/AppData/Local/Temp/UnrealShaderWorkingDir/A80F88BF4F5BCF609030E988E36353DD/'.
[2017.10.06-07.13.23:358][  0]LogShaderCompilers: Display: Using Local Shader Compiler.
[2017.10.06-07.13.24:320][  0]LogTemp: Display: Loaded TP AllDesktopTargetPlatform
[2017.10.06-07.13.24:384][  0]LogTemp: Display: Loaded TP MacClientTargetPlatform
[2017.10.06-07.13.24:449][  0]LogTemp: Display: Loaded TP MacNoEditorTargetPlatform
[2017.10.06-07.13.24:514][  0]LogTemp: Display: Loaded TP MacServerTargetPlatform
[2017.10.06-07.13.24:580][  0]LogTemp: Display: Loaded TP MacTargetPlatform
[2017.10.06-07.13.24:645][  0]LogTemp: Display: Loaded TP WindowsClientTargetPlatform
[2017.10.06-07.13.24:711][  0]LogTemp: Display: Loaded TP WindowsNoEditorTargetPlatform
[2017.10.06-07.13.24:776][  0]LogTemp: Display: Loaded TP WindowsServerTargetPlatform
[2017.10.06-07.13.24:833][  0]LogTemp: Display: Loaded TP WindowsTargetPlatform
[2017.10.06-07.13.24:898][  0]LogTemp: Display: Loaded TP AndroidTargetPlatform
[2017.10.06-07.13.24:962][  0]LogTemp: Display: Loaded TP Android_ASTCTargetPlatform
[2017.10.06-07.13.25:027][  0]LogTemp: Display: Loaded TP Android_ATCTargetPlatform
[2017.10.06-07.13.25:093][  0]LogTemp: Display: Loaded TP Android_DXTTargetPlatform
[2017.10.06-07.13.25:157][  0]LogTemp: Display: Loaded TP Android_ETC1TargetPlatform
[2017.10.06-07.13.25:220][  0]LogTemp: Display: Loaded TP Android_ETC2TargetPlatform
[2017.10.06-07.13.25:347][  0]LogTemp: Display: Loaded TP Android_MultiTargetPlatform
[2017.10.06-07.13.25:347][  0]LogTemp: Display: Loaded TP Android_PVRTCTargetPlatform
[2017.10.06-07.13.25:400][  0]LogTemp: Display: Loaded TP HTML5TargetPlatform
[2017.10.06-07.13.25:501][  0]LogTemp: Display: Loaded TP IOSTargetPlatform
[2017.10.06-07.13.25:527][  0]LogTemp: Display: Loaded TP TVOSTargetPlatform
[2017.10.06-07.13.25:594][  0]LogTemp: Display: Loaded TP LinuxClientTargetPlatform
[2017.10.06-07.13.25:658][  0]LogTemp: Display: Loaded TP LinuxNoEditorTargetPlatform
[2017.10.06-07.13.25:722][  0]LogTemp: Display: Loaded TP LinuxServerTargetPlatform
[2017.10.06-07.13.25:786][  0]LogTemp: Display: Loaded TP LinuxTargetPlatform
[2017.10.06-07.13.25:786][  0]LogTargetPlatformManager: Display: Building Assets For Windows
[2017.10.06-07.13.26:249][  0]LogDerivedDataCache: Display: Max Cache Size: 512 MB
[2017.10.06-07.13.26:346][  0]LogDerivedDataCache: Loaded boot cache 0.10s 93MB C:/Users/gmr2/AppData/Local/UnrealEngine/4.17/DerivedDataCache/Boot.ddc.
[2017.10.06-07.13.26:346][  0]LogDerivedDataCache: Display: Loaded Boot cache: C:/Users/gmr2/AppData/Local/UnrealEngine/4.17/DerivedDataCache/Boot.ddc
[2017.10.06-07.13.26:346][  0]LogDerivedDataCache: FDerivedDataBackendGraph:  Pak pak cache file C:/Users/gmr2/Documents/Unreal Projects/Haunted/MyProject/DerivedDataCache/DDC.ddp not found, will not use a pak cache.
[2017.10.06-07.13.26:346][  0]LogDerivedDataCache: Unable to find inner node Pak for hierarchical cache Hierarchy.
[2017.10.06-07.13.26:346][  0]LogDerivedDataCache: FDerivedDataBackendGraph:  CompressedPak pak cache file C:/Users/gmr2/Documents/Unreal Projects/Haunted/MyProject/DerivedDataCache/Compressed.ddp not found, will not use a pak cache.
[2017.10.06-07.13.26:346][  0]LogDerivedDataCache: Unable to find inner node CompressedPak for hierarchical cache Hierarchy.
[2017.10.06-07.13.26:365][  0]LogDerivedDataCache: Display: Pak cache opened for reading ../../../Engine/DerivedDataCache/Compressed.ddp.
[2017.10.06-07.13.26:377][  0]LogDerivedDataCache: Using Local data cache path C:/Users/gmr2/AppData/Local/UnrealEngine/Common/DerivedDataCache: Writable
[2017.10.06-07.13.26:388][  0]LogMaterial: Verifying Global Shaders for PCD3D_SM5
[2017.10.06-07.13.26:388][  0]LogSlate: Using Freetype 2.6.0
[2017.10.06-07.13.26:390][  0]LogSlate: SlateFontCache - WITH_FREETYPE: 1, WITH_HARFBUZZ: 1
[2017.10.06-07.13.26:390][  0]LogSlate: SlateFontCache - WITH_FREETYPE: 1, WITH_HARFBUZZ: 1
[2017.10.06-07.13.26:721][  0]LogAssetRegistry: FAssetRegistry took 0.0252 seconds to start up
[2017.10.06-07.13.26:910][  0]LogInit: Selected Device Profile: [Windows]
[2017.10.06-07.13.26:914][  0]LogContentStreaming: Texture pool size is 0.00 MB
[2017.10.06-07.13.27:361][  0]LogSimplygon: Simplygon DLL not present - disabling.
[2017.10.06-07.13.27:414][  0]LogMeshReduction: Using SimplygonSwarm for distributed automatic mesh merging
[2017.10.06-07.13.27:414][  0]LogMeshReduction: Using QuadricMeshReduction for automatic static mesh reduction
[2017.10.06-07.13.27:414][  0]LogMeshReduction: No automatic skeletal mesh reduction module available
[2017.10.06-07.13.27:414][  0]LogMeshReduction: No automatic mesh merging module available
[2017.10.06-07.13.27:414][  0]LogMeshMerging: No automatic mesh merging module available
[2017.10.06-07.13.27:773][  0]LogNetVersion: MyProject , NetCL: 3573198, EngineNetVer: 2, GameNetVer: 0 (Checksum: 3113362612)
[2017.10.06-07.13.28:018][  0]LogPackageLocalizationCache: Processed 5 localized package path(s) for 2 prioritized culture(s) in 0.068902 seconds
[2017.10.06-07.13.28:023][  0]LogUObjectArray: 35825 objects as part of root set at end of initial load.
[2017.10.06-07.13.28:024][  0]LogUObjectAllocator: 7529112 out of 0 bytes used by permanent object pool.
[2017.10.06-07.13.28:024][  0]LogUObjectArray: CloseDisregardForGC: 0/0 objects in disregard for GC pool
[2017.10.06-07.13.28:068][  0]LogInit: WinSock: version 1.1 (2.2), MaxSocks=32767, MaxUdp=65467
[2017.10.06-07.13.31:099][  0]LogTcpMessaging: Initializing TcpMessaging bridge
[2017.10.06-07.13.31:133][  0]LogUdpMessaging: Initializing bridge on interface 0.0.0.0:0 to multicast group 230.0.0.1:6666.
[2017.10.06-07.13.31:905][  0]LogMaterial: Uniform references updated for custom material expression Custom.
[2017.10.06-07.13.32:417][  0]SourceControl: Source control is disabled
[2017.10.06-07.13.32:417][  0]SourceControl: Source control is disabled
[2017.10.06-07.13.32:477][  0]SourceControl: Source control is disabled
[2017.10.06-07.13.32:538][  0]SourceControl: Source control is disabled
[2017.10.06-07.13.33:232][  0]LogAndroidPermission: UAndroidPermissionCallbackProxy::GetInstance
[2017.10.06-07.13.33:538][  0]LogOcInput: OculusInput pre-init called
[2017.10.06-07.13.33:846][  0]LogEngine: Initializing Engine...
[2017.10.06-07.13.33:891][  0]LogHMD: Failed to initialize OpenVR with code 126
[2017.10.06-07.13.34:130][  0]LogStats: UGameplayTagsManager::ConstructGameplayTagTree: Construct from data asset -  0.000 s
[2017.10.06-07.13.34:130][  0]LogStats: UGameplayTagsManager::ConstructGameplayTagTree: GameplayTagTreeChangedEvent.Broadcast -  0.000 s
[2017.10.06-07.13.34:307][  0]LogAIModule: Creating AISystem for world Untitled
[2017.10.06-07.13.34:320][  0]LogInit: XAudio2 using 'Speakers (High Definition Audio Device)' : 2 channels at 44.1 kHz using 16 bits per sample (channel mask 0x3)
[2017.10.06-07.13.34:337][  0]LogInit: FAudioDevice initialized.
[2017.10.06-07.13.35:126][  0]LogDerivedDataCache: Saved boot cache 0.79s 93MB C:/Users/gmr2/AppData/Local/UnrealEngine/4.17/DerivedDataCache/Boot.ddc.
[2017.10.06-07.13.35:142][  0]LogInit: Texture streaming: Enabled
[2017.10.06-07.13.35:235][  0]LogEngineSessionManager: EngineSessionManager initialized
[2017.10.06-07.13.35:522][  0]LogInit: Transaction tracking system initialized
[2017.10.06-07.13.35:922][  0]BlueprintLog: New page: Editor Load
[2017.10.06-07.13.36:987][  0]LocalizationService: Localization service is disabled
[2017.10.06-07.13.37:832][  0]LogConsoleResponse: Display: 
[2017.10.06-07.13.38:021][  0]LogCook: Display: Max memory allowance for cook 16384mb min free memory 0mb
[2017.10.06-07.13.38:021][  0]LogCook: Display: Mobile HDR setting 1
[2017.10.06-07.13.38:021][  0]LogGameplayTags: Display: UGameplayTagsManager::DoneAddingNativeTags. DelegateIsBound: 0
[2017.10.06-07.13.39:459][  0]LogFileCache: Scanning file cache for directory 'C:/Users/gmr2/Documents/Unreal Projects/Haunted/MyProject/Content/' took 0.01s
[2017.10.06-07.13.39:570][  0]SourceControl: Source control is disabled
[2017.10.06-07.13.39:570][  0]Cmd: MAP LOAD FILE="C:/Users/gmr2/Documents/Unreal Projects/Haunted/MyProject/Content/TwinStickBP/Maps/TwinStickExampleMap.umap" TEMPLATE=0 SHOWPROGRESS=1 FEATURELEVEL=3
[2017.10.06-07.13.39:636][  0]LightingResults: New page: Lighting Build
[2017.10.06-07.13.39:712][  0]MapCheck: New page: Map Check
[2017.10.06-07.13.39:712][  0]LightingResults: New page: Lighting Build
[2017.10.06-07.13.41:343][  0]LogAIModule: Creating AISystem for world TwinStickExampleMap
[2017.10.06-07.13.41:362][  0]LogEditorServer: Finished looking for orphan Actors (0.000 secs)
[2017.10.06-07.13.41:422][  0]Cmd: MAP CHECKDEP NOCLEARLOG
[2017.10.06-07.13.41:605][  0]MapCheck: Map check complete: 0 Error(s), 0 Warning(s), took 182.817ms to complete.
[2017.10.06-07.13.41:606][  0]LogFileHelpers: Loading map 'TwinStickExampleMap' took 2.036
[2017.10.06-07.13.41:847][  0]LogCollectionManager: Loaded 0 collections in 0.002417 seconds
[2017.10.06-07.13.41:971][  0]LogFileCache: Scanning file cache for directory 'C:/Users/gmr2/Documents/Unreal Projects/Haunted/MyProject/Saved/Collections/' took 0.01s
[2017.10.06-07.13.41:971][  0]LogFileCache: Scanning file cache for directory 'C:/Users/gmr2/Documents/Unreal Projects/Haunted/MyProject/Content/Developers/GMR2/Collections/' took 0.01s
[2017.10.06-07.13.41:971][  0]LogFileCache: Scanning file cache for directory 'C:/Users/gmr2/Documents/Unreal Projects/Haunted/MyProject/Content/Collections/' took 0.01s
[2017.10.06-07.13.41:971][  0]LogCollectionManager: Rebuilt the GUID cache for 0 collections in 0.000001 seconds
[2017.10.06-07.13.41:981][  0]LogContentBrowser: Native class hierarchy populated in 0.0096 seconds. Added 2386 classes and 500 folders.
[2017.10.06-07.13.42:088][  0]LogContentBrowser: Native class hierarchy updated for 'WidgetCarousel' in 0.0010 seconds. Added 0 classes and 0 folders.
[2017.10.06-07.13.43:052][  0]LogContentBrowser: Native class hierarchy updated for 'AddContentDialog' in 0.0007 seconds. Added 0 classes and 0 folders.
[2017.10.06-07.13.43:119][  0]LogContentBrowser: Native class hierarchy updated for 'SceneOutliner' in 0.0007 seconds. Added 1 classes and 2 folders.
[2017.10.06-07.13.43:329][  0]LogContentBrowser: Native class hierarchy updated for 'HierarchicalLODOutliner' in 0.0007 seconds. Added 1 classes and 2 folders.
[2017.10.06-07.13.43:329][  0]LogLoad: (Engine Initialization) Total time: 23.30 seconds
[2017.10.06-07.13.43:329][  0]LogLoad: (Engine Initialization) Total Blueprint compile time: 0.00 seconds
[2017.10.06-07.13.43:329][  0]LogExternalProfiler: Found external profiler: VSPerf
[2017.10.06-07.13.43:330][  0]LogExternalProfiler: Using external profiler: VSPerf
[2017.10.06-07.13.43:397][  0]LogContentStreaming: Texture pool size now 1000 MB
[2017.10.06-07.13.43:399][  0]LogSlate: Took 0.000603 seconds to synchronously load lazily loaded font '../../../Engine/Content/Slate/Fonts/Roboto-Regular.ttf' (155K)
[2017.10.06-07.13.43:402][  0]LogSlate: Took 0.000564 seconds to synchronously load lazily loaded font '../../../Engine/Content/Slate/Fonts/Roboto-Bold.ttf' (160K)
[2017.10.06-07.13.43:421][  0]LogSlate: Took 0.012417 seconds to synchronously load lazily loaded font '../../../Engine/Content/Editor/Slate/Fonts/FontAwesome.ttf' (139K)
[2017.10.06-07.13.43:588][  0]LogSlate: Took 0.006722 seconds to synchronously load lazily loaded font '../../../Engine/Content/Slate/Fonts/Roboto-Light.ttf' (159K)
[2017.10.06-07.13.43:651][  1]LogRenderer: Reallocating scene render targets to support 728x360 Format 10 NumSamples 1 (Frame:1).
[2017.10.06-07.13.43:915][  1]LogAssetRegistry: Asset discovery search completed in 17.2138 seconds
[2017.10.06-07.13.43:917][  1]LogCollectionManager: Rebuilt the object cache for 0 collections in 0.000001 seconds (found 0 objects)
[2017.10.06-07.13.43:917][  1]LogCollectionManager: Fixed up redirectors for 0 collections in 0.000059 seconds (updated 0 objects)
[2017.10.06-08.23.18:134][687]LogRenderer: Reallocating scene render targets to support 1096x600 Format 10 NumSamples 1 (Frame:172).
[2017.10.06-08.23.19:632][803]LogSlate: Took 0.000400 seconds to synchronously load lazily loaded font '../../../Engine/Content/Slate/Fonts/Roboto-Light.ttf' (159K)
[2017.10.06-08.23.21:270][803]LogContentBrowser: Native class hierarchy updated for 'BlueprintGraph' in 0.0012 seconds. Added 113 classes and 0 folders.
[2017.10.06-08.23.22:152][803]LogSlate: Took 0.000318 seconds to synchronously load lazily loaded font '../../../Engine/Content/Slate/Fonts/Roboto-Regular.ttf' (155K)
[2017.10.06-08.23.22:262][803]LogSlate: Took 0.018281 seconds to synchronously load lazily loaded font '../../../Engine/Content/Editor/Slate/Fonts/Roboto-BoldCondensed.ttf' (158K)
[2017.10.06-08.23.22:635][804]LogSlate: Took 0.017374 seconds to synchronously load lazily loaded font '../../../Engine/Content/Editor/Slate/Fonts/Roboto-Italic.ttf' (157K)
[2017.10.06-08.25.04:774][242]BlueprintLog: New page: Compile TwinStickPawn
[2017.10.06-08.25.05:787][290]Cmd: OBJ SAVEPACKAGE PACKAGE="/Game/TwinStickBP/Blueprints/TwinStickPawn" FILE="C:/Users/gmr2/Documents/Unreal Projects/Haunted/MyProject/Content/TwinStickBP/Blueprints/TwinStickPawn.uasset" SILENT=true
[2017.10.06-08.25.05:936][290]LogSavePackage: Save=139.26ms
[2017.10.06-08.25.05:936][290]LogSavePackage: Moving 'C:/Users/gmr2/Documents/Unreal Projects/Haunted/MyProject/Saved/TwinStickPawn27A089DD401EC104B8A43198C391FC3D.tmp' to 'C:/Users/gmr2/Documents/Unreal Projects/Haunted/MyProject/Content/TwinStickBP/Blueprints/TwinStickPawn.uasset'
[2017.10.06-08.25.06:142][290]LogSavePackage: Display: Finished SavePackage C:/Users/gmr2/Documents/Unreal Projects/Haunted/MyProject/Content/TwinStickBP/Blueprints/TwinStickPawn.uasset
[2017.10.06-08.25.10:187][676]LogTemp: Repeating last play command: Selected Viewport
[2017.10.06-08.25.10:247][676]LogBlueprintUserMessages: Early PlayInEditor Detection: Level '/Game/TwinStickBP/Maps/TwinStickExampleMap.TwinStickExampleMap:PersistentLevel' has LevelScriptBlueprint '/Game/TwinStickBP/Maps/TwinStickExampleMap.TwinStickExampleMap:PersistentLevel.TwinStickExampleMap' with GeneratedClass '/Game/TwinStickBP/Maps/TwinStickExampleMap.TwinStickExampleMap_C' with ClassGeneratedBy '/Game/TwinStickBP/Maps/TwinStickExampleMap.TwinStickExampleMap:PersistentLevel.TwinStickExampleMap'
[2017.10.06-08.25.10:247][676]LogPlayLevel: PlayLevel: No blueprints needed recompiling
[2017.10.06-08.25.10:248][676]PIE: New page: PIE session: TwinStickExampleMap (Oct 6, 2017, 12:25:10 PM)
[2017.10.06-08.25.10:248][676]LogPlayLevel: Creating play world package: /Game/TwinStickBP/Maps/UEDPIE_0_TwinStickExampleMap
[2017.10.06-08.25.10:255][676]LogPlayLevel: PIE: StaticDuplicateObject took: (0.006791s)
[2017.10.06-08.25.10:256][676]LogAIModule: Creating AISystem for world TwinStickExampleMap
[2017.10.06-08.25.10:256][676]LogPlayLevel: PIE: World Init took: (0.001145s)
[2017.10.06-08.25.10:256][676]LogPlayLevel: PIE: Created PIE world by copying editor world from /Game/TwinStickBP/Maps/TwinStickExampleMap.TwinStickExampleMap to /Game/TwinStickBP/Maps/UEDPIE_0_TwinStickExampleMap.TwinStickExampleMap (0.008215s)
[2017.10.06-08.25.10:279][676]LogInit: XAudio2 using 'Speakers (High Definition Audio Device)' : 2 channels at 44.1 kHz using 16 bits per sample (channel mask 0x3)
[2017.10.06-08.25.10:287][676]LogInit: FAudioDevice initialized.
[2017.10.06-08.25.10:349][676]LogLoad: Game class is 'TwinStickGameMode_C'
[2017.10.06-08.25.10:352][676]LogWorld: Bringing World /Game/TwinStickBP/Maps/UEDPIE_0_TwinStickExampleMap.TwinStickExampleMap up for play (max tick rate 0) at 2017.10.06-10.25.10
[2017.10.06-08.25.10:352][676]LogWorld: Bringing up level for play took: 0.002153
[2017.10.06-08.25.10:404][676]LogContentBrowser: Native class hierarchy updated for 'MovieSceneCapture' in 0.0008 seconds. Added 11 classes and 0 folders.
[2017.10.06-08.25.10:406][676]PIE: Play in editor start time for /Game/TwinStickBP/Maps/UEDPIE_0_TwinStickExampleMap -0.553
[2017.10.06-08.25.10:406][676]LogBlueprintUserMessages: Late PlayInEditor Detection: Level '/Game/TwinStickBP/Maps/TwinStickExampleMap.TwinStickExampleMap:PersistentLevel' has LevelScriptBlueprint '/Game/TwinStickBP/Maps/TwinStickExampleMap.TwinStickExampleMap:PersistentLevel.TwinStickExampleMap' with GeneratedClass '/Game/TwinStickBP/Maps/TwinStickExampleMap.TwinStickExampleMap_C' with ClassGeneratedBy '/Game/TwinStickBP/Maps/TwinStickExampleMap.TwinStickExampleMap:PersistentLevel.TwinStickExampleMap'
[2017.10.06-08.25.10:443][676]LogRenderer: Reallocating scene render targets to support 1292x756 Format 10 NumSamples 1 (Frame:1).
[2017.10.06-08.25.42:781][550]LogBlueprintUserMessages: Early EndPlayMap Detection: Level '/Game/TwinStickBP/Maps/TwinStickExampleMap.TwinStickExampleMap:PersistentLevel' has LevelScriptBlueprint '/Game/TwinStickBP/Maps/TwinStickExampleMap.TwinStickExampleMap:PersistentLevel.TwinStickExampleMap' with GeneratedClass '/Game/TwinStickBP/Maps/TwinStickExampleMap.TwinStickExampleMap_C' with ClassGeneratedBy '/Game/TwinStickBP/Maps/TwinStickExampleMap.TwinStickExampleMap:PersistentLevel.TwinStickExampleMap'
[2017.10.06-08.25.42:827][550]LogBlueprintUserMessages: Late EndPlayMap Detection: Level '/Game/TwinStickBP/Maps/TwinStickExampleMap.TwinStickExampleMap:PersistentLevel' has LevelScriptBlueprint '/Game/TwinStickBP/Maps/TwinStickExampleMap.TwinStickExampleMap:PersistentLevel.TwinStickExampleMap' with GeneratedClass '/Game/TwinStickBP/Maps/TwinStickExampleMap.TwinStickExampleMap_C' with ClassGeneratedBy '/Game/TwinStickBP/Maps/TwinStickExampleMap.TwinStickExampleMap:PersistentLevel.TwinStickExampleMap'
[2017.10.06-08.25.47:502][ 59]Cmd: OBJ SAVEPACKAGE PACKAGE="/Game/TwinStickBP/Blueprints/TwinStickPawn" FILE="C:/Users/gmr2/Documents/Unreal Projects/Haunted/MyProject/Content/TwinStickBP/Blueprints/TwinStickPawn.uasset" SILENT=true
[2017.10.06-08.25.47:643][ 59]LogSavePackage: Save=136.29ms
[2017.10.06-08.25.47:643][ 59]LogSavePackage: Moving 'C:/Users/gmr2/Documents/Unreal Projects/Haunted/MyProject/Saved/TwinStickPawnE7C9D1344718ED9462287398DB1CBD8A.tmp' to 'C:/Users/gmr2/Documents/Unreal Projects/Haunted/MyProject/Content/TwinStickBP/Blueprints/TwinStickPawn.uasset'
[2017.10.06-08.25.47:647][ 59]LogSavePackage: Display: Finished SavePackage C:/Users/gmr2/Documents/Unreal Projects/Haunted/MyProject/Content/TwinStickBP/Blueprints/TwinStickPawn.uasset
[2017.10.06-08.26.19:744][411]Cmd: OBJ SAVEPACKAGE PACKAGE="/Game/TwinStickBP/Blueprints/TwinStickPawn" FILE="C:/Users/gmr2/Documents/Unreal Projects/Haunted/MyProject/Content/TwinStickBP/Blueprints/TwinStickPawn.uasset" SILENT=true
[2017.10.06-08.26.19:889][411]LogSavePackage: Save=137.72ms
[2017.10.06-08.26.19:889][411]LogSavePackage: Moving 'C:/Users/gmr2/Documents/Unreal Projects/Haunted/MyProject/Saved/TwinStickPawn9AACAF144B62FEDB05CE4AABF6ACB97A.tmp' to 'C:/Users/gmr2/Documents/Unreal Projects/Haunted/MyProject/Content/TwinStickBP/Blueprints/TwinStickPawn.uasset'
[2017.10.06-08.26.19:895][411]LogSavePackage: Display: Finished SavePackage C:/Users/gmr2/Documents/Unreal Projects/Haunted/MyProject/Content/TwinStickBP/Blueprints/TwinStickPawn.uasset
[2017.10.06-08.26.21:769][595]BlueprintLog: New page: Compile TwinStickPawn
[2017.10.06-08.26.34:801][820]Cmd: OBJ SAVEPACKAGE PACKAGE="/Game/TwinStickBP/Blueprints/TwinStickPawn" FILE="C:/Users/gmr2/Documents/Unreal Projects/Haunted/MyProject/Content/TwinStickBP/Blueprints/TwinStickPawn.uasset" SILENT=true
[2017.10.06-08.26.34:943][820]LogSavePackage: Save=137.23ms
[2017.10.06-08.26.34:943][820]LogSavePackage: Moving 'C:/Users/gmr2/Documents/Unreal Projects/Haunted/MyProject/Saved/TwinStickPawn9A4E460848663CAD25D3D1A2B6E3EC34.tmp' to 'C:/Users/gmr2/Documents/Unreal Projects/Haunted/MyProject/Content/TwinStickBP/Blueprints/TwinStickPawn.uasset'
[2017.10.06-08.26.34:946][820]LogSavePackage: Display: Finished SavePackage C:/Users/gmr2/Documents/Unreal Projects/Haunted/MyProject/Content/TwinStickBP/Blueprints/TwinStickPawn.uasset
[2017.10.06-08.26.36:323][936]LogTemp: Repeating last play command: Selected Viewport
[2017.10.06-08.26.36:360][936]LogBlueprintUserMessages: Early PlayInEditor Detection: Level '/Game/TwinStickBP/Maps/TwinStickExampleMap.TwinStickExampleMap:PersistentLevel' has LevelScriptBlueprint '/Game/TwinStickBP/Maps/TwinStickExampleMap.TwinStickExampleMap:PersistentLevel.TwinStickExampleMap' with GeneratedClass '/Game/TwinStickBP/Maps/TwinStickExampleMap.TwinStickExampleMap_C' with ClassGeneratedBy '/Game/TwinStickBP/Maps/TwinStickExampleMap.TwinStickExampleMap:PersistentLevel.TwinStickExampleMap'
[2017.10.06-08.26.36:360][936]LogPlayLevel: PlayLevel: No blueprints needed recompiling
[2017.10.06-08.26.36:360][936]PIE: New page: PIE session: TwinStickExampleMap (Oct 6, 2017, 12:26:36 PM)
[2017.10.06-08.26.36:360][936]LogPlayLevel: Creating play world package: /Game/TwinStickBP/Maps/UEDPIE_0_TwinStickExampleMap
[2017.10.06-08.26.36:367][936]LogPlayLevel: PIE: StaticDuplicateObject took: (0.006480s)
[2017.10.06-08.26.36:367][936]LogAIModule: Creating AISystem for world TwinStickExampleMap
[2017.10.06-08.26.36:368][936]LogPlayLevel: PIE: World Init took: (0.000874s)
[2017.10.06-08.26.36:368][936]LogPlayLevel: PIE: Created PIE world by copying editor world from /Game/TwinStickBP/Maps/TwinStickExampleMap.TwinStickExampleMap to /Game/TwinStickBP/Maps/UEDPIE_0_TwinStickExampleMap.TwinStickExampleMap (0.007619s)
[2017.10.06-08.26.36:390][936]LogInit: XAudio2 using 'Speakers (High Definition Audio Device)' : 2 channels at 44.1 kHz using 16 bits per sample (channel mask 0x3)
[2017.10.06-08.26.36:396][936]LogInit: FAudioDevice initialized.
[2017.10.06-08.26.36:444][936]LogLoad: Game class is 'TwinStickGameMode_C'
[2017.10.06-08.26.36:446][936]LogWorld: Bringing World /Game/TwinStickBP/Maps/UEDPIE_0_TwinStickExampleMap.TwinStickExampleMap up for play (max tick rate 0) at 2017.10.06-10.26.36
[2017.10.06-08.26.36:446][936]LogWorld: Bringing up level for play took: 0.001970
[2017.10.06-08.26.36:448][936]PIE: Play in editor start time for /Game/TwinStickBP/Maps/UEDPIE_0_TwinStickExampleMap -0.515
[2017.10.06-08.26.36:449][936]LogBlueprintUserMessages: Late PlayInEditor Detection: Level '/Game/TwinStickBP/Maps/TwinStickExampleMap.TwinStickExampleMap:PersistentLevel' has LevelScriptBlueprint '/Game/TwinStickBP/Maps/TwinStickExampleMap.TwinStickExampleMap:PersistentLevel.TwinStickExampleMap' with GeneratedClass '/Game/TwinStickBP/Maps/TwinStickExampleMap.TwinStickExampleMap_C' with ClassGeneratedBy '/Game/TwinStickBP/Maps/TwinStickExampleMap.TwinStickExampleMap:PersistentLevel.TwinStickExampleMap'
[2017.10.06-08.27.13:418][379]LogBlueprintUserMessages: Early EndPlayMap Detection: Level '/Game/TwinStickBP/Maps/TwinStickExampleMap.TwinStickExampleMap:PersistentLevel' has LevelScriptBlueprint '/Game/TwinStickBP/Maps/TwinStickExampleMap.TwinStickExampleMap:PersistentLevel.TwinStickExampleMap' with GeneratedClass '/Game/TwinStickBP/Maps/TwinStickExampleMap.TwinStickExampleMap_C' with ClassGeneratedBy '/Game/TwinStickBP/Maps/TwinStickExampleMap.TwinStickExampleMap:PersistentLevel.TwinStickExampleMap'
[2017.10.06-08.27.13:486][379]LogBlueprintUserMessages: Late EndPlayMap Detection: Level '/Game/TwinStickBP/Maps/TwinStickExampleMap.TwinStickExampleMap:PersistentLevel' has LevelScriptBlueprint '/Game/TwinStickBP/Maps/TwinStickExampleMap.TwinStickExampleMap:PersistentLevel.TwinStickExampleMap' with GeneratedClass '/Game/TwinStickBP/Maps/TwinStickExampleMap.TwinStickExampleMap_C' with ClassGeneratedBy '/Game/TwinStickBP/Maps/TwinStickExampleMap.TwinStickExampleMap:PersistentLevel.TwinStickExampleMap'
[2017.10.06-08.27.22:902][261]BlueprintLog: New page: Compile TwinStickPawn
[2017.10.06-08.27.24:118][327]LogTemp: Repeating last play command: Selected Viewport
[2017.10.06-08.27.24:157][327]LogBlueprintUserMessages: Early PlayInEditor Detection: Level '/Game/TwinStickBP/Maps/TwinStickExampleMap.TwinStickExampleMap:PersistentLevel' has LevelScriptBlueprint '/Game/TwinStickBP/Maps/TwinStickExampleMap.TwinStickExampleMap:PersistentLevel.TwinStickExampleMap' with GeneratedClass '/Game/TwinStickBP/Maps/TwinStickExampleMap.TwinStickExampleMap_C' with ClassGeneratedBy '/Game/TwinStickBP/Maps/TwinStickExampleMap.TwinStickExampleMap:PersistentLevel.TwinStickExampleMap'
[2017.10.06-08.27.24:157][327]LogPlayLevel: PlayLevel: No blueprints needed recompiling
[2017.10.06-08.27.24:157][327]PIE: New page: PIE session: TwinStickExampleMap (Oct 6, 2017, 12:27:24 PM)
[2017.10.06-08.27.24:158][327]LogPlayLevel: Creating play world package: /Game/TwinStickBP/Maps/UEDPIE_0_TwinStickExampleMap
[2017.10.06-08.27.24:163][327]LogPlayLevel: PIE: StaticDuplicateObject took: (0.005510s)
[2017.10.06-08.27.24:164][327]LogAIModule: Creating AISystem for world TwinStickExampleMap
[2017.10.06-08.27.24:164][327]LogPlayLevel: PIE: World Init took: (0.000788s)
[2017.10.06-08.27.24:164][327]LogPlayLevel: PIE: Created PIE world by copying editor world from /Game/TwinStickBP/Maps/TwinStickExampleMap.TwinStickExampleMap to /Game/TwinStickBP/Maps/UEDPIE_0_TwinStickExampleMap.TwinStickExampleMap (0.006559s)
[2017.10.06-08.27.24:186][327]LogInit: XAudio2 using 'Speakers (High Definition Audio Device)' : 2 channels at 44.1 kHz using 16 bits per sample (channel mask 0x3)
[2017.10.06-08.27.24:191][327]LogInit: FAudioDevice initialized.
[2017.10.06-08.27.24:235][327]LogLoad: Game class is 'TwinStickGameMode_C'
[2017.10.06-08.27.24:237][327]LogWorld: Bringing World /Game/TwinStickBP/Maps/UEDPIE_0_TwinStickExampleMap.TwinStickExampleMap up for play (max tick rate 0) at 2017.10.06-10.27.24
[2017.10.06-08.27.24:238][327]LogWorld: Bringing up level for play took: 0.001990
[2017.10.06-08.27.24:240][327]PIE: Play in editor start time for /Game/TwinStickBP/Maps/UEDPIE_0_TwinStickExampleMap -0.726
[2017.10.06-08.27.24:240][327]LogBlueprintUserMessages: Late PlayInEditor Detection: Level '/Game/TwinStickBP/Maps/TwinStickExampleMap.TwinStickExampleMap:PersistentLevel' has LevelScriptBlueprint '/Game/TwinStickBP/Maps/TwinStickExampleMap.TwinStickExampleMap:PersistentLevel.TwinStickExampleMap' with GeneratedClass '/Game/TwinStickBP/Maps/TwinStickExampleMap.TwinStickExampleMap_C' with ClassGeneratedBy '/Game/TwinStickBP/Maps/TwinStickExampleMap.TwinStickExampleMap:PersistentLevel.TwinStickExampleMap'
[2017.10.06-08.27.47:408][100]LogBlueprintUserMessages: Early EndPlayMap Detection: Level '/Game/TwinStickBP/Maps/TwinStickExampleMap.TwinStickExampleMap:PersistentLevel' has LevelScriptBlueprint '/Game/TwinStickBP/Maps/TwinStickExampleMap.TwinStickExampleMap:PersistentLevel.TwinStickExampleMap' with GeneratedClass '/Game/TwinStickBP/Maps/TwinStickExampleMap.TwinStickExampleMap_C' with ClassGeneratedBy '/Game/TwinStickBP/Maps/TwinStickExampleMap.TwinStickExampleMap:PersistentLevel.TwinStickExampleMap'
[2017.10.06-08.27.47:458][100]LogBlueprintUserMessages: Late EndPlayMap Detection: Level '/Game/TwinStickBP/Maps/TwinStickExampleMap.TwinStickExampleMap:PersistentLevel' has LevelScriptBlueprint '/Game/TwinStickBP/Maps/TwinStickExampleMap.TwinStickExampleMap:PersistentLevel.TwinStickExampleMap' with GeneratedClass '/Game/TwinStickBP/Maps/TwinStickExampleMap.TwinStickExampleMap_C' with ClassGeneratedBy '/Game/TwinStickBP/Maps/TwinStickExampleMap.TwinStickExampleMap:PersistentLevel.TwinStickExampleMap'
[2017.10.06-08.27.52:733][713]LogTemp: Repeating last play command: Selected Viewport
[2017.10.06-08.27.52:749][713]LogBlueprintUserMessages: Early PlayInEditor Detection: Level '/Game/TwinStickBP/Maps/TwinStickExampleMap.TwinStickExampleMap:PersistentLevel' has LevelScriptBlueprint '/Game/TwinStickBP/Maps/TwinStickExampleMap.TwinStickExampleMap:PersistentLevel.TwinStickExampleMap' with GeneratedClass '/Game/TwinStickBP/Maps/TwinStickExampleMap.TwinStickExampleMap_C' with ClassGeneratedBy '/Game/TwinStickBP/Maps/TwinStickExampleMap.TwinStickExampleMap:PersistentLevel.TwinStickExampleMap'
[2017.10.06-08.27.52:750][713]LogPlayLevel: PlayLevel: No blueprints needed recompiling
[2017.10.06-08.27.52:750][713]PIE: New page: PIE session: TwinStickExampleMap (Oct 6, 2017, 12:27:52 PM)
[2017.10.06-08.27.52:750][713]LogPlayLevel: Creating play world package: /Game/TwinStickBP/Maps/UEDPIE_0_TwinStickExampleMap
[2017.10.06-08.27.52:756][713]LogPlayLevel: PIE: StaticDuplicateObject took: (0.006247s)
[2017.10.06-08.27.52:757][713]LogAIModule: Creating AISystem for world TwinStickExampleMap
[2017.10.06-08.27.52:757][713]LogPlayLevel: PIE: World Init took: (0.000863s)
[2017.10.06-08.27.52:757][713]LogPlayLevel: PIE: Created PIE world by copying editor world from /Game/TwinStickBP/Maps/TwinStickExampleMap.TwinStickExampleMap to /Game/TwinStickBP/Maps/UEDPIE_0_TwinStickExampleMap.TwinStickExampleMap (0.007376s)
[2017.10.06-08.27.52:779][713]LogInit: XAudio2 using 'Speakers (High Definition Audio Device)' : 2 channels at 44.1 kHz using 16 bits per sample (channel mask 0x3)
[2017.10.06-08.27.52:784][713]LogInit: FAudioDevice initialized.
[2017.10.06-08.27.52:834][713]LogLoad: Game class is 'TwinStickGameMode_C'
[2017.10.06-08.27.52:836][713]LogWorld: Bringing World /Game/TwinStickBP/Maps/UEDPIE_0_TwinStickExampleMap.TwinStickExampleMap up for play (max tick rate 0) at 2017.10.06-10.27.52
[2017.10.06-08.27.52:836][713]LogWorld: Bringing up level for play took: 0.001969
[2017.10.06-08.27.52:838][713]PIE: Play in editor start time for /Game/TwinStickBP/Maps/UEDPIE_0_TwinStickExampleMap -0.129
[2017.10.06-08.27.52:839][713]LogBlueprintUserMessages: Late PlayInEditor Detection: Level '/Game/TwinStickBP/Maps/TwinStickExampleMap.TwinStickExampleMap:PersistentLevel' has LevelScriptBlueprint '/Game/TwinStickBP/Maps/TwinStickExampleMap.TwinStickExampleMap:PersistentLevel.TwinStickExampleMap' with GeneratedClass '/Game/TwinStickBP/Maps/TwinStickExampleMap.TwinStickExampleMap_C' with ClassGeneratedBy '/Game/TwinStickBP/Maps/TwinStickExampleMap.TwinStickExampleMap:PersistentLevel.TwinStickExampleMap'
[2017.10.06-08.28.39:804][339]LogBlueprintUserMessages: Early EndPlayMap Detection: Level '/Game/TwinStickBP/Maps/TwinStickExampleMap.TwinStickExampleMap:PersistentLevel' has LevelScriptBlueprint '/Game/TwinStickBP/Maps/TwinStickExampleMap.TwinStickExampleMap:PersistentLevel.TwinStickExampleMap' with GeneratedClass '/Game/TwinStickBP/Maps/TwinStickExampleMap.TwinStickExampleMap_C' with ClassGeneratedBy '/Game/TwinStickBP/Maps/TwinStickExampleMap.TwinStickExampleMap:PersistentLevel.TwinStickExampleMap'
[2017.10.06-08.28.39:853][339]LogBlueprintUserMessages: Late EndPlayMap Detection: Level '/Game/TwinStickBP/Maps/TwinStickExampleMap.TwinStickExampleMap:PersistentLevel' has LevelScriptBlueprint '/Game/TwinStickBP/Maps/TwinStickExampleMap.TwinStickExampleMap:PersistentLevel.TwinStickExampleMap' with GeneratedClass '/Game/TwinStickBP/Maps/TwinStickExampleMap.TwinStickExampleMap_C' with ClassGeneratedBy '/Game/TwinStickBP/Maps/TwinStickExampleMap.TwinStickExampleMap:PersistentLevel.TwinStickExampleMap'
[2017.10.06-08.28.46:394][ 19]BlueprintLog: New page: Compile TwinStickPawn
[2017.10.06-08.28.47:545][ 85]LogTemp: Repeating last play command: Selected Viewport
[2017.10.06-08.28.47:568][ 85]LogBlueprintUserMessages: Early PlayInEditor Detection: Level '/Game/TwinStickBP/Maps/TwinStickExampleMap.TwinStickExampleMap:PersistentLevel' has LevelScriptBlueprint '/Game/TwinStickBP/Maps/TwinStickExampleMap.TwinStickExampleMap:PersistentLevel.TwinStickExampleMap' with GeneratedClass '/Game/TwinStickBP/Maps/TwinStickExampleMap.TwinStickExampleMap_C' with ClassGeneratedBy '/Game/TwinStickBP/Maps/TwinStickExampleMap.TwinStickExampleMap:PersistentLevel.TwinStickExampleMap'
[2017.10.06-08.28.47:568][ 85]LogPlayLevel: PlayLevel: No blueprints needed recompiling
[2017.10.06-08.28.47:568][ 85]PIE: New page: PIE session: TwinStickExampleMap (Oct 6, 2017, 12:28:47 PM)
[2017.10.06-08.28.47:568][ 85]LogPlayLevel: Creating play world package: /Game/TwinStickBP/Maps/UEDPIE_0_TwinStickExampleMap
[2017.10.06-08.28.47:574][ 85]LogPlayLevel: PIE: StaticDuplicateObject took: (0.006040s)
[2017.10.06-08.28.47:575][ 85]LogAIModule: Creating AISystem for world TwinStickExampleMap
[2017.10.06-08.28.47:575][ 85]LogPlayLevel: PIE: World Init took: (0.000916s)
[2017.10.06-08.28.47:575][ 85]LogPlayLevel: PIE: Created PIE world by copying editor world from /Game/TwinStickBP/Maps/TwinStickExampleMap.TwinStickExampleMap to /Game/TwinStickBP/Maps/UEDPIE_0_TwinStickExampleMap.TwinStickExampleMap (0.007234s)
[2017.10.06-08.28.47:598][ 85]LogInit: XAudio2 using 'Speakers (High Definition Audio Device)' : 2 channels at 44.1 kHz using 16 bits per sample (channel mask 0x3)
[2017.10.06-08.28.47:604][ 85]LogInit: FAudioDevice initialized.
[2017.10.06-08.28.47:655][ 85]LogLoad: Game class is 'TwinStickGameMode_C'
[2017.10.06-08.28.47:658][ 85]LogWorld: Bringing World /Game/TwinStickBP/Maps/UEDPIE_0_TwinStickExampleMap.TwinStickExampleMap up for play (max tick rate 0) at 2017.10.06-10.28.47
[2017.10.06-08.28.47:658][ 85]LogWorld: Bringing up level for play took: 0.002167
[2017.10.06-08.28.47:660][ 85]PIE: Play in editor start time for /Game/TwinStickBP/Maps/UEDPIE_0_TwinStickExampleMap 0.689
[2017.10.06-08.28.47:660][ 85]LogBlueprintUserMessages: Late PlayInEditor Detection: Level '/Game/TwinStickBP/Maps/TwinStickExampleMap.TwinStickExampleMap:PersistentLevel' has LevelScriptBlueprint '/Game/TwinStickBP/Maps/TwinStickExampleMap.TwinStickExampleMap:PersistentLevel.TwinStickExampleMap' with GeneratedClass '/Game/TwinStickBP/Maps/TwinStickExampleMap.TwinStickExampleMap_C' with ClassGeneratedBy '/Game/TwinStickBP/Maps/TwinStickExampleMap.TwinStickExampleMap:PersistentLevel.TwinStickExampleMap'
[2017.10.06-08.30.11:338][ 51]LogBlueprintUserMessages: Early EndPlayMap Detection: Level '/Game/TwinStickBP/Maps/TwinStickExampleMap.TwinStickExampleMap:PersistentLevel' has LevelScriptBlueprint '/Game/TwinStickBP/Maps/TwinStickExampleMap.TwinStickExampleMap:PersistentLevel.TwinStickExampleMap' with GeneratedClass '/Game/TwinStickBP/Maps/TwinStickExampleMap.TwinStickExampleMap_C' with ClassGeneratedBy '/Game/TwinStickBP/Maps/TwinStickExampleMap.TwinStickExampleMap:PersistentLevel.TwinStickExampleMap'
[2017.10.06-08.30.11:386][ 51]LogBlueprintUserMessages: Late EndPlayMap Detection: Level '/Game/TwinStickBP/Maps/TwinStickExampleMap.TwinStickExampleMap:PersistentLevel' has LevelScriptBlueprint '/Game/TwinStickBP/Maps/TwinStickExampleMap.TwinStickExampleMap:PersistentLevel.TwinStickExampleMap' with GeneratedClass '/Game/TwinStickBP/Maps/TwinStickExampleMap.TwinStickExampleMap_C' with ClassGeneratedBy '/Game/TwinStickBP/Maps/TwinStickExampleMap.TwinStickExampleMap:PersistentLevel.TwinStickExampleMap'
[2017.10.06-08.30.13:620][278]Cmd: OBJ SAVEPACKAGE PACKAGE="/Game/TwinStickBP/Blueprints/TwinStickPawn" FILE="C:/Users/gmr2/Documents/Unreal Projects/Haunted/MyProject/Content/TwinStickBP/Blueprints/TwinStickPawn.uasset" SILENT=true
[2017.10.06-08.30.13:811][278]LogSavePackage: Save=178.59ms
[2017.10.06-08.30.13:812][278]LogSavePackage: Moving 'C:/Users/gmr2/Documents/Unreal Projects/Haunted/MyProject/Saved/TwinStickPawnCCF6E6084A68F1463BC36F88F913C159.tmp' to 'C:/Users/gmr2/Documents/Unreal Projects/Haunted/MyProject/Content/TwinStickBP/Blueprints/TwinStickPawn.uasset'
[2017.10.06-08.30.13:816][278]LogSavePackage: Display: Finished SavePackage C:/Users/gmr2/Documents/Unreal Projects/Haunted/MyProject/Content/TwinStickBP/Blueprints/TwinStickPawn.uasset
[2017.10.06-08.30.15:565][471]LogEditorViewport: Clicking on Actor (LMB): StaticMeshActor (Floor)
[2017.10.06-08.30.42:293][754]LogSlate: Took 0.000339 seconds to synchronously load lazily loaded font '../../../Engine/Content/Slate/Fonts/Roboto-Light.ttf' (159K)
[2017.10.06-08.30.42:423][754]LogSavePackage: Save=61.11ms
[2017.10.06-08.30.42:423][754]LogSavePackage: Moving 'C:/Users/gmr2/Documents/Unreal Projects/Haunted/MyProject/Saved/TwinStickExampleMap_Auto1E80419B942E3E831C9BAA8BA1817EDD9.tmp' to 'C:/Users/gmr2/Documents/Unreal Projects/Haunted/MyProject/Saved/Autosaves/Game/TwinStickBP/Maps/TwinStickExampleMap_Auto1.umap'
[2017.10.06-08.30.42:426][754]LogSavePackage: Display: Finished SavePackage C:/Users/gmr2/Documents/Unreal Projects/Haunted/MyProject/Saved/Autosaves/Game/TwinStickBP/Maps/TwinStickExampleMap_Auto1.umap
[2017.10.06-08.30.42:428][754]LogFileHelpers: Editor autosave (incl. sublevels) for '/Game/TwinStickBP/Maps/TwinStickExampleMap' took 0.110
[2017.10.06-08.30.42:428][754]LogFileHelpers: Editor autosave (incl. sublevels) for all levels took 0.110
[2017.10.06-08.45.34:958][955]LogEditorViewport: Clicking on Actor (LMB): StaticMeshActor (Floor)
[2017.10.06-08.45.35:277][976]LogSavePackage: Save=66.10ms
[2017.10.06-08.45.35:277][976]LogSavePackage: Moving 'C:/Users/gmr2/Documents/Unreal Projects/Haunted/MyProject/Saved/TwinStickExampleMap4A6CF6434269BD3A8BE553B4EA250223.tmp' to 'C:/Users/gmr2/Documents/Unreal Projects/Haunted/MyProject/Content/TwinStickBP/Maps/TwinStickExampleMap.umap'
[2017.10.06-08.45.35:281][976]LogSavePackage: Display: Finished SavePackage C:/Users/gmr2/Documents/Unreal Projects/Haunted/MyProject/Content/TwinStickBP/Maps/TwinStickExampleMap.umap
[2017.10.06-08.45.35:453][976]LogSavePackage: Save=119.77ms
[2017.10.06-08.45.35:453][976]LogSavePackage: Moving 'C:/Users/gmr2/Documents/Unreal Projects/Haunted/MyProject/Saved/TwinStickExampleMap_BuiltData4D3F0D7B4D46A7620D522C8251A8AC8C.tmp' to 'C:/Users/gmr2/Documents/Unreal Projects/Haunted/MyProject/Content/TwinStickBP/Maps/TwinStickExampleMap_BuiltData.uasset'
[2017.10.06-08.45.35:455][976]LogSavePackage: Display: Finished SavePackage C:/Users/gmr2/Documents/Unreal Projects/Haunted/MyProject/Content/TwinStickBP/Maps/TwinStickExampleMap_BuiltData.uasset
[2017.10.06-08.49.07:065][633]Cmd: QUIT_EDITOR
[2017.10.06-08.49.07:090][633]LogExit: Preparing to exit.
[2017.10.06-08.49.07:970][633]LogExit: Editor shut down
[2017.10.06-08.49.07:979][633]LogExit: Transaction tracking system shut down
[2017.10.06-08.49.08:135][633]LogDirectoryWatcher: A directory notification for '../../../Engine/Content/' was aborted.
[2017.10.06-08.49.08:135][633]LogDirectoryWatcher: A directory notification for 'C:/Users/gmr2/Documents/Unreal Projects/Haunted/MyProject/Content/' was aborted.
[2017.10.06-08.49.08:135][633]LogDirectoryWatcher: A directory notification for '../../../Engine/Plugins/2D/Paper2D/Content/' was aborted.
[2017.10.06-08.49.08:135][633]LogDirectoryWatcher: A directory notification for '../../../Engine/Plugins/Runtime/Oculus/OculusVR/Content/' was aborted.
[2017.10.06-08.49.08:135][633]LogDirectoryWatcher: A directory notification for '../../../Engine/Plugins/Runtime/Steam/SteamVR/Content/' was aborted.
[2017.10.06-08.49.08:237][633]LogExit: Object subsystem successfully closed.
[2017.10.06-08.49.08:259][633]LogD3D11RHI: Shutdown
[2017.10.06-08.49.08:259][633]LogD3D11RHI: CleanupD3DDevice
[2017.10.06-08.49.08:335][633]LogD3D11RHI: ~FD3D11DynamicRHI
[2017.10.06-08.49.08:344][633]LogModuleManager: Shutting down and abandoning module MovieSceneCapture (536)
[2017.10.06-08.49.08:344][633]LogModuleManager: Shutting down and abandoning module BlueprintGraph (534)
[2017.10.06-08.49.08:344][633]LogModuleManager: Shutting down and abandoning module BlueprintProfiler (532)
[2017.10.06-08.49.08:344][633]LogModuleManager: Shutting down and abandoning module HierarchicalLODOutliner (530)
[2017.10.06-08.49.08:344][633]LogModuleManager: Shutting down and abandoning module SceneOutliner (528)
[2017.10.06-08.49.08:344][633]LogModuleManager: Shutting down and abandoning module AddContentDialog (526)
[2017.10.06-08.49.08:344][633]LogDirectoryWatcher: A directory notification for 'D:/nosave/Guillaume/Games/Epic Games/UE_4.17/FeaturePacks/' was aborted.
[2017.10.06-08.49.08:346][633]LogModuleManager: Shutting down and abandoning module WidgetCarousel (525)
[2017.10.06-08.49.08:346][633]LogModuleManager: Shutting down and abandoning module EditorWidgets (522)
[2017.10.06-08.49.08:346][633]LogModuleManager: Shutting down and abandoning module CollectionManager (520)
[2017.10.06-08.49.08:346][633]LogDirectoryWatcher: A directory notification for 'C:/Users/gmr2/Documents/Unreal Projects/Haunted/MyProject/Content/Collections/' was aborted.
[2017.10.06-08.49.08:346][633]LogDirectoryWatcher: A directory notification for 'C:/Users/gmr2/Documents/Unreal Projects/Haunted/MyProject/Content/Developers/GMR2/Collections/' was aborted.
[2017.10.06-08.49.08:346][633]LogDirectoryWatcher: A directory notification for 'C:/Users/gmr2/Documents/Unreal Projects/Haunted/MyProject/Saved/Collections/' was aborted.
[2017.10.06-08.49.08:346][633]LogModuleManager: Shutting down and abandoning module StatsViewer (518)
[2017.10.06-08.49.08:346][633]LogModuleManager: Shutting down and abandoning module FoliageEdit (516)
[2017.10.06-08.49.08:346][633]LogModuleManager: Shutting down and abandoning module LandscapeEditor (514)
[2017.10.06-08.49.08:346][633]LogModuleManager: Shutting down and abandoning module MeshPaintMode (512)
[2017.10.06-08.49.08:346][633]LogModuleManager: Shutting down and abandoning module SceneDepthPickerMode (510)
[2017.10.06-08.49.08:346][633]LogModuleManager: Shutting down and abandoning module ActorPickerMode (508)
[2017.10.06-08.49.08:346][633]LogModuleManager: Shutting down and abandoning module GeometryMode (506)
[2017.10.06-08.49.08:346][633]LogModuleManager: Shutting down and abandoning module TextureAlignMode (504)
[2017.10.06-08.49.08:347][633]LogModuleManager: Shutting down and abandoning module BspMode (502)
[2017.10.06-08.49.08:347][633]LogModuleManager: Shutting down and abandoning module PIEPreviewDeviceProfileSelector (500)
[2017.10.06-08.49.08:347][633]LogModuleManager: Shutting down and abandoning module HardwareSurvey (498)
[2017.10.06-08.49.08:347][633]LogModuleManager: Shutting down and abandoning module SequenceRecorderSections (496)
[2017.10.06-08.49.08:347][633]LogModuleManager: Shutting down and abandoning module AutomationWorker (494)
[2017.10.06-08.49.08:347][633]LogModuleManager: Shutting down and abandoning module MatineeToLevelSequence (492)
[2017.10.06-08.49.08:347][633]LogModuleManager: Shutting down and abandoning module LevelSequenceEditor (490)
[2017.10.06-08.49.08:347][633]LogModuleManager: Shutting down and abandoning module PlacementMode (489)
[2017.10.06-08.49.08:347][633]LogModuleManager: Shutting down and abandoning module WmfMediaFactory (486)
[2017.10.06-08.49.08:347][633]LogModuleManager: Shutting down and abandoning module WmfMediaEditor (484)
[2017.10.06-08.49.08:347][633]LogModuleManager: Shutting down and abandoning module AvfMediaFactory (482)
[2017.10.06-08.49.08:347][633]LogModuleManager: Shutting down and abandoning module AvfMediaEditor (480)
[2017.10.06-08.49.08:347][633]LogModuleManager: Shutting down and abandoning module AndroidMediaFactory (478)
[2017.10.06-08.49.08:347][633]LogModuleManager: Shutting down and abandoning module Media (477)
[2017.10.06-08.49.08:347][633]LogModuleManager: Shutting down and abandoning module AndroidMediaEditor (474)
[2017.10.06-08.49.08:347][633]LogModuleManager: Shutting down and abandoning module CharacterAI (472)
[2017.10.06-08.49.08:347][633]LogModuleManager: Shutting down and abandoning module AudioCapture (470)
[2017.10.06-08.49.08:347][633]LogModuleManager: Shutting down and abandoning module SequenceRecorder (469)
[2017.10.06-08.49.08:347][633]LogModuleManager: Shutting down and abandoning module SmartSnapping (466)
[2017.10.06-08.49.08:347][633]LogModuleManager: Shutting down and abandoning module SessionServices (464)
[2017.10.06-08.49.08:347][633]LogModuleManager: Shutting down and abandoning module ViewportSnapping (462)
[2017.10.06-08.49.08:347][633]LogModuleManager: Shutting down and abandoning module ViewportInteraction (460)
[2017.10.06-08.49.08:347][633]LogModuleManager: Shutting down and abandoning module ClothPainter (458)
[2017.10.06-08.49.08:347][633]LogModuleManager: Shutting down and abandoning module LogVisualizer (456)
[2017.10.06-08.49.08:347][633]LogModuleManager: Shutting down and abandoning module IntroTutorials (454)
[2017.10.06-08.49.08:347][633]LogModuleManager: Shutting down and abandoning module GameProjectGeneration (453)
[2017.10.06-08.49.08:347][633]LogModuleManager: Shutting down and abandoning module IOSPlatformEditor (450)
[2017.10.06-08.49.08:347][633]LogModuleManager: Shutting down and abandoning module HTML5PlatformEditor (448)
[2017.10.06-08.49.08:347][633]LogModuleManager: Shutting down and abandoning module AndroidPlatformEditor (446)
[2017.10.06-08.49.08:347][633]LogModuleManager: Shutting down and abandoning module AndroidDeviceDetection (445)
[2017.10.06-08.49.08:902][633]LogModuleManager: Shutting down and abandoning module WindowsPlatformEditor (442)
[2017.10.06-08.49.08:902][633]LogModuleManager: Shutting down and abandoning module IOSRuntimeSettings (440)
[2017.10.06-08.49.08:902][633]LogModuleManager: Shutting down and abandoning module AndroidRuntimeSettings (438)
[2017.10.06-08.49.08:902][633]LogModuleManager: Shutting down and abandoning module InputBindingEditor (436)
[2017.10.06-08.49.08:902][633]LogModuleManager: Shutting down and abandoning module MergeActors (434)
[2017.10.06-08.49.08:902][633]LogModuleManager: Shutting down and abandoning module SizeMap (432)
[2017.10.06-08.49.08:902][633]LogModuleManager: Shutting down and abandoning module TreeMap (430)
[2017.10.06-08.49.08:902][633]LogModuleManager: Shutting down and abandoning module ReferenceViewer (428)
[2017.10.06-08.49.08:902][633]LogModuleManager: Shutting down and abandoning module LocalizationDashboard (426)
[2017.10.06-08.49.08:902][633]LogModuleManager: Shutting down and abandoning module LocalizationService (425)
[2017.10.06-08.49.08:902][633]LogModuleManager: Shutting down and abandoning module HardwareTargeting (422)
[2017.10.06-08.49.08:902][633]LogModuleManager: Shutting down and abandoning module DeviceProfileEditor (420)
[2017.10.06-08.49.08:902][633]LogModuleManager: Shutting down and abandoning module UndoHistory (418)
[2017.10.06-08.49.08:902][633]LogModuleManager: Shutting down and abandoning module XmlParser (416)
[2017.10.06-08.49.08:902][633]LogModuleManager: Shutting down and abandoning module Blutility (414)
[2017.10.06-08.49.08:902][633]LogModuleManager: Shutting down and abandoning module ProjectSettingsViewer (412)
[2017.10.06-08.49.08:903][633]LogModuleManager: Shutting down and abandoning module ProjectTargetPlatformEditor (411)
[2017.10.06-08.49.08:903][633]LogModuleManager: Shutting down and abandoning module EditorSettingsViewer (408)
[2017.10.06-08.49.08:903][633]LogModuleManager: Shutting down and abandoning module SettingsEditor (406)
[2017.10.06-08.49.08:903][633]LogModuleManager: Shutting down and abandoning module ProjectLauncher (404)
[2017.10.06-08.49.08:903][633]LogModuleManager: Shutting down and abandoning module SessionFrontend (402)
[2017.10.06-08.49.08:903][633]LogModuleManager: Shutting down and abandoning module ProfilerClient (400)
[2017.10.06-08.49.08:903][633]LogModuleManager: Shutting down and abandoning module DeviceManager (398)
[2017.10.06-08.49.08:903][633]LogModuleManager: Shutting down and abandoning module TargetDeviceServices (397)
[2017.10.06-08.49.08:953][633]LogModuleManager: Shutting down and abandoning module AutomationController (394)
[2017.10.06-08.49.08:953][633]LogModuleManager: Shutting down and abandoning module AutomationWindow (392)
[2017.10.06-08.49.08:953][633]LogModuleManager: Shutting down and abandoning module Layers (390)
[2017.10.06-08.49.08:953][633]LogModuleManager: Shutting down and abandoning module ComponentVisualizers (388)
[2017.10.06-08.49.08:953][633]LogModuleManager: Shutting down and abandoning module DetailCustomizations (386)
[2017.10.06-08.49.08:953][633]LogModuleManager: Shutting down and abandoning module PackagesDialog (384)
[2017.10.06-08.49.08:953][633]LogModuleManager: Shutting down and abandoning module Persona (382)
[2017.10.06-08.49.08:953][633]LogModuleManager: Shutting down and abandoning module AdvancedPreviewScene (381)
[2017.10.06-08.49.08:953][633]LogModuleManager: Shutting down and abandoning module AnimGraph (379)
[2017.10.06-08.49.08:953][633]LogModuleManager: Shutting down and abandoning module Kismet (376)
[2017.10.06-08.49.08:961][633]LogModuleManager: Shutting down and abandoning module ClassViewer (374)
[2017.10.06-08.49.08:961][633]LogModuleManager: Shutting down and abandoning module Toolbox (372)
[2017.10.06-08.49.08:961][633]LogModuleManager: Shutting down and abandoning module ModuleUI (370)
[2017.10.06-08.49.08:961][633]LogModuleManager: Shutting down and abandoning module MovieSceneTools (368)
[2017.10.06-08.49.08:961][633]LogModuleManager: Shutting down and abandoning module OutputLog (366)
[2017.10.06-08.49.08:961][633]LogModuleManager: Shutting down and abandoning module GammaUI (364)
[2017.10.06-08.49.08:961][633]LogModuleManager: Shutting down and abandoning module Documentation (362)
[2017.10.06-08.49.08:961][633]LogModuleManager: Shutting down and abandoning module MovieSceneTracks (360)
[2017.10.06-08.49.08:961][633]LogModuleManager: Shutting down and abandoning module MovieScene (358)
[2017.10.06-08.49.08:961][633]LogModuleManager: Shutting down and abandoning module Niagara (356)
[2017.10.06-08.49.08:961][633]LogModuleManager: Shutting down and abandoning module NiagaraEditor (355)
[2017.10.06-08.49.08:961][633]LogModuleManager: Shutting down and abandoning module StreamingPauseRendering (352)
[2017.10.06-08.49.08:961][633]LogModuleManager: Shutting down and abandoning module LauncherPlatform (350)
[2017.10.06-08.49.08:961][633]LogModuleManager: Shutting down and abandoning module AnalyticsET (348)
[2017.10.06-08.49.08:961][633]LogModuleManager: Shutting down and abandoning module PortalServices (346)
[2017.10.06-08.49.08:961][633]LogModuleManager: Shutting down and abandoning module PortalRpc (344)
[2017.10.06-08.49.08:961][633]LogModuleManager: Shutting down and abandoning module MessagingRpc (342)
[2017.10.06-08.49.08:961][633]LogModuleManager: Shutting down and abandoning module AIModule (340)
[2017.10.06-08.49.08:961][633]LogModuleManager: Shutting down and abandoning module GameplayDebugger (339)
[2017.10.06-08.49.08:961][633]LogModuleManager: Shutting down and abandoning module AITestSuite (337)
[2017.10.06-08.49.08:961][633]LogModuleManager: Shutting down and abandoning module ProfilerService (334)
[2017.10.06-08.49.09:162][633]LogModuleManager: Shutting down and abandoning module TaskGraph (332)
[2017.10.06-08.49.09:162][633]LogModuleManager: Shutting down and abandoning module SteamVRController (330)
[2017.10.06-08.49.09:162][633]LogModuleManager: Shutting down and abandoning module ProceduralMeshComponentEditor (328)
[2017.10.06-08.49.09:162][633]LogModuleManager: Shutting down and abandoning module ProceduralMeshComponent (326)
[2017.10.06-08.49.09:162][633]LogModuleManager: Shutting down and abandoning module OculusInput (324)
[2017.10.06-08.49.09:162][633]LogModuleManager: Shutting down and abandoning module MobilePatchingUtils (322)
[2017.10.06-08.49.09:162][633]LogModuleManager: Shutting down and abandoning module CustomMeshComponent (320)
[2017.10.06-08.49.09:162][633]LogModuleManager: Shutting down and abandoning module CableComponent (318)
[2017.10.06-08.49.09:162][633]LogModuleManager: Shutting down and abandoning module ArchVisCharacter (316)
[2017.10.06-08.49.09:162][633]LogModuleManager: Shutting down and abandoning module AndroidPermission (314)
[2017.10.06-08.49.09:162][633]LogModuleManager: Shutting down and abandoning module MediaPlayerEditor (310)
[2017.10.06-08.49.09:162][633]LogModuleManager: Shutting down and abandoning module HTML5Networking (308)
[2017.10.06-08.49.09:162][633]LogModuleManager: Shutting down and abandoning module AlembicImporter (306)
[2017.10.06-08.49.09:162][633]LogModuleManager: Shutting down and abandoning module AlembicLibrary (305)
[2017.10.06-08.49.09:162][633]LogModuleManager: Shutting down and abandoning module GeometryCache (304)
[2017.10.06-08.49.09:163][633]LogModuleManager: Shutting down and abandoning module GeometryCacheEd (303)
[2017.10.06-08.49.09:163][633]LogModuleManager: Shutting down and abandoning module SpeedTreeImporter (298)
[2017.10.06-08.49.09:163][633]LogModuleManager: Shutting down and abandoning module PluginBrowser (296)
[2017.10.06-08.49.09:163][633]LogModuleManager: Shutting down and abandoning module MobileLauncherProfileWizard (294)
[2017.10.06-08.49.09:163][633]LogModuleManager: Shutting down and abandoning module VisualStudioSourceCodeAccess (292)
[2017.10.06-08.49.09:163][633]LogModuleManager: Shutting down and abandoning module DesktopPlatform (291)
[2017.10.06-08.49.09:163][633]LogModuleManager: Shutting down and abandoning module UObjectPlugin (288)
[2017.10.06-08.49.09:163][633]LogModuleManager: Shutting down and abandoning module SubversionSourceControl (286)
[2017.10.06-08.49.09:163][633]LogModuleManager: Shutting down and abandoning module PerforceSourceControl (284)
[2017.10.06-08.49.09:163][633]LogModuleManager: Shutting down and abandoning module GitSourceControl (282)
[2017.10.06-08.49.09:163][633]LogModuleManager: Shutting down and abandoning module SourceControl (281)
[2017.10.06-08.49.09:163][633]LogModuleManager: Shutting down and abandoning module LightPropagationVolumeEditor (278)
[2017.10.06-08.49.09:163][633]LogModuleManager: Shutting down and abandoning module PaperTiledImporter (276)
[2017.10.06-08.49.09:163][633]LogModuleManager: Shutting down and abandoning module PaperSpriteSheetImporter (274)
[2017.10.06-08.49.09:163][633]LogModuleManager: Shutting down and abandoning module Paper2DEditor (272)
[2017.10.06-08.49.09:163][633]LogModuleManager: Shutting down and abandoning module MeshPaint (271)
[2017.10.06-08.49.09:163][633]LogModuleManager: Shutting down and abandoning module LevelEditor (269)
[2017.10.06-08.49.09:164][633]LogModuleManager: Shutting down and abandoning module PixelInspectorModule (268)
[2017.10.06-08.49.09:164][633]LogModuleManager: Shutting down and abandoning module MainFrame (266)
[2017.10.06-08.49.09:164][633]LogModuleManager: Shutting down and abandoning module HotReload (265)
[2017.10.06-08.49.09:165][633]LogModuleManager: Shutting down and abandoning module RuntimePhysXCooking (260)
[2017.10.06-08.49.09:165][633]LogModuleManager: Shutting down and abandoning module PhysXVehiclesEditor (258)
[2017.10.06-08.49.09:165][633]LogModuleManager: Shutting down and abandoning module PhysXVehicles (256)
[2017.10.06-08.49.09:165][633]LogModuleManager: Shutting down and abandoning module OculusEditor (254)
[2017.10.06-08.49.09:165][633]LogModuleManager: Shutting down and abandoning module LocationServicesBPLibrary (252)
[2017.10.06-08.49.09:165][633]LogModuleManager: Shutting down and abandoning module ImmediatePhysicsEditor (250)
[2017.10.06-08.49.09:165][633]LogModuleManager: Shutting down and abandoning module ImmediatePhysics (248)
[2017.10.06-08.49.09:165][633]LogModuleManager: Shutting down and abandoning module UdpMessaging (246)
[2017.10.06-08.49.09:265][633]LogModuleManager: Shutting down and abandoning module TcpMessaging (244)
[2017.10.06-08.49.09:365][633]LogModuleManager: Shutting down and abandoning module GameplayTagsEditor (242)
[2017.10.06-08.49.09:365][633]LogModuleManager: Shutting down and abandoning module FacialAnimationEditor (240)
[2017.10.06-08.49.09:365][633]LogModuleManager: Shutting down and abandoning module FacialAnimation (238)
[2017.10.06-08.49.09:365][633]LogModuleManager: Shutting down and abandoning module AssetManagerEditor (236)
[2017.10.06-08.49.09:365][633]LogModuleManager: Shutting down and abandoning module GraphEditor (235)
[2017.10.06-08.49.09:365][633]LogModuleManager: Shutting down and abandoning module ContentBrowser (233)
[2017.10.06-08.49.09:366][633]LogModuleManager: Shutting down and abandoning module LightPropagationVolumeRuntime (230)
[2017.10.06-08.49.09:366][633]LogModuleManager: Shutting down and abandoning module Paper2D (228)
[2017.10.06-08.49.09:366][633]LogModuleManager: Shutting down and abandoning module WindowsMoviePlayer (226)
[2017.10.06-08.49.09:366][633]LogModuleManager: Shutting down and abandoning module WmfMedia (224)
[2017.10.06-08.49.09:366][633]LogModuleManager: Shutting down and abandoning module PacketHandler (222)
[2017.10.06-08.49.09:366][633]LogModuleManager: Shutting down and abandoning module ClothingSystemEditor (220)
[2017.10.06-08.49.09:366][633]LogModuleManager: Shutting down and abandoning module ClothingSystemRuntime (218)
[2017.10.06-08.49.09:367][633]LogModuleManager: Shutting down and abandoning module Overlay (216)
[2017.10.06-08.49.09:367][633]LogModuleManager: Shutting down and abandoning module OverlayEditor (215)
[2017.10.06-08.49.09:367][633]LogModuleManager: Shutting down and abandoning module MediaAssets (212)
[2017.10.06-08.49.09:367][633]LogModuleManager: Shutting down and abandoning module VREditor (210)
[2017.10.06-08.49.09:367][633]LogModuleManager: Shutting down and abandoning module StringTableEditor (208)
[2017.10.06-08.49.09:367][633]LogModuleManager: Shutting down and abandoning module GameplayTasksEditor (206)
[2017.10.06-08.49.09:367][633]LogModuleManager: Shutting down and abandoning module BehaviorTreeEditor (204)
[2017.10.06-08.49.09:367][633]LogModuleManager: Shutting down and abandoning module FunctionalTesting (202)
[2017.10.06-08.49.09:367][633]LogModuleManager: Shutting down and abandoning module CollisionAnalyzer (200)
[2017.10.06-08.49.09:367][633]LogModuleManager: Shutting down and abandoning module WorkspaceMenuStructure (199)
[2017.10.06-08.49.09:367][633]LogModuleManager: Shutting down and abandoning module UMG (196)
[2017.10.06-08.49.09:367][633]LogModuleManager: Shutting down and abandoning module UMGEditor (195)
[2017.10.06-08.49.09:367][633]LogModuleManager: Shutting down and abandoning module Sequencer (194)
[2017.10.06-08.49.09:367][633]LogModuleManager: Shutting down and abandoning module MessageLog (191)
[2017.10.06-08.49.09:367][633]LogModuleManager: Shutting down and abandoning module SlateReflector (186)
[2017.10.06-08.49.09:367][633]LogModuleManager: Shutting down and abandoning module Slate (184)
[2017.10.06-08.49.09:367][633]LogModuleManager: Shutting down and abandoning module EditorStyle (182)
[2017.10.06-08.49.09:370][633]LogModuleManager: Shutting down and abandoning module MRMesh (180)
[2017.10.06-08.49.09:370][633]LogModuleManager: Shutting down and abandoning module SourceCodeAccess (178)
[2017.10.06-08.49.09:370][633]LogModuleManager: Shutting down and abandoning module HeadMountedDisplay (176)
[2017.10.06-08.49.09:370][633]LogModuleManager: Shutting down and abandoning module XAudio2 (174)
[2017.10.06-08.49.09:370][633]LogModuleManager: Shutting down and abandoning module Networking (172)
[2017.10.06-08.49.09:370][633]LogModuleManager: Shutting down and abandoning module Core (168)
[2017.10.06-08.49.09:370][633]LogModuleManager: Shutting down and abandoning module KismetCompiler (164)
[2017.10.06-08.49.09:370][633]LogModuleManager: Shutting down and abandoning module MeshUtilities (162)
[2017.10.06-08.49.09:370][633]LogModuleManager: Shutting down and abandoning module MeshMergeUtilities (161)
[2017.10.06-08.49.09:370][633]LogModuleManager: Shutting down and abandoning module MeshReductionInterface (160)
[2017.10.06-08.49.09:370][633]LogModuleManager: Shutting down and abandoning module SimplygonSwarm (159)
[2017.10.06-08.49.09:370][633]LogModuleManager: Shutting down and abandoning module SimplygonMeshReduction (157)
[2017.10.06-08.49.09:370][633]LogModuleManager: Shutting down and abandoning module QuadricMeshReduction (155)
[2017.10.06-08.49.09:370][633]LogModuleManager: Shutting down and abandoning module MaterialBaking (151)
[2017.10.06-08.49.09:370][633]LogModuleManager: Shutting down and abandoning module LevelSequence (148)
[2017.10.06-08.49.09:370][633]LogModuleManager: Shutting down and abandoning module DirectoryWatcher (146)
[2017.10.06-08.49.09:371][633]LogModuleManager: Shutting down and abandoning module DerivedDataCache (144)
[2017.10.06-08.49.09:424][633]LogDerivedDataCache: Shutdown
[2017.10.06-08.49.09:424][633]LogModuleManager: Shutting down and abandoning module TargetPlatform (142)
[2017.10.06-08.49.09:424][633]LogModuleManager: Shutting down and abandoning module VulkanShaderFormat (141)
[2017.10.06-08.49.09:424][633]LogModuleManager: Shutting down and abandoning module ShaderFormatVectorVM (139)
[2017.10.06-08.49.09:424][633]LogModuleManager: Shutting down and abandoning module ShaderFormatOpenGL (137)
[2017.10.06-08.49.09:424][633]LogModuleManager: Shutting down and abandoning module ShaderFormatD3D (135)
[2017.10.06-08.49.09:424][633]LogModuleManager: Shutting down and abandoning module MetalShaderFormat (133)
[2017.10.06-08.49.09:424][633]LogModuleManager: Shutting down and abandoning module TextureFormatUncompressed (131)
[2017.10.06-08.49.09:424][633]LogModuleManager: Shutting down and abandoning module TextureFormatPVR (129)
[2017.10.06-08.49.09:424][633]LogModuleManager: Shutting down and abandoning module TextureFormatDXT (127)
[2017.10.06-08.49.09:424][633]LogModuleManager: Shutting down and abandoning module TextureFormatIntelISPCTexComp (125)
[2017.10.06-08.49.09:424][633]LogModuleManager: Shutting down and abandoning module TextureFormatASTC (123)
[2017.10.06-08.49.09:424][633]LogModuleManager: Shutting down and abandoning module ImageWrapper (122)
[2017.10.06-08.49.09:424][633]LogModuleManager: Shutting down and abandoning module TextureFormatAndroid (119)
[2017.10.06-08.49.09:424][633]LogModuleManager: Shutting down and abandoning module AudioFormatOpus (117)
[2017.10.06-08.49.09:424][633]LogModuleManager: Shutting down and abandoning module AudioFormatOgg (115)
[2017.10.06-08.49.09:425][633]LogModuleManager: Shutting down and abandoning module AudioFormatADPCM (113)
[2017.10.06-08.49.09:425][633]LogModuleManager: Shutting down and abandoning module LinuxTargetPlatform (111)
[2017.10.06-08.49.09:425][633]LogModuleManager: Shutting down and abandoning module LinuxServerTargetPlatform (109)
[2017.10.06-08.49.09:425][633]LogModuleManager: Shutting down and abandoning module LinuxNoEditorTargetPlatform (107)
[2017.10.06-08.49.09:425][633]LogModuleManager: Shutting down and abandoning module LinuxClientTargetPlatform (105)
[2017.10.06-08.49.09:425][633]LogModuleManager: Shutting down and abandoning module TVOSTargetPlatform (103)
[2017.10.06-08.49.09:425][633]LogModuleManager: Shutting down and abandoning module Messaging (101)
[2017.10.06-08.49.09:425][633]LogModuleManager: Shutting down and abandoning module IOSTargetPlatform (99)
[2017.10.06-08.49.09:425][633]LogModuleManager: Shutting down and abandoning module HTML5TargetPlatform (97)
[2017.10.06-08.49.09:425][633]LogModuleManager: Shutting down and abandoning module Android_PVRTCTargetPlatform (95)
[2017.10.06-08.49.09:425][633]LogModuleManager: Shutting down and abandoning module Android_MultiTargetPlatform (93)
[2017.10.06-08.49.09:425][633]LogModuleManager: Shutting down and abandoning module Android_ETC2TargetPlatform (91)
[2017.10.06-08.49.09:425][633]LogModuleManager: Shutting down and abandoning module Android_ETC1TargetPlatform (89)
[2017.10.06-08.49.09:425][633]LogModuleManager: Shutting down and abandoning module Android_DXTTargetPlatform (87)
[2017.10.06-08.49.09:425][633]LogModuleManager: Shutting down and abandoning module Android_ATCTargetPlatform (85)
[2017.10.06-08.49.09:425][633]LogModuleManager: Shutting down and abandoning module Android_ASTCTargetPlatform (83)
[2017.10.06-08.49.09:425][633]LogModuleManager: Shutting down and abandoning module AndroidTargetPlatform (81)
[2017.10.06-08.49.09:425][633]LogModuleManager: Shutting down and abandoning module WindowsTargetPlatform (79)
[2017.10.06-08.49.09:425][633]LogModuleManager: Shutting down and abandoning module WindowsServerTargetPlatform (77)
[2017.10.06-08.49.09:425][633]LogModuleManager: Shutting down and abandoning module WindowsNoEditorTargetPlatform (75)
[2017.10.06-08.49.09:425][633]LogModuleManager: Shutting down and abandoning module WindowsClientTargetPlatform (73)
[2017.10.06-08.49.09:425][633]LogModuleManager: Shutting down and abandoning module MacTargetPlatform (71)
[2017.10.06-08.49.09:425][633]LogModuleManager: Shutting down and abandoning module MacServerTargetPlatform (69)
[2017.10.06-08.49.09:425][633]LogModuleManager: Shutting down and abandoning module MacNoEditorTargetPlatform (67)
[2017.10.06-08.49.09:425][633]LogModuleManager: Shutting down and abandoning module MacClientTargetPlatform (65)
[2017.10.06-08.49.09:425][633]LogModuleManager: Shutting down and abandoning module AllDesktopTargetPlatform (63)
[2017.10.06-08.49.09:425][633]LogModuleManager: Shutting down and abandoning module InputCore (60)
[2017.10.06-08.49.09:425][633]LogModuleManager: Shutting down and abandoning module Settings (58)
[2017.10.06-08.49.09:425][633]LogModuleManager: Shutting down and abandoning module PhysXCooking (56)
[2017.10.06-08.49.09:425][633]LogModuleManager: Shutting down and abandoning module SteamVR (54)
[2017.10.06-08.49.09:425][633]LogModuleManager: Shutting down and abandoning module OculusHMD (52)
[2017.10.06-08.49.09:425][633]LogModuleManager: Shutting down and abandoning module ExampleDeviceProfileSelector (50)
[2017.10.06-08.49.09:425][633]LogModuleManager: Shutting down and abandoning module OnlineBlueprintSupport (48)
[2017.10.06-08.49.09:425][633]LogModuleManager: Shutting down and abandoning module OnlineSubsystem (44)
[2017.10.06-08.49.09:425][633]LogOnline: Display: Unloading online subsystem: NULL
[2017.10.06-08.49.09:425][633]LogModuleManager: Shutting down and abandoning module XMPP (43)
[2017.10.06-08.49.09:425][633]LogModuleManager: Shutting down and abandoning module HTTP (41)
[2017.10.06-08.49.09:425][633]LogHttp: Display: Http module shutting down, but needs to wait on 1 outstanding Http requests:
[2017.10.06-08.49.09:425][633]LogHttp: Display: 	verb=[POST] url=[https://datarouter.ol.epicgames.com/datarouter/api/v1/public/data?SessionID=%7BF842CBBB-4BB5-84C4-EAE6-D6B469CB6334%7D&AppID=UEEditor.Rocket.Release&AppVersion=4.17.2-3658906%2B%2B%2BUE4%2BRelease-4.17&UserID=b3245f744b04890f2460b6a4c8968258%7C87e6e70f71a044f3afde3e83cf3b180c%7Cb174fc1b-45a4-40be-830f-456f2406a970&AppEnvironment=datacollector-binary&UploadType=eteventstream] status=Processing
[2017.10.06-08.49.09:435][633]LogModuleManager: Shutting down and abandoning module SSL (40)
[2017.10.06-08.49.09:436][633]LogModuleManager: Shutting down and abandoning module AnimationModifiers (36)
[2017.10.06-08.49.09:437][633]LogModuleManager: Shutting down and abandoning module PropertyEditor (35)
[2017.10.06-08.49.09:437][633]LogModuleManager: Shutting down and abandoning module AudioEditor (32)
[2017.10.06-08.49.09:437][633]LogModuleManager: Shutting down and abandoning module TextureCompressor (30)
[2017.10.06-08.49.09:437][633]LogModuleManager: Shutting down and abandoning module ShaderCore (28)
[2017.10.06-08.49.09:437][633]LogModuleManager: Shutting down and abandoning module Landscape (26)
[2017.10.06-08.49.09:437][633]LogModuleManager: Shutting down and abandoning module SlateRHIRenderer (24)
[2017.10.06-08.49.09:438][633]LogModuleManager: Shutting down and abandoning module OpenGLDrv (22)
[2017.10.06-08.49.09:438][633]LogModuleManager: Shutting down and abandoning module D3D11RHI (20)
[2017.10.06-08.49.09:438][633]LogModuleManager: Shutting down and abandoning module AnimGraphRuntime (18)
[2017.10.06-08.49.09:439][633]LogModuleManager: Shutting down and abandoning module Renderer (16)
[2017.10.06-08.49.09:439][633]LogModuleManager: Shutting down and abandoning module Engine (14)
[2017.10.06-08.49.09:439][633]LogModuleManager: Shutting down and abandoning module CoreUObject (12)
[2017.10.06-08.49.09:439][633]LogModuleManager: Shutting down and abandoning module NetworkFile (10)
[2017.10.06-08.49.09:439][633]LogModuleManager: Shutting down and abandoning module CookedIterativeFile (8)
[2017.10.06-08.49.09:439][633]LogModuleManager: Shutting down and abandoning module StreamingFile (6)
[2017.10.06-08.49.09:439][633]LogModuleManager: Shutting down and abandoning module SandboxFile (4)
[2017.10.06-08.49.09:439][633]LogModuleManager: Shutting down and abandoning module PakFile (2)
[2017.10.06-08.49.09:441][633]LogExit: Exiting.
[2017.10.06-08.49.09:456][633]Log file closed, 10/06/17 10:49:09
