Log file open, 10/04/17 15:56:42
LogWindows: Failed to load 'aqProf.dll' (GetLastError=126)
LogWindows: File 'aqProf.dll' does not exist
LogWindows: Failed to load 'VtuneApi.dll' (GetLastError=126)
LogWindows: File 'VtuneApi.dll' does not exist
LogWindows: Failed to load 'VtuneApi32e.dll' (GetLastError=126)
LogWindows: File 'VtuneApi32e.dll' does not exist
LogInit: Display: Running engine for game: MyProject
LogPlatformFile: Not using cached read wrapper
LogInit: Display: RandInit(-1529148131) SRandInit(-1529148131).
LogTaskGraph: Started task graph with 5 named threads and 14 total threads with 3 sets of task threads.
LogStats: Stats thread started at 0.166474
LogD3D11RHI: Aftermath initialized
LogPluginManager: Mounting plugin Paper2D
LogPluginManager: Mounting plugin LightPropagationVolume
LogPluginManager: Mounting plugin CodeLiteSourceCodeAccess
LogPluginManager: Mounting plugin GitSourceControl
LogPluginManager: Mounting plugin KDevelopSourceCodeAccess
LogPluginManager: Mounting plugin NullSourceCodeAccess
LogPluginManager: Mounting plugin PerforceSourceControl
LogPluginManager: Mounting plugin SubversionSourceControl
LogPluginManager: Mounting plugin UObjectPlugin
LogPluginManager: Mounting plugin VisualStudioSourceCodeAccess
LogPluginManager: Mounting plugin XCodeSourceCodeAccess
LogPluginManager: Mounting plugin AssetManagerEditor
LogPluginManager: Mounting plugin AudioCapture
LogPluginManager: Mounting plugin FacialAnimation
LogPluginManager: Mounting plugin GameplayTagsEditor
LogPluginManager: Mounting plugin MobileLauncherProfileWizard
LogPluginManager: Mounting plugin PluginBrowser
LogPluginManager: Mounting plugin SpeedTreeImporter
LogPluginManager: Mounting plugin AlembicImporter
LogPluginManager: Mounting plugin CharacterAI
LogPluginManager: Mounting plugin HTML5Networking
LogPluginManager: Mounting plugin AndroidMedia
LogPluginManager: Mounting plugin AvfMedia
LogPluginManager: Mounting plugin MediaPlayerEditor
LogPluginManager: Mounting plugin WmfMedia
LogPluginManager: Mounting plugin TcpMessaging
LogPluginManager: Mounting plugin UdpMessaging
LogPluginManager: Mounting plugin LevelSequenceEditor
LogPluginManager: Mounting plugin MatineeToLevelSequence
LogPluginManager: Mounting plugin OnlineSubsystemGooglePlay
LogPluginManager: Mounting plugin OnlineSubsystemIOS
LogPluginManager: Mounting plugin OnlineSubsystem
LogPluginManager: Mounting plugin OnlineSubsystemNull
LogPluginManager: Mounting plugin OnlineSubsystemUtils
LogPluginManager: Mounting plugin AndroidDeviceProfileSelector
LogPluginManager: Mounting plugin AndroidMoviePlayer
LogPluginManager: Mounting plugin AndroidPermission
LogPluginManager: Mounting plugin AppleMoviePlayer
LogPluginManager: Mounting plugin ArchVisCharacter
LogPluginManager: Mounting plugin CableComponent
LogPluginManager: Mounting plugin CustomMeshComponent
LogPluginManager: Mounting plugin ExampleDeviceProfileSelector
LogPluginManager: Mounting plugin GoogleCloudMessaging
LogPluginManager: Mounting plugin ImmediatePhysics
LogPluginManager: Mounting plugin IOSDeviceProfileSelector
LogPluginManager: Mounting plugin LinuxDeviceProfileSelector
LogPluginManager: Mounting plugin LocationServicesBPLibrary
LogPluginManager: Mounting plugin MobilePatchingUtils
LogPluginManager: Mounting plugin OculusVR
LogPluginManager: Mounting plugin PhysXVehicles
LogPluginManager: Mounting plugin ProceduralMeshComponent
LogPluginManager: Mounting plugin RuntimePhysXCooking
LogPluginManager: Mounting plugin SteamVR
LogPluginManager: Mounting plugin WindowsMoviePlayer
LogInit: Using libcurl 7.47.1
LogInit:  - built for x86_64-pc-win32
LogInit:  - supports SSL with OpenSSL/1.0.2g
LogInit:  - supports HTTP deflate (compression) using libz 1.2.8
LogInit:  - other features:
LogInit:      CURL_VERSION_SSL
LogInit:      CURL_VERSION_LIBZ
LogInit:      CURL_VERSION_IPV6
LogInit:      CURL_VERSION_ASYNCHDNS
LogInit:      CURL_VERSION_LARGEFILE
LogInit:      CURL_VERSION_IDN
LogInit:  CurlRequestOptions (configurable via config and command line):
LogInit:  - bVerifyPeer = false  - Libcurl will NOT verify peer certificate
LogInit:  - bUseHttpProxy = false  - Libcurl will NOT use HTTP proxy
LogInit:  - bDontReuseConnections = false  - Libcurl will reuse connections
LogInit:  - CertBundlePath = nullptr  - Libcurl will use whatever was configured at build time.
LogInit: Build: ++UE4+Release-4.17-CL-3658906
LogInit: Engine Version: 4.17.2-3658906+++UE4+Release-4.17
LogInit: Compatible Engine Version: 4.17.0-3573198+++UE4+Release-4.17
LogInit: Net CL: 3573198
LogDevObjectVersion: Number of dev versions registered: 16
LogDevObjectVersion:   Dev-Blueprints (B0D832E4-1F89-4F0D-ACCF-7EB736FD4AA2): 10
LogDevObjectVersion:   Dev-Build (E1C64328-A22C-4D53-A36C-8E866417BD8C): 0
LogDevObjectVersion:   Dev-Core (375EC13C-06E4-48FB-B500-84F0262A717E): 2
LogDevObjectVersion:   Dev-Editor (E4B068ED-F494-42E9-A231-DA0B2E46BB41): 20
LogDevObjectVersion:   Dev-Framework (CFFC743F-43B0-4480-9391-14DF171D2073): 28
LogDevObjectVersion:   Dev-Mobile (B02B49B5-BB20-44E9-A304-32B752E40360): 0
LogDevObjectVersion:   Dev-Networking (A4E4105C-59A1-49B5-A7C5-40C4547EDFEE): 0
LogDevObjectVersion:   Dev-Online (39C831C9-5AE6-47DC-9A44-9C173E1C8E7C): 0
LogDevObjectVersion:   Dev-Physics (78F01B33-EBEA-4F98-B9B4-84EACCB95AA2): 0
LogDevObjectVersion:   Dev-Platform (6631380F-2D4D-43E0-8009-CF276956A95A): 0
LogDevObjectVersion:   Dev-Rendering (12F88B9F-8875-4AFC-A67C-D90C383ABD29): 19
LogDevObjectVersion:   Dev-Sequencer (7B5AE74C-D270-4C10-A958-57980B212A5A): 4
LogDevObjectVersion:   Dev-VR (D7296918-1DD6-4BDD-9DE2-64A83CC13884): 0
LogDevObjectVersion:   Dev-LoadTimes (C2A15278-BFE7-4AFE-6C17-90FF531DF755): 1
LogDevObjectVersion:   Private-Geometry (6EACA3D4-40EC-4CC1-B786-8BED09428FC5): 1
LogDevObjectVersion:   Dev-AnimPhys (29E575DD-E0A3-4627-9D10-D276232CDCEA): 7
LogInit: Compiled (64-bit): Sep 22 2017 13:47:16
LogInit: Compiled with Visual C++: 19.00.24215.01
LogInit: Build Configuration: Development
LogInit: Branch Name: ++UE4+Release-4.17
LogInit: Command line: -EpicPortal 
LogInit: Base directory: D:/nosave/Guillaume/Games/Epic Games/UE_4.17/Engine/Binaries/Win64/
LogInit: Installed Engine Build: 1
LogInit: Presizing for max 8388607 objects, including 0 objects not considered by GC, pre-allocating 0 bytes for permanent pool.
LogInit: Object subsystem initialized
[2017.10.04-13.56.42:993][  0]LogInit: Selected Device Profile: [Windows]
[2017.10.04-13.56.42:993][  0]LogInit: Applying CVar settings loaded from the selected device profile: [Windows]
[2017.10.04-13.56.43:005][  0]LogInit: Computer: LENOV146DSY
[2017.10.04-13.56.43:005][  0]LogInit: User: gmr2
[2017.10.04-13.56.43:005][  0]LogInit: CPU Page size=4096, Cores=4
[2017.10.04-13.56.43:005][  0]LogInit: High frequency timer resolution =3.507246 MHz
[2017.10.04-13.56.43:005][  0]LogMemory: Memory total: Physical=32.0GB (32GB approx)
[2017.10.04-13.56.43:005][  0]LogMemory: Platform Memory Stats for Windows
[2017.10.04-13.56.43:005][  0]LogMemory: Process Physical Memory: 280.42 MB used, 280.42 MB peak
[2017.10.04-13.56.43:005][  0]LogMemory: Process Virtual Memory: 277.70 MB used, 277.70 MB peak
[2017.10.04-13.56.43:005][  0]LogMemory: Physical Memory: 8051.25 MB used,  24667.91 MB free, 32719.17 MB total
[2017.10.04-13.56.43:005][  0]LogMemory: Virtual Memory: 656.20 MB used,  24667.91 MB free, 8388608.00 MB total
[2017.10.04-13.56.43:154][  0]LogInit: Using OS detected language (en-US).
[2017.10.04-13.56.43:154][  0]LogInit: Using OS detected locale (en-US).
[2017.10.04-13.56.43:160][  0]LogTextLocalizationManager: No specific localization for 'en-US' exists, so the 'en' localization will be used.
[2017.10.04-13.56.44:083][  0]LogD3D11RHI: D3D11 adapters:
[2017.10.04-13.56.44:100][  0]LogD3D11RHI:    0. 'NVIDIA Quadro M6000' (Feature Level 11_0)
[2017.10.04-13.56.44:100][  0]LogD3D11RHI:       12176/0/16103 MB DedicatedVideo/DedicatedSystem/SharedSystem, Outputs:2, VendorId:0x10de
[2017.10.04-13.56.44:100][  0]LogD3D11RHI: Chosen D3D11 Adapter: 0
[2017.10.04-13.56.44:109][  0]LogD3D11RHI: Creating new Direct3DDevice
[2017.10.04-13.56.44:109][  0]LogD3D11RHI:     GPU DeviceId: 0x17f0 (for the marketing name, search the web for "GPU Device Id")
[2017.10.04-13.56.44:109][  0]LogWindows: EnumDisplayDevices:
[2017.10.04-13.56.44:109][  0]LogWindows:    0. 'NVIDIA Quadro M6000' (P:1 D:1)
[2017.10.04-13.56.44:109][  0]LogWindows:    1. 'NVIDIA Quadro M6000' (P:0 D:1)
[2017.10.04-13.56.44:110][  0]LogWindows:    2. 'NVIDIA Quadro M6000' (P:0 D:0)
[2017.10.04-13.56.44:110][  0]LogWindows:    3. 'NVIDIA Quadro M6000' (P:0 D:0)
[2017.10.04-13.56.44:110][  0]LogWindows:    4. 'RDPDD Chained DD' (P:0 D:0)
[2017.10.04-13.56.44:110][  0]LogWindows:    5. 'RDP Encoder Mirror Driver' (P:0 D:0)
[2017.10.04-13.56.44:110][  0]LogWindows:    6. 'RDP Reflector Display Driver' (P:0 D:0)
[2017.10.04-13.56.44:110][  0]LogWindows: DebugString: GetVideoDriverDetailsInvalid PrimaryIsNotTheChoosenAdapter GetVideoDriverDetailsInvalid PrimaryIsNotTheChoosenAdapter GetVideoDriverDetailsInvalid PrimaryIsNotTheChoosenAdapter FoundDriverCount:4 
[2017.10.04-13.56.44:110][  0]LogD3D11RHI:     Adapter Name: NVIDIA Quadro M6000
[2017.10.04-13.56.44:110][  0]LogD3D11RHI:   Driver Version: 381.65 (internal:22.21.13.8165, unified:381.65)
[2017.10.04-13.56.44:110][  0]LogD3D11RHI:      Driver Date: 3-31-2017
[2017.10.04-13.56.44:110][  0]LogRHI: Texture pool is 1361 MB (70% of 1945 MB)
[2017.10.04-13.56.44:123][  0]LogD3D11RHI: Async texture creation enabled
[2017.10.04-13.56.44:138][  0]LogD3D11RHI: GPU Timing Frequency: 1000.000000 (Debug: 2 2)
[2017.10.04-13.56.44:221][  0]LogShaderCompilers: Guid format shader working directory is -13 characters bigger than the processId version (C:/Users/gmr2/Documents/Unreal Projects/Haunted/MyProject/Intermediate/Shaders/WorkingDirectory/19628/).
[2017.10.04-13.56.44:222][  0]LogShaderCompilers: Cleaned the shader compiler working directory 'C:/Users/gmr2/AppData/Local/Temp/UnrealShaderWorkingDir/2EFDEA10426616BE331609AF19065E05/'.
[2017.10.04-13.56.44:222][  0]LogShaderCompilers: Display: Using Local Shader Compiler.
[2017.10.04-13.56.45:206][  0]LogTemp: Display: Loaded TP AllDesktopTargetPlatform
[2017.10.04-13.56.45:274][  0]LogTemp: Display: Loaded TP MacClientTargetPlatform
[2017.10.04-13.56.45:343][  0]LogTemp: Display: Loaded TP MacNoEditorTargetPlatform
[2017.10.04-13.56.45:411][  0]LogTemp: Display: Loaded TP MacServerTargetPlatform
[2017.10.04-13.56.45:478][  0]LogTemp: Display: Loaded TP MacTargetPlatform
[2017.10.04-13.56.45:544][  0]LogTemp: Display: Loaded TP WindowsClientTargetPlatform
[2017.10.04-13.56.45:611][  0]LogTemp: Display: Loaded TP WindowsNoEditorTargetPlatform
[2017.10.04-13.56.45:677][  0]LogTemp: Display: Loaded TP WindowsServerTargetPlatform
[2017.10.04-13.56.45:736][  0]LogTemp: Display: Loaded TP WindowsTargetPlatform
[2017.10.04-13.56.45:800][  0]LogTemp: Display: Loaded TP AndroidTargetPlatform
[2017.10.04-13.56.45:866][  0]LogTemp: Display: Loaded TP Android_ASTCTargetPlatform
[2017.10.04-13.56.45:931][  0]LogTemp: Display: Loaded TP Android_ATCTargetPlatform
[2017.10.04-13.56.45:998][  0]LogTemp: Display: Loaded TP Android_DXTTargetPlatform
[2017.10.04-13.56.46:063][  0]LogTemp: Display: Loaded TP Android_ETC1TargetPlatform
[2017.10.04-13.56.46:127][  0]LogTemp: Display: Loaded TP Android_ETC2TargetPlatform
[2017.10.04-13.56.46:256][  0]LogTemp: Display: Loaded TP Android_MultiTargetPlatform
[2017.10.04-13.56.46:256][  0]LogTemp: Display: Loaded TP Android_PVRTCTargetPlatform
[2017.10.04-13.56.46:308][  0]LogTemp: Display: Loaded TP HTML5TargetPlatform
[2017.10.04-13.56.46:409][  0]LogTemp: Display: Loaded TP IOSTargetPlatform
[2017.10.04-13.56.46:435][  0]LogTemp: Display: Loaded TP TVOSTargetPlatform
[2017.10.04-13.56.46:500][  0]LogTemp: Display: Loaded TP LinuxClientTargetPlatform
[2017.10.04-13.56.46:564][  0]LogTemp: Display: Loaded TP LinuxNoEditorTargetPlatform
[2017.10.04-13.56.46:628][  0]LogTemp: Display: Loaded TP LinuxServerTargetPlatform
[2017.10.04-13.56.46:692][  0]LogTemp: Display: Loaded TP LinuxTargetPlatform
[2017.10.04-13.56.46:692][  0]LogTargetPlatformManager: Display: Building Assets For Windows
[2017.10.04-13.56.47:166][  0]LogDerivedDataCache: Display: Max Cache Size: 512 MB
[2017.10.04-13.56.47:264][  0]LogDerivedDataCache: Loaded boot cache 0.10s 93MB C:/Users/gmr2/AppData/Local/UnrealEngine/4.17/DerivedDataCache/Boot.ddc.
[2017.10.04-13.56.47:264][  0]LogDerivedDataCache: Display: Loaded Boot cache: C:/Users/gmr2/AppData/Local/UnrealEngine/4.17/DerivedDataCache/Boot.ddc
[2017.10.04-13.56.47:264][  0]LogDerivedDataCache: FDerivedDataBackendGraph:  Pak pak cache file C:/Users/gmr2/Documents/Unreal Projects/Haunted/MyProject/DerivedDataCache/DDC.ddp not found, will not use a pak cache.
[2017.10.04-13.56.47:264][  0]LogDerivedDataCache: Unable to find inner node Pak for hierarchical cache Hierarchy.
[2017.10.04-13.56.47:264][  0]LogDerivedDataCache: FDerivedDataBackendGraph:  CompressedPak pak cache file C:/Users/gmr2/Documents/Unreal Projects/Haunted/MyProject/DerivedDataCache/Compressed.ddp not found, will not use a pak cache.
[2017.10.04-13.56.47:264][  0]LogDerivedDataCache: Unable to find inner node CompressedPak for hierarchical cache Hierarchy.
[2017.10.04-13.56.47:284][  0]LogDerivedDataCache: Display: Pak cache opened for reading ../../../Engine/DerivedDataCache/Compressed.ddp.
[2017.10.04-13.56.47:296][  0]LogDerivedDataCache: Using Local data cache path C:/Users/gmr2/AppData/Local/UnrealEngine/Common/DerivedDataCache: Writable
[2017.10.04-13.56.47:307][  0]LogMaterial: Verifying Global Shaders for PCD3D_SM5
[2017.10.04-13.56.47:308][  0]LogSlate: Using Freetype 2.6.0
[2017.10.04-13.56.47:309][  0]LogSlate: SlateFontCache - WITH_FREETYPE: 1, WITH_HARFBUZZ: 1
[2017.10.04-13.56.47:309][  0]LogSlate: SlateFontCache - WITH_FREETYPE: 1, WITH_HARFBUZZ: 1
[2017.10.04-13.56.47:645][  0]LogAssetRegistry: FAssetRegistry took 0.0249 seconds to start up
[2017.10.04-13.56.47:834][  0]LogInit: Selected Device Profile: [Windows]
[2017.10.04-13.56.47:838][  0]LogContentStreaming: Texture pool size is 0.00 MB
[2017.10.04-13.56.48:286][  0]LogSimplygon: Simplygon DLL not present - disabling.
[2017.10.04-13.56.48:339][  0]LogMeshReduction: Using SimplygonSwarm for distributed automatic mesh merging
[2017.10.04-13.56.48:339][  0]LogMeshReduction: Using QuadricMeshReduction for automatic static mesh reduction
[2017.10.04-13.56.48:339][  0]LogMeshReduction: No automatic skeletal mesh reduction module available
[2017.10.04-13.56.48:339][  0]LogMeshReduction: No automatic mesh merging module available
[2017.10.04-13.56.48:339][  0]LogMeshMerging: No automatic mesh merging module available
[2017.10.04-13.56.48:706][  0]LogNetVersion: MyProject , NetCL: 3573198, EngineNetVer: 2, GameNetVer: 0 (Checksum: 3113362612)
[2017.10.04-13.56.48:949][  0]LogPackageLocalizationCache: Processed 5 localized package path(s) for 2 prioritized culture(s) in 0.063349 seconds
[2017.10.04-13.56.48:955][  0]LogUObjectArray: 35825 objects as part of root set at end of initial load.
[2017.10.04-13.56.48:955][  0]LogUObjectAllocator: 7529104 out of 0 bytes used by permanent object pool.
[2017.10.04-13.56.48:955][  0]LogUObjectArray: CloseDisregardForGC: 0/0 objects in disregard for GC pool
[2017.10.04-13.56.49:000][  0]LogInit: WinSock: version 1.1 (2.2), MaxSocks=32767, MaxUdp=65467
[2017.10.04-13.56.52:137][  0]LogTcpMessaging: Initializing TcpMessaging bridge
[2017.10.04-13.56.52:180][  0]LogUdpMessaging: Initializing bridge on interface 0.0.0.0:0 to multicast group 230.0.0.1:6666.
[2017.10.04-13.56.52:981][  0]LogMaterial: Uniform references updated for custom material expression Custom.
[2017.10.04-13.56.53:488][  0]SourceControl: Source control is disabled
[2017.10.04-13.56.53:488][  0]SourceControl: Source control is disabled
[2017.10.04-13.56.53:548][  0]SourceControl: Source control is disabled
[2017.10.04-13.56.53:608][  0]SourceControl: Source control is disabled
[2017.10.04-13.56.54:305][  0]LogAndroidPermission: UAndroidPermissionCallbackProxy::GetInstance
[2017.10.04-13.56.54:613][  0]LogOcInput: OculusInput pre-init called
[2017.10.04-13.56.54:921][  0]LogEngine: Initializing Engine...
[2017.10.04-13.56.54:978][  0]LogHMD: Failed to initialize OpenVR with code 126
[2017.10.04-13.56.55:215][  0]LogStats: UGameplayTagsManager::ConstructGameplayTagTree: Construct from data asset -  0.000 s
[2017.10.04-13.56.55:215][  0]LogStats: UGameplayTagsManager::ConstructGameplayTagTree: GameplayTagTreeChangedEvent.Broadcast -  0.000 s
[2017.10.04-13.56.55:397][  0]LogAIModule: Creating AISystem for world Untitled
[2017.10.04-13.56.55:411][  0]LogInit: XAudio2 using 'Speakers (High Definition Audio Device)' : 2 channels at 44.1 kHz using 16 bits per sample (channel mask 0x3)
[2017.10.04-13.56.55:419][  0]LogInit: FAudioDevice initialized.
[2017.10.04-13.56.56:154][  0]LogDerivedDataCache: Saved boot cache 0.74s 93MB C:/Users/gmr2/AppData/Local/UnrealEngine/4.17/DerivedDataCache/Boot.ddc.
[2017.10.04-13.56.56:170][  0]LogInit: Texture streaming: Enabled
[2017.10.04-13.56.56:261][  0]LogEngineSessionManager: EngineSessionManager initialized
[2017.10.04-13.56.56:656][  0]LogInit: Transaction tracking system initialized
[2017.10.04-13.56.57:058][  0]BlueprintLog: New page: Editor Load
[2017.10.04-13.56.58:199][  0]LocalizationService: Localization service is disabled
[2017.10.04-13.56.59:072][  0]LogConsoleResponse: Display: 
[2017.10.04-13.56.59:246][  0]LogCook: Display: Max memory allowance for cook 16384mb min free memory 0mb
[2017.10.04-13.56.59:246][  0]LogCook: Display: Mobile HDR setting 1
[2017.10.04-13.56.59:246][  0]LogGameplayTags: Display: UGameplayTagsManager::DoneAddingNativeTags. DelegateIsBound: 0
[2017.10.04-13.57.00:023][  0]LogFileCache: Scanning file cache for directory 'C:/Users/gmr2/Documents/Unreal Projects/Haunted/MyProject/Content/' took 0.01s
[2017.10.04-13.57.00:501][  0]SourceControl: Source control is disabled
[2017.10.04-13.57.00:501][  0]Cmd: MAP LOAD FILE="C:/Users/gmr2/Documents/Unreal Projects/Haunted/MyProject/Content/TwinStickBP/Maps/TwinStickExampleMap.umap" TEMPLATE=0 SHOWPROGRESS=1 FEATURELEVEL=3
[2017.10.04-13.57.00:502][  0]LightingResults: New page: Lighting Build
[2017.10.04-13.57.00:558][  0]MapCheck: New page: Map Check
[2017.10.04-13.57.00:558][  0]LightingResults: New page: Lighting Build
[2017.10.04-13.57.01:059][  0]LogAIModule: Creating AISystem for world TwinStickExampleMap
[2017.10.04-13.57.01:085][  0]LogEditorServer: Finished looking for orphan Actors (0.000 secs)
[2017.10.04-13.57.01:107][  0]Cmd: MAP CHECKDEP NOCLEARLOG
[2017.10.04-13.57.01:189][  0]MapCheck: Map check complete: 0 Error(s), 0 Warning(s), took 82.257ms to complete.
[2017.10.04-13.57.01:190][  0]LogFileHelpers: Loading map 'TwinStickExampleMap' took 0.688
[2017.10.04-13.57.01:354][  0]LogCollectionManager: Loaded 0 collections in 0.001252 seconds
[2017.10.04-13.57.01:469][  0]LogFileCache: Scanning file cache for directory 'C:/Users/gmr2/Documents/Unreal Projects/Haunted/MyProject/Saved/Collections/' took 0.01s
[2017.10.04-13.57.01:470][  0]LogFileCache: Scanning file cache for directory 'C:/Users/gmr2/Documents/Unreal Projects/Haunted/MyProject/Content/Developers/gmr2/Collections/' took 0.01s
[2017.10.04-13.57.01:470][  0]LogFileCache: Scanning file cache for directory 'C:/Users/gmr2/Documents/Unreal Projects/Haunted/MyProject/Content/Collections/' took 0.01s
[2017.10.04-13.57.01:470][  0]LogCollectionManager: Rebuilt the GUID cache for 0 collections in 0.000001 seconds
[2017.10.04-13.57.01:479][  0]LogContentBrowser: Native class hierarchy populated in 0.0094 seconds. Added 2386 classes and 500 folders.
[2017.10.04-13.57.01:553][  0]LogContentBrowser: Native class hierarchy updated for 'WidgetCarousel' in 0.0007 seconds. Added 0 classes and 0 folders.
[2017.10.04-13.57.01:606][  0]LogContentBrowser: Native class hierarchy updated for 'AddContentDialog' in 0.0007 seconds. Added 0 classes and 0 folders.
[2017.10.04-13.57.01:662][  0]LogContentBrowser: Native class hierarchy updated for 'SceneOutliner' in 0.0007 seconds. Added 1 classes and 2 folders.
[2017.10.04-13.57.01:753][  0]LogDirectoryWatcher: Warning: Failed to begin reading directory changes for C:/Users/gmr2/Documents/Unreal Projects/Haunted/MyProject/Plugins/. Error: The system cannot find the file specified. (0x00000002)
[2017.10.04-13.57.01:758][  0]LogSlate: Took 0.000511 seconds to synchronously load lazily loaded font '../../../Engine/Content/Slate/Fonts/Roboto-Regular.ttf' (155K)
[2017.10.04-13.57.01:760][  0]LogSlate: Took 0.000305 seconds to synchronously load lazily loaded font '../../../Engine/Content/Slate/Fonts/Roboto-Bold.ttf' (160K)
[2017.10.04-13.57.01:766][  0]LogSlate: Took 0.000408 seconds to synchronously load lazily loaded font '../../../Engine/Content/Editor/Slate/Fonts/FontAwesome.ttf' (139K)
[2017.10.04-13.57.02:008][  0]LogRenderer: Reallocating scene render targets to support 1228x576 Format 10 NumSamples 1 (Frame:1).
[2017.10.04-13.57.02:322][  0]LogContentBrowser: Native class hierarchy updated for 'HierarchicalLODOutliner' in 0.0008 seconds. Added 1 classes and 2 folders.
[2017.10.04-13.57.02:322][  0]LogLoad: (Engine Initialization) Total time: 21.37 seconds
[2017.10.04-13.57.02:322][  0]LogLoad: (Engine Initialization) Total Blueprint compile time: 0.00 seconds
[2017.10.04-13.57.02:322][  0]LogExternalProfiler: Found external profiler: VSPerf
[2017.10.04-13.57.02:322][  0]LogExternalProfiler: Using external profiler: VSPerf
[2017.10.04-13.57.02:359][  0]LogContentStreaming: Texture pool size now 1000 MB
[2017.10.04-13.57.02:401][  0]LogSlate: Took 0.000556 seconds to synchronously load lazily loaded font '../../../Engine/Content/Slate/Fonts/Roboto-Light.ttf' (159K)
[2017.10.04-13.57.02:423][  1]LogAssetRegistry: Asset discovery search completed in 14.7964 seconds
[2017.10.04-13.57.02:424][  1]LogCollectionManager: Rebuilt the object cache for 0 collections in 0.000001 seconds (found 0 objects)
[2017.10.04-13.57.02:424][  1]LogCollectionManager: Fixed up redirectors for 0 collections in 0.000038 seconds (updated 0 objects)
[2017.10.04-13.57.08:699][731]LogDirectoryWatcher: A directory notification for '../../../Engine/Plugins/' was aborted.
[2017.10.04-13.57.12:705][ 47]LogRenderer: Reallocating scene render targets to support 1228x600 Format 10 NumSamples 1 (Frame:993).
[2017.10.04-13.57.15:378][330]LogTemp: Repeating last play command: Selected Viewport
[2017.10.04-13.57.15:402][330]LogBlueprintUserMessages: Early PlayInEditor Detection: Level '/Game/TwinStickBP/Maps/TwinStickExampleMap.TwinStickExampleMap:PersistentLevel' has LevelScriptBlueprint '/Game/TwinStickBP/Maps/TwinStickExampleMap.TwinStickExampleMap:PersistentLevel.TwinStickExampleMap' with GeneratedClass '/Game/TwinStickBP/Maps/TwinStickExampleMap.TwinStickExampleMap_C' with ClassGeneratedBy '/Game/TwinStickBP/Maps/TwinStickExampleMap.TwinStickExampleMap:PersistentLevel.TwinStickExampleMap'
[2017.10.04-13.57.15:403][330]LogPlayLevel: PlayLevel: No blueprints needed recompiling
[2017.10.04-13.57.15:403][330]PIE: New page: PIE session: TwinStickExampleMap (Oct 4, 2017, 5:57:15 PM)
[2017.10.04-13.57.15:403][330]LogPlayLevel: Creating play world package: /Game/TwinStickBP/Maps/UEDPIE_0_TwinStickExampleMap
[2017.10.04-13.57.15:425][330]LogPlayLevel: PIE: StaticDuplicateObject took: (0.021561s)
[2017.10.04-13.57.15:425][330]LogAIModule: Creating AISystem for world TwinStickExampleMap
[2017.10.04-13.57.15:426][330]LogPlayLevel: PIE: World Init took: (0.000784s)
[2017.10.04-13.57.15:426][330]LogPlayLevel: PIE: Created PIE world by copying editor world from /Game/TwinStickBP/Maps/TwinStickExampleMap.TwinStickExampleMap to /Game/TwinStickBP/Maps/UEDPIE_0_TwinStickExampleMap.TwinStickExampleMap (0.022611s)
[2017.10.04-13.57.15:441][330]LogInit: XAudio2 using 'Speakers (High Definition Audio Device)' : 2 channels at 44.1 kHz using 16 bits per sample (channel mask 0x3)
[2017.10.04-13.57.15:447][330]LogInit: FAudioDevice initialized.
[2017.10.04-13.57.15:487][330]LogLoad: Game class is 'TwinStickGameMode_C'
[2017.10.04-13.57.15:490][330]LogWorld: Bringing World /Game/TwinStickBP/Maps/UEDPIE_0_TwinStickExampleMap.TwinStickExampleMap up for play (max tick rate 0) at 2017.10.04-15.57.15
[2017.10.04-13.57.15:490][330]LogWorld: Bringing up level for play took: 0.002174
[2017.10.04-13.57.15:546][330]LogContentBrowser: Native class hierarchy updated for 'MovieSceneCapture' in 0.0008 seconds. Added 11 classes and 0 folders.
[2017.10.04-13.57.15:547][330]PIE: Play in editor start time for /Game/TwinStickBP/Maps/UEDPIE_0_TwinStickExampleMap -0.753
[2017.10.04-13.57.15:548][330]LogBlueprintUserMessages: Late PlayInEditor Detection: Level '/Game/TwinStickBP/Maps/TwinStickExampleMap.TwinStickExampleMap:PersistentLevel' has LevelScriptBlueprint '/Game/TwinStickBP/Maps/TwinStickExampleMap.TwinStickExampleMap:PersistentLevel.TwinStickExampleMap' with GeneratedClass '/Game/TwinStickBP/Maps/TwinStickExampleMap.TwinStickExampleMap_C' with ClassGeneratedBy '/Game/TwinStickBP/Maps/TwinStickExampleMap.TwinStickExampleMap:PersistentLevel.TwinStickExampleMap'
[2017.10.04-13.59.10:205][ 33]LogBlueprintUserMessages: Early EndPlayMap Detection: Level '/Game/TwinStickBP/Maps/TwinStickExampleMap.TwinStickExampleMap:PersistentLevel' has LevelScriptBlueprint '/Game/TwinStickBP/Maps/TwinStickExampleMap.TwinStickExampleMap:PersistentLevel.TwinStickExampleMap' with GeneratedClass '/Game/TwinStickBP/Maps/TwinStickExampleMap.TwinStickExampleMap_C' with ClassGeneratedBy '/Game/TwinStickBP/Maps/TwinStickExampleMap.TwinStickExampleMap:PersistentLevel.TwinStickExampleMap'
[2017.10.04-13.59.10:237][ 33]LogBlueprintUserMessages: Late EndPlayMap Detection: Level '/Game/TwinStickBP/Maps/TwinStickExampleMap.TwinStickExampleMap:PersistentLevel' has LevelScriptBlueprint '/Game/TwinStickBP/Maps/TwinStickExampleMap.TwinStickExampleMap:PersistentLevel.TwinStickExampleMap' with GeneratedClass '/Game/TwinStickBP/Maps/TwinStickExampleMap.TwinStickExampleMap_C' with ClassGeneratedBy '/Game/TwinStickBP/Maps/TwinStickExampleMap.TwinStickExampleMap:PersistentLevel.TwinStickExampleMap'
[2017.10.04-14.04.01:977][915]LogTemp: Repeating last play command: Selected Viewport
[2017.10.04-14.04.01:992][915]LogBlueprintUserMessages: Early PlayInEditor Detection: Level '/Game/TwinStickBP/Maps/TwinStickExampleMap.TwinStickExampleMap:PersistentLevel' has LevelScriptBlueprint '/Game/TwinStickBP/Maps/TwinStickExampleMap.TwinStickExampleMap:PersistentLevel.TwinStickExampleMap' with GeneratedClass '/Game/TwinStickBP/Maps/TwinStickExampleMap.TwinStickExampleMap_C' with ClassGeneratedBy '/Game/TwinStickBP/Maps/TwinStickExampleMap.TwinStickExampleMap:PersistentLevel.TwinStickExampleMap'
[2017.10.04-14.04.01:992][915]LogPlayLevel: PlayLevel: No blueprints needed recompiling
[2017.10.04-14.04.01:992][915]PIE: New page: PIE session: TwinStickExampleMap (Oct 4, 2017, 6:04:01 PM)
[2017.10.04-14.04.01:992][915]LogPlayLevel: Creating play world package: /Game/TwinStickBP/Maps/UEDPIE_0_TwinStickExampleMap
[2017.10.04-14.04.02:000][915]LogPlayLevel: PIE: StaticDuplicateObject took: (0.007493s)
[2017.10.04-14.04.02:001][915]LogAIModule: Creating AISystem for world TwinStickExampleMap
[2017.10.04-14.04.02:001][915]LogPlayLevel: PIE: World Init took: (0.001367s)
[2017.10.04-14.04.02:001][915]LogPlayLevel: PIE: Created PIE world by copying editor world from /Game/TwinStickBP/Maps/TwinStickExampleMap.TwinStickExampleMap to /Game/TwinStickBP/Maps/UEDPIE_0_TwinStickExampleMap.TwinStickExampleMap (0.009213s)
[2017.10.04-14.04.02:019][915]LogInit: XAudio2 using 'Speakers (High Definition Audio Device)' : 2 channels at 44.1 kHz using 16 bits per sample (channel mask 0x3)
[2017.10.04-14.04.02:025][915]LogInit: FAudioDevice initialized.
[2017.10.04-14.04.02:059][915]LogLoad: Game class is 'TwinStickGameMode_C'
[2017.10.04-14.04.02:062][915]LogWorld: Bringing World /Game/TwinStickBP/Maps/UEDPIE_0_TwinStickExampleMap.TwinStickExampleMap up for play (max tick rate 0) at 2017.10.04-16.04.02
[2017.10.04-14.04.02:062][915]LogWorld: Bringing up level for play took: 0.002110
[2017.10.04-14.04.02:063][915]PIE: Play in editor start time for /Game/TwinStickBP/Maps/UEDPIE_0_TwinStickExampleMap -0.263
[2017.10.04-14.04.02:063][915]LogBlueprintUserMessages: Late PlayInEditor Detection: Level '/Game/TwinStickBP/Maps/TwinStickExampleMap.TwinStickExampleMap:PersistentLevel' has LevelScriptBlueprint '/Game/TwinStickBP/Maps/TwinStickExampleMap.TwinStickExampleMap:PersistentLevel.TwinStickExampleMap' with GeneratedClass '/Game/TwinStickBP/Maps/TwinStickExampleMap.TwinStickExampleMap_C' with ClassGeneratedBy '/Game/TwinStickBP/Maps/TwinStickExampleMap.TwinStickExampleMap:PersistentLevel.TwinStickExampleMap'
[2017.10.04-14.05.40:525][711]LogBlueprintUserMessages: Early EndPlayMap Detection: Level '/Game/TwinStickBP/Maps/TwinStickExampleMap.TwinStickExampleMap:PersistentLevel' has LevelScriptBlueprint '/Game/TwinStickBP/Maps/TwinStickExampleMap.TwinStickExampleMap:PersistentLevel.TwinStickExampleMap' with GeneratedClass '/Game/TwinStickBP/Maps/TwinStickExampleMap.TwinStickExampleMap_C' with ClassGeneratedBy '/Game/TwinStickBP/Maps/TwinStickExampleMap.TwinStickExampleMap:PersistentLevel.TwinStickExampleMap'
[2017.10.04-14.05.40:554][711]LogBlueprintUserMessages: Late EndPlayMap Detection: Level '/Game/TwinStickBP/Maps/TwinStickExampleMap.TwinStickExampleMap:PersistentLevel' has LevelScriptBlueprint '/Game/TwinStickBP/Maps/TwinStickExampleMap.TwinStickExampleMap:PersistentLevel.TwinStickExampleMap' with GeneratedClass '/Game/TwinStickBP/Maps/TwinStickExampleMap.TwinStickExampleMap_C' with ClassGeneratedBy '/Game/TwinStickBP/Maps/TwinStickExampleMap.TwinStickExampleMap:PersistentLevel.TwinStickExampleMap'
[2017.10.04-14.05.51:653][841]LogSlate: Took 0.000373 seconds to synchronously load lazily loaded font '../../../Engine/Content/Slate/Fonts/Roboto-Light.ttf' (159K)
[2017.10.04-14.05.52:063][841]LogContentBrowser: Native class hierarchy updated for 'BlueprintGraph' in 0.0011 seconds. Added 113 classes and 0 folders.
[2017.10.04-14.05.52:891][841]LogSlate: Took 0.000309 seconds to synchronously load lazily loaded font '../../../Engine/Content/Slate/Fonts/Roboto-Regular.ttf' (155K)
[2017.10.04-14.05.59:189][274]LogSlate: Took 0.000472 seconds to synchronously load lazily loaded font '../../../Engine/Content/Editor/Slate/Fonts/Roboto-BoldCondensed.ttf' (158K)
[2017.10.04-14.05.59:368][275]LogSlate: Took 0.000425 seconds to synchronously load lazily loaded font '../../../Engine/Content/Editor/Slate/Fonts/Roboto-Italic.ttf' (157K)
[2017.10.04-14.09.07:954][987]BlueprintLog: New page: Compile TwinStickPawn
[2017.10.04-14.09.09:969][ 66]Cmd: OBJ SAVEPACKAGE PACKAGE="/Game/TwinStickBP/Blueprints/TwinStickPawn" FILE="C:/Users/gmr2/Documents/Unreal Projects/Haunted/MyProject/Content/TwinStickBP/Blueprints/TwinStickPawn.uasset" SILENT=true
[2017.10.04-14.09.10:094][ 66]LogSavePackage: Save=120.53ms
[2017.10.04-14.09.10:094][ 66]LogSavePackage: Moving 'C:/Users/gmr2/Documents/Unreal Projects/Haunted/MyProject/Saved/TwinStickPawn4EC8E89244FDF3291808DC9CEC6513C1.tmp' to 'C:/Users/gmr2/Documents/Unreal Projects/Haunted/MyProject/Content/TwinStickBP/Blueprints/TwinStickPawn.uasset'
[2017.10.04-14.09.10:099][ 66]LogSavePackage: Display: Finished SavePackage C:/Users/gmr2/Documents/Unreal Projects/Haunted/MyProject/Content/TwinStickBP/Blueprints/TwinStickPawn.uasset
[2017.10.04-14.09.18:859][701]LogEditorViewport: Clicking on Actor (LMB): StaticMeshActor (Floor)
[2017.10.04-14.09.19:421][747]LogSavePackage: Save=60.84ms
[2017.10.04-14.09.19:421][747]LogSavePackage: Moving 'C:/Users/gmr2/Documents/Unreal Projects/Haunted/MyProject/Saved/TwinStickExampleMap586C70EC42B12669C376C281167FD89A.tmp' to 'C:/Users/gmr2/Documents/Unreal Projects/Haunted/MyProject/Content/TwinStickBP/Maps/TwinStickExampleMap.umap'
[2017.10.04-14.09.19:425][747]LogSavePackage: Display: Finished SavePackage C:/Users/gmr2/Documents/Unreal Projects/Haunted/MyProject/Content/TwinStickBP/Maps/TwinStickExampleMap.umap
[2017.10.04-14.09.19:619][747]LogSavePackage: Save=121.08ms
[2017.10.04-14.09.19:619][747]LogSavePackage: Moving 'C:/Users/gmr2/Documents/Unreal Projects/Haunted/MyProject/Saved/TwinStickExampleMap_BuiltData406066154278D9FB9F3F14A637652645.tmp' to 'C:/Users/gmr2/Documents/Unreal Projects/Haunted/MyProject/Content/TwinStickBP/Maps/TwinStickExampleMap_BuiltData.uasset'
[2017.10.04-14.09.19:622][747]LogSavePackage: Display: Finished SavePackage C:/Users/gmr2/Documents/Unreal Projects/Haunted/MyProject/Content/TwinStickBP/Maps/TwinStickExampleMap_BuiltData.uasset
[2017.10.04-14.09.20:822][845]LogSavePackage: Save=62.70ms
[2017.10.04-14.09.20:822][845]LogSavePackage: Moving 'C:/Users/gmr2/Documents/Unreal Projects/Haunted/MyProject/Saved/TwinStickExampleMap310A5AD34D78C4E7E76F048DDF935266.tmp' to 'C:/Users/gmr2/Documents/Unreal Projects/Haunted/MyProject/Content/TwinStickBP/Maps/TwinStickExampleMap.umap'
[2017.10.04-14.09.20:825][845]LogSavePackage: Display: Finished SavePackage C:/Users/gmr2/Documents/Unreal Projects/Haunted/MyProject/Content/TwinStickBP/Maps/TwinStickExampleMap.umap
[2017.10.04-14.09.20:924][845]LogSavePackage: Save=82.61ms
[2017.10.04-14.09.20:924][845]LogSavePackage: Moving 'C:/Users/gmr2/Documents/Unreal Projects/Haunted/MyProject/Saved/TwinStickExampleMap_BuiltData8D78C6E643017A30F9F8BA8E3897B583.tmp' to 'C:/Users/gmr2/Documents/Unreal Projects/Haunted/MyProject/Content/TwinStickBP/Maps/TwinStickExampleMap_BuiltData.uasset'
[2017.10.04-14.09.20:927][845]LogSavePackage: Display: Finished SavePackage C:/Users/gmr2/Documents/Unreal Projects/Haunted/MyProject/Content/TwinStickBP/Maps/TwinStickExampleMap_BuiltData.uasset
[2017.10.04-14.09.23:071][ 36]LogTemp: Repeating last play command: Selected Viewport
[2017.10.04-14.09.23:101][ 36]LogBlueprintUserMessages: Early PlayInEditor Detection: Level '/Game/TwinStickBP/Maps/TwinStickExampleMap.TwinStickExampleMap:PersistentLevel' has LevelScriptBlueprint '/Game/TwinStickBP/Maps/TwinStickExampleMap.TwinStickExampleMap:PersistentLevel.TwinStickExampleMap' with GeneratedClass '/Game/TwinStickBP/Maps/TwinStickExampleMap.TwinStickExampleMap_C' with ClassGeneratedBy '/Game/TwinStickBP/Maps/TwinStickExampleMap.TwinStickExampleMap:PersistentLevel.TwinStickExampleMap'
[2017.10.04-14.09.23:101][ 36]LogPlayLevel: PlayLevel: No blueprints needed recompiling
[2017.10.04-14.09.23:101][ 36]PIE: New page: PIE session: TwinStickExampleMap (Oct 4, 2017, 6:09:23 PM)
[2017.10.04-14.09.23:101][ 36]LogPlayLevel: Creating play world package: /Game/TwinStickBP/Maps/UEDPIE_0_TwinStickExampleMap
[2017.10.04-14.09.23:108][ 36]LogPlayLevel: PIE: StaticDuplicateObject took: (0.006694s)
[2017.10.04-14.09.23:108][ 36]LogAIModule: Creating AISystem for world TwinStickExampleMap
[2017.10.04-14.09.23:109][ 36]LogPlayLevel: PIE: World Init took: (0.000917s)
[2017.10.04-14.09.23:109][ 36]LogPlayLevel: PIE: Created PIE world by copying editor world from /Game/TwinStickBP/Maps/TwinStickExampleMap.TwinStickExampleMap to /Game/TwinStickBP/Maps/UEDPIE_0_TwinStickExampleMap.TwinStickExampleMap (0.007893s)
[2017.10.04-14.09.23:133][ 36]LogInit: XAudio2 using 'Speakers (High Definition Audio Device)' : 2 channels at 44.1 kHz using 16 bits per sample (channel mask 0x3)
[2017.10.04-14.09.23:139][ 36]LogInit: FAudioDevice initialized.
[2017.10.04-14.09.23:168][ 36]LogLoad: Game class is 'TwinStickGameMode_C'
[2017.10.04-14.09.23:170][ 36]LogWorld: Bringing World /Game/TwinStickBP/Maps/UEDPIE_0_TwinStickExampleMap.TwinStickExampleMap up for play (max tick rate 0) at 2017.10.04-16.09.23
[2017.10.04-14.09.23:171][ 36]LogWorld: Bringing up level for play took: 0.002127
[2017.10.04-14.09.23:172][ 36]PIE: Play in editor start time for /Game/TwinStickBP/Maps/UEDPIE_0_TwinStickExampleMap 0.825
[2017.10.04-14.09.23:172][ 36]LogBlueprintUserMessages: Late PlayInEditor Detection: Level '/Game/TwinStickBP/Maps/TwinStickExampleMap.TwinStickExampleMap:PersistentLevel' has LevelScriptBlueprint '/Game/TwinStickBP/Maps/TwinStickExampleMap.TwinStickExampleMap:PersistentLevel.TwinStickExampleMap' with GeneratedClass '/Game/TwinStickBP/Maps/TwinStickExampleMap.TwinStickExampleMap_C' with ClassGeneratedBy '/Game/TwinStickBP/Maps/TwinStickExampleMap.TwinStickExampleMap:PersistentLevel.TwinStickExampleMap'
[2017.10.04-14.09.33:519][272]LogBlueprintUserMessages: Early EndPlayMap Detection: Level '/Game/TwinStickBP/Maps/TwinStickExampleMap.TwinStickExampleMap:PersistentLevel' has LevelScriptBlueprint '/Game/TwinStickBP/Maps/TwinStickExampleMap.TwinStickExampleMap:PersistentLevel.TwinStickExampleMap' with GeneratedClass '/Game/TwinStickBP/Maps/TwinStickExampleMap.TwinStickExampleMap_C' with ClassGeneratedBy '/Game/TwinStickBP/Maps/TwinStickExampleMap.TwinStickExampleMap:PersistentLevel.TwinStickExampleMap'
[2017.10.04-14.09.33:572][272]LogBlueprintUserMessages: Late EndPlayMap Detection: Level '/Game/TwinStickBP/Maps/TwinStickExampleMap.TwinStickExampleMap:PersistentLevel' has LevelScriptBlueprint '/Game/TwinStickBP/Maps/TwinStickExampleMap.TwinStickExampleMap:PersistentLevel.TwinStickExampleMap' with GeneratedClass '/Game/TwinStickBP/Maps/TwinStickExampleMap.TwinStickExampleMap_C' with ClassGeneratedBy '/Game/TwinStickBP/Maps/TwinStickExampleMap.TwinStickExampleMap:PersistentLevel.TwinStickExampleMap'
[2017.10.04-14.09.48:660][578]BlueprintLog: New page: Compile TwinStickPawn
[2017.10.04-14.09.51:846][756]LogSavePackage: Save=63.33ms
[2017.10.04-14.09.51:846][756]LogSavePackage: Moving 'C:/Users/gmr2/Documents/Unreal Projects/Haunted/MyProject/Saved/TwinStickExampleMap0F61995B484E64A738666CB9C08DA320.tmp' to 'C:/Users/gmr2/Documents/Unreal Projects/Haunted/MyProject/Content/TwinStickBP/Maps/TwinStickExampleMap.umap'
[2017.10.04-14.09.51:850][756]LogSavePackage: Display: Finished SavePackage C:/Users/gmr2/Documents/Unreal Projects/Haunted/MyProject/Content/TwinStickBP/Maps/TwinStickExampleMap.umap
[2017.10.04-14.09.51:951][756]LogSavePackage: Save=82.66ms
[2017.10.04-14.09.51:951][756]LogSavePackage: Moving 'C:/Users/gmr2/Documents/Unreal Projects/Haunted/MyProject/Saved/TwinStickExampleMap_BuiltData73968D19433D16905C535BA7EFC6F614.tmp' to 'C:/Users/gmr2/Documents/Unreal Projects/Haunted/MyProject/Content/TwinStickBP/Maps/TwinStickExampleMap_BuiltData.uasset'
[2017.10.04-14.09.51:954][756]LogSavePackage: Display: Finished SavePackage C:/Users/gmr2/Documents/Unreal Projects/Haunted/MyProject/Content/TwinStickBP/Maps/TwinStickExampleMap_BuiltData.uasset
[2017.10.04-14.09.53:550][861]LogTemp: Repeating last play command: Selected Viewport
[2017.10.04-14.09.53:576][861]LogBlueprintUserMessages: Early PlayInEditor Detection: Level '/Game/TwinStickBP/Maps/TwinStickExampleMap.TwinStickExampleMap:PersistentLevel' has LevelScriptBlueprint '/Game/TwinStickBP/Maps/TwinStickExampleMap.TwinStickExampleMap:PersistentLevel.TwinStickExampleMap' with GeneratedClass '/Game/TwinStickBP/Maps/TwinStickExampleMap.TwinStickExampleMap_C' with ClassGeneratedBy '/Game/TwinStickBP/Maps/TwinStickExampleMap.TwinStickExampleMap:PersistentLevel.TwinStickExampleMap'
[2017.10.04-14.09.53:576][861]LogPlayLevel: PlayLevel: No blueprints needed recompiling
[2017.10.04-14.09.53:576][861]PIE: New page: PIE session: TwinStickExampleMap (Oct 4, 2017, 6:09:53 PM)
[2017.10.04-14.09.53:576][861]LogPlayLevel: Creating play world package: /Game/TwinStickBP/Maps/UEDPIE_0_TwinStickExampleMap
[2017.10.04-14.09.53:582][861]LogPlayLevel: PIE: StaticDuplicateObject took: (0.005486s)
[2017.10.04-14.09.53:582][861]LogAIModule: Creating AISystem for world TwinStickExampleMap
[2017.10.04-14.09.53:582][861]LogPlayLevel: PIE: World Init took: (0.000801s)
[2017.10.04-14.09.53:583][861]LogPlayLevel: PIE: Created PIE world by copying editor world from /Game/TwinStickBP/Maps/TwinStickExampleMap.TwinStickExampleMap to /Game/TwinStickBP/Maps/UEDPIE_0_TwinStickExampleMap.TwinStickExampleMap (0.006572s)
[2017.10.04-14.09.53:607][861]LogInit: XAudio2 using 'Speakers (High Definition Audio Device)' : 2 channels at 44.1 kHz using 16 bits per sample (channel mask 0x3)
[2017.10.04-14.09.53:613][861]LogInit: FAudioDevice initialized.
[2017.10.04-14.09.53:643][861]LogLoad: Game class is 'TwinStickGameMode_C'
[2017.10.04-14.09.53:646][861]LogWorld: Bringing World /Game/TwinStickBP/Maps/UEDPIE_0_TwinStickExampleMap.TwinStickExampleMap up for play (max tick rate 0) at 2017.10.04-16.09.53
[2017.10.04-14.09.53:646][861]LogWorld: Bringing up level for play took: 0.001915
[2017.10.04-14.09.53:647][861]PIE: Play in editor start time for /Game/TwinStickBP/Maps/UEDPIE_0_TwinStickExampleMap -0.702
[2017.10.04-14.09.53:647][861]LogBlueprintUserMessages: Late PlayInEditor Detection: Level '/Game/TwinStickBP/Maps/TwinStickExampleMap.TwinStickExampleMap:PersistentLevel' has LevelScriptBlueprint '/Game/TwinStickBP/Maps/TwinStickExampleMap.TwinStickExampleMap:PersistentLevel.TwinStickExampleMap' with GeneratedClass '/Game/TwinStickBP/Maps/TwinStickExampleMap.TwinStickExampleMap_C' with ClassGeneratedBy '/Game/TwinStickBP/Maps/TwinStickExampleMap.TwinStickExampleMap:PersistentLevel.TwinStickExampleMap'
[2017.10.04-14.10.02:169][877]LogBlueprintUserMessages: Early EndPlayMap Detection: Level '/Game/TwinStickBP/Maps/TwinStickExampleMap.TwinStickExampleMap:PersistentLevel' has LevelScriptBlueprint '/Game/TwinStickBP/Maps/TwinStickExampleMap.TwinStickExampleMap:PersistentLevel.TwinStickExampleMap' with GeneratedClass '/Game/TwinStickBP/Maps/TwinStickExampleMap.TwinStickExampleMap_C' with ClassGeneratedBy '/Game/TwinStickBP/Maps/TwinStickExampleMap.TwinStickExampleMap:PersistentLevel.TwinStickExampleMap'
[2017.10.04-14.10.02:222][877]LogBlueprintUserMessages: Late EndPlayMap Detection: Level '/Game/TwinStickBP/Maps/TwinStickExampleMap.TwinStickExampleMap:PersistentLevel' has LevelScriptBlueprint '/Game/TwinStickBP/Maps/TwinStickExampleMap.TwinStickExampleMap:PersistentLevel.TwinStickExampleMap' with GeneratedClass '/Game/TwinStickBP/Maps/TwinStickExampleMap.TwinStickExampleMap_C' with ClassGeneratedBy '/Game/TwinStickBP/Maps/TwinStickExampleMap.TwinStickExampleMap:PersistentLevel.TwinStickExampleMap'
[2017.10.04-14.11.01:005][873]BlueprintLog: New page: Compile TwinStickPawn
[2017.10.04-14.12.00:812][269]BlueprintLog: New page: Compile TwinStickPawn
[2017.10.04-14.12.02:069][328]LogTemp: Repeating last play command: Selected Viewport
[2017.10.04-14.12.02:096][328]LogBlueprintUserMessages: Early PlayInEditor Detection: Level '/Game/TwinStickBP/Maps/TwinStickExampleMap.TwinStickExampleMap:PersistentLevel' has LevelScriptBlueprint '/Game/TwinStickBP/Maps/TwinStickExampleMap.TwinStickExampleMap:PersistentLevel.TwinStickExampleMap' with GeneratedClass '/Game/TwinStickBP/Maps/TwinStickExampleMap.TwinStickExampleMap_C' with ClassGeneratedBy '/Game/TwinStickBP/Maps/TwinStickExampleMap.TwinStickExampleMap:PersistentLevel.TwinStickExampleMap'
[2017.10.04-14.12.02:096][328]LogPlayLevel: PlayLevel: No blueprints needed recompiling
[2017.10.04-14.12.02:096][328]PIE: New page: PIE session: TwinStickExampleMap (Oct 4, 2017, 6:12:02 PM)
[2017.10.04-14.12.02:096][328]LogPlayLevel: Creating play world package: /Game/TwinStickBP/Maps/UEDPIE_0_TwinStickExampleMap
[2017.10.04-14.12.02:102][328]LogPlayLevel: PIE: StaticDuplicateObject took: (0.005857s)
[2017.10.04-14.12.02:103][328]LogAIModule: Creating AISystem for world TwinStickExampleMap
[2017.10.04-14.12.02:103][328]LogPlayLevel: PIE: World Init took: (0.000888s)
[2017.10.04-14.12.02:103][328]LogPlayLevel: PIE: Created PIE world by copying editor world from /Game/TwinStickBP/Maps/TwinStickExampleMap.TwinStickExampleMap to /Game/TwinStickBP/Maps/UEDPIE_0_TwinStickExampleMap.TwinStickExampleMap (0.007021s)
[2017.10.04-14.12.02:127][328]LogInit: XAudio2 using 'Speakers (High Definition Audio Device)' : 2 channels at 44.1 kHz using 16 bits per sample (channel mask 0x3)
[2017.10.04-14.12.02:133][328]LogInit: FAudioDevice initialized.
[2017.10.04-14.12.02:181][328]LogLoad: Game class is 'TwinStickGameMode_C'
[2017.10.04-14.12.02:184][328]LogWorld: Bringing World /Game/TwinStickBP/Maps/UEDPIE_0_TwinStickExampleMap.TwinStickExampleMap up for play (max tick rate 0) at 2017.10.04-16.12.02
[2017.10.04-14.12.02:184][328]LogWorld: Bringing up level for play took: 0.002133
[2017.10.04-14.12.02:187][328]PIE: Play in editor start time for /Game/TwinStickBP/Maps/UEDPIE_0_TwinStickExampleMap -0.17
[2017.10.04-14.12.02:187][328]LogBlueprintUserMessages: Late PlayInEditor Detection: Level '/Game/TwinStickBP/Maps/TwinStickExampleMap.TwinStickExampleMap:PersistentLevel' has LevelScriptBlueprint '/Game/TwinStickBP/Maps/TwinStickExampleMap.TwinStickExampleMap:PersistentLevel.TwinStickExampleMap' with GeneratedClass '/Game/TwinStickBP/Maps/TwinStickExampleMap.TwinStickExampleMap_C' with ClassGeneratedBy '/Game/TwinStickBP/Maps/TwinStickExampleMap.TwinStickExampleMap:PersistentLevel.TwinStickExampleMap'
[2017.10.04-14.12.02:363][328]LogRenderer: Reallocating scene render targets to support 1292x756 Format 10 NumSamples 1 (Frame:1).
[2017.10.04-14.12.17:519][810]LogBlueprintUserMessages: Early EndPlayMap Detection: Level '/Game/TwinStickBP/Maps/TwinStickExampleMap.TwinStickExampleMap:PersistentLevel' has LevelScriptBlueprint '/Game/TwinStickBP/Maps/TwinStickExampleMap.TwinStickExampleMap:PersistentLevel.TwinStickExampleMap' with GeneratedClass '/Game/TwinStickBP/Maps/TwinStickExampleMap.TwinStickExampleMap_C' with ClassGeneratedBy '/Game/TwinStickBP/Maps/TwinStickExampleMap.TwinStickExampleMap:PersistentLevel.TwinStickExampleMap'
[2017.10.04-14.12.17:588][810]LogBlueprintUserMessages: Late EndPlayMap Detection: Level '/Game/TwinStickBP/Maps/TwinStickExampleMap.TwinStickExampleMap:PersistentLevel' has LevelScriptBlueprint '/Game/TwinStickBP/Maps/TwinStickExampleMap.TwinStickExampleMap:PersistentLevel.TwinStickExampleMap' with GeneratedClass '/Game/TwinStickBP/Maps/TwinStickExampleMap.TwinStickExampleMap_C' with ClassGeneratedBy '/Game/TwinStickBP/Maps/TwinStickExampleMap.TwinStickExampleMap:PersistentLevel.TwinStickExampleMap'
[2017.10.04-14.12.48:608][993]LogTemp: Repeating last play command: Selected Viewport
[2017.10.04-14.12.48:624][993]LogBlueprintUserMessages: Early PlayInEditor Detection: Level '/Game/TwinStickBP/Maps/TwinStickExampleMap.TwinStickExampleMap:PersistentLevel' has LevelScriptBlueprint '/Game/TwinStickBP/Maps/TwinStickExampleMap.TwinStickExampleMap:PersistentLevel.TwinStickExampleMap' with GeneratedClass '/Game/TwinStickBP/Maps/TwinStickExampleMap.TwinStickExampleMap_C' with ClassGeneratedBy '/Game/TwinStickBP/Maps/TwinStickExampleMap.TwinStickExampleMap:PersistentLevel.TwinStickExampleMap'
[2017.10.04-14.12.48:624][993]LogPlayLevel: PlayLevel: No blueprints needed recompiling
[2017.10.04-14.12.48:624][993]PIE: New page: PIE session: TwinStickExampleMap (Oct 4, 2017, 6:12:48 PM)
[2017.10.04-14.12.48:625][993]LogPlayLevel: Creating play world package: /Game/TwinStickBP/Maps/UEDPIE_0_TwinStickExampleMap
[2017.10.04-14.12.48:630][993]LogPlayLevel: PIE: StaticDuplicateObject took: (0.005737s)
[2017.10.04-14.12.48:631][993]LogAIModule: Creating AISystem for world TwinStickExampleMap
[2017.10.04-14.12.48:631][993]LogPlayLevel: PIE: World Init took: (0.001070s)
[2017.10.04-14.12.48:632][993]LogPlayLevel: PIE: Created PIE world by copying editor world from /Game/TwinStickBP/Maps/TwinStickExampleMap.TwinStickExampleMap to /Game/TwinStickBP/Maps/UEDPIE_0_TwinStickExampleMap.TwinStickExampleMap (0.007098s)
[2017.10.04-14.12.48:655][993]LogInit: XAudio2 using 'Speakers (High Definition Audio Device)' : 2 channels at 44.1 kHz using 16 bits per sample (channel mask 0x3)
[2017.10.04-14.12.48:661][993]LogInit: FAudioDevice initialized.
[2017.10.04-14.12.48:689][993]LogLoad: Game class is 'TwinStickGameMode_C'
[2017.10.04-14.12.48:691][993]LogWorld: Bringing World /Game/TwinStickBP/Maps/UEDPIE_0_TwinStickExampleMap.TwinStickExampleMap up for play (max tick rate 0) at 2017.10.04-16.12.48
[2017.10.04-14.12.48:692][993]LogWorld: Bringing up level for play took: 0.001953
[2017.10.04-14.12.48:693][993]PIE: Play in editor start time for /Game/TwinStickBP/Maps/UEDPIE_0_TwinStickExampleMap 0.333
[2017.10.04-14.12.48:693][993]LogBlueprintUserMessages: Late PlayInEditor Detection: Level '/Game/TwinStickBP/Maps/TwinStickExampleMap.TwinStickExampleMap:PersistentLevel' has LevelScriptBlueprint '/Game/TwinStickBP/Maps/TwinStickExampleMap.TwinStickExampleMap:PersistentLevel.TwinStickExampleMap' with GeneratedClass '/Game/TwinStickBP/Maps/TwinStickExampleMap.TwinStickExampleMap_C' with ClassGeneratedBy '/Game/TwinStickBP/Maps/TwinStickExampleMap.TwinStickExampleMap:PersistentLevel.TwinStickExampleMap'
[2017.10.04-14.12.52:210][410]LogBlueprintUserMessages: Early EndPlayMap Detection: Level '/Game/TwinStickBP/Maps/TwinStickExampleMap.TwinStickExampleMap:PersistentLevel' has LevelScriptBlueprint '/Game/TwinStickBP/Maps/TwinStickExampleMap.TwinStickExampleMap:PersistentLevel.TwinStickExampleMap' with GeneratedClass '/Game/TwinStickBP/Maps/TwinStickExampleMap.TwinStickExampleMap_C' with ClassGeneratedBy '/Game/TwinStickBP/Maps/TwinStickExampleMap.TwinStickExampleMap:PersistentLevel.TwinStickExampleMap'
[2017.10.04-14.12.52:275][410]LogBlueprintUserMessages: Late EndPlayMap Detection: Level '/Game/TwinStickBP/Maps/TwinStickExampleMap.TwinStickExampleMap:PersistentLevel' has LevelScriptBlueprint '/Game/TwinStickBP/Maps/TwinStickExampleMap.TwinStickExampleMap:PersistentLevel.TwinStickExampleMap' with GeneratedClass '/Game/TwinStickBP/Maps/TwinStickExampleMap.TwinStickExampleMap_C' with ClassGeneratedBy '/Game/TwinStickBP/Maps/TwinStickExampleMap.TwinStickExampleMap:PersistentLevel.TwinStickExampleMap'
[2017.10.04-14.13.20:462][884]BlueprintLog: New page: Compile TwinStickPawn
[2017.10.04-14.13.21:472][915]Cmd: OBJ SAVEPACKAGE PACKAGE="/Game/TwinStickBP/Blueprints/TwinStickPawn" FILE="C:/Users/gmr2/Documents/Unreal Projects/Haunted/MyProject/Content/TwinStickBP/Blueprints/TwinStickPawn.uasset" SILENT=true
[2017.10.04-14.13.21:573][915]LogSavePackage: Save=97.43ms
[2017.10.04-14.13.21:573][915]LogSavePackage: Moving 'C:/Users/gmr2/Documents/Unreal Projects/Haunted/MyProject/Saved/TwinStickPawn440770D8421C64D6B3CA0988F5451FB3.tmp' to 'C:/Users/gmr2/Documents/Unreal Projects/Haunted/MyProject/Content/TwinStickBP/Blueprints/TwinStickPawn.uasset'
[2017.10.04-14.13.21:584][915]LogSavePackage: Display: Finished SavePackage C:/Users/gmr2/Documents/Unreal Projects/Haunted/MyProject/Content/TwinStickBP/Blueprints/TwinStickPawn.uasset
[2017.10.04-14.13.22:300][961]LogTemp: Repeating last play command: Selected Viewport
[2017.10.04-14.13.22:325][961]LogBlueprintUserMessages: Early PlayInEditor Detection: Level '/Game/TwinStickBP/Maps/TwinStickExampleMap.TwinStickExampleMap:PersistentLevel' has LevelScriptBlueprint '/Game/TwinStickBP/Maps/TwinStickExampleMap.TwinStickExampleMap:PersistentLevel.TwinStickExampleMap' with GeneratedClass '/Game/TwinStickBP/Maps/TwinStickExampleMap.TwinStickExampleMap_C' with ClassGeneratedBy '/Game/TwinStickBP/Maps/TwinStickExampleMap.TwinStickExampleMap:PersistentLevel.TwinStickExampleMap'
[2017.10.04-14.13.22:325][961]LogPlayLevel: PlayLevel: No blueprints needed recompiling
[2017.10.04-14.13.22:325][961]PIE: New page: PIE session: TwinStickExampleMap (Oct 4, 2017, 6:13:22 PM)
[2017.10.04-14.13.22:325][961]LogPlayLevel: Creating play world package: /Game/TwinStickBP/Maps/UEDPIE_0_TwinStickExampleMap
[2017.10.04-14.13.22:331][961]LogPlayLevel: PIE: StaticDuplicateObject took: (0.005698s)
[2017.10.04-14.13.22:332][961]LogAIModule: Creating AISystem for world TwinStickExampleMap
[2017.10.04-14.13.22:332][961]LogPlayLevel: PIE: World Init took: (0.000823s)
[2017.10.04-14.13.22:332][961]LogPlayLevel: PIE: Created PIE world by copying editor world from /Game/TwinStickBP/Maps/TwinStickExampleMap.TwinStickExampleMap to /Game/TwinStickBP/Maps/UEDPIE_0_TwinStickExampleMap.TwinStickExampleMap (0.006794s)
[2017.10.04-14.13.22:356][961]LogInit: XAudio2 using 'Speakers (High Definition Audio Device)' : 2 channels at 44.1 kHz using 16 bits per sample (channel mask 0x3)
[2017.10.04-14.13.22:362][961]LogInit: FAudioDevice initialized.
[2017.10.04-14.13.22:411][961]LogLoad: Game class is 'TwinStickGameMode_C'
[2017.10.04-14.13.22:413][961]LogWorld: Bringing World /Game/TwinStickBP/Maps/UEDPIE_0_TwinStickExampleMap.TwinStickExampleMap up for play (max tick rate 0) at 2017.10.04-16.13.22
[2017.10.04-14.13.22:413][961]LogWorld: Bringing up level for play took: 0.001940
[2017.10.04-14.13.22:416][961]PIE: Play in editor start time for /Game/TwinStickBP/Maps/UEDPIE_0_TwinStickExampleMap 0.054
[2017.10.04-14.13.22:416][961]LogBlueprintUserMessages: Late PlayInEditor Detection: Level '/Game/TwinStickBP/Maps/TwinStickExampleMap.TwinStickExampleMap:PersistentLevel' has LevelScriptBlueprint '/Game/TwinStickBP/Maps/TwinStickExampleMap.TwinStickExampleMap:PersistentLevel.TwinStickExampleMap' with GeneratedClass '/Game/TwinStickBP/Maps/TwinStickExampleMap.TwinStickExampleMap_C' with ClassGeneratedBy '/Game/TwinStickBP/Maps/TwinStickExampleMap.TwinStickExampleMap:PersistentLevel.TwinStickExampleMap'
[2017.10.04-14.13.48:149][136]LogBlueprintUserMessages: Early EndPlayMap Detection: Level '/Game/TwinStickBP/Maps/TwinStickExampleMap.TwinStickExampleMap:PersistentLevel' has LevelScriptBlueprint '/Game/TwinStickBP/Maps/TwinStickExampleMap.TwinStickExampleMap:PersistentLevel.TwinStickExampleMap' with GeneratedClass '/Game/TwinStickBP/Maps/TwinStickExampleMap.TwinStickExampleMap_C' with ClassGeneratedBy '/Game/TwinStickBP/Maps/TwinStickExampleMap.TwinStickExampleMap:PersistentLevel.TwinStickExampleMap'
[2017.10.04-14.13.48:214][136]LogBlueprintUserMessages: Late EndPlayMap Detection: Level '/Game/TwinStickBP/Maps/TwinStickExampleMap.TwinStickExampleMap:PersistentLevel' has LevelScriptBlueprint '/Game/TwinStickBP/Maps/TwinStickExampleMap.TwinStickExampleMap:PersistentLevel.TwinStickExampleMap' with GeneratedClass '/Game/TwinStickBP/Maps/TwinStickExampleMap.TwinStickExampleMap_C' with ClassGeneratedBy '/Game/TwinStickBP/Maps/TwinStickExampleMap.TwinStickExampleMap:PersistentLevel.TwinStickExampleMap'
[2017.10.04-14.13.53:822][621]LogTemp: Repeating last play command: Selected Viewport
[2017.10.04-14.13.53:835][621]LogBlueprintUserMessages: Early PlayInEditor Detection: Level '/Game/TwinStickBP/Maps/TwinStickExampleMap.TwinStickExampleMap:PersistentLevel' has LevelScriptBlueprint '/Game/TwinStickBP/Maps/TwinStickExampleMap.TwinStickExampleMap:PersistentLevel.TwinStickExampleMap' with GeneratedClass '/Game/TwinStickBP/Maps/TwinStickExampleMap.TwinStickExampleMap_C' with ClassGeneratedBy '/Game/TwinStickBP/Maps/TwinStickExampleMap.TwinStickExampleMap:PersistentLevel.TwinStickExampleMap'
[2017.10.04-14.13.53:835][621]LogPlayLevel: PlayLevel: No blueprints needed recompiling
[2017.10.04-14.13.53:836][621]PIE: New page: PIE session: TwinStickExampleMap (Oct 4, 2017, 6:13:53 PM)
[2017.10.04-14.13.53:836][621]LogPlayLevel: Creating play world package: /Game/TwinStickBP/Maps/UEDPIE_0_TwinStickExampleMap
[2017.10.04-14.13.53:842][621]LogPlayLevel: PIE: StaticDuplicateObject took: (0.006025s)
[2017.10.04-14.13.53:842][621]LogAIModule: Creating AISystem for world TwinStickExampleMap
[2017.10.04-14.13.53:843][621]LogPlayLevel: PIE: World Init took: (0.000899s)
[2017.10.04-14.13.53:843][621]LogPlayLevel: PIE: Created PIE world by copying editor world from /Game/TwinStickBP/Maps/TwinStickExampleMap.TwinStickExampleMap to /Game/TwinStickBP/Maps/UEDPIE_0_TwinStickExampleMap.TwinStickExampleMap (0.007206s)
[2017.10.04-14.13.53:866][621]LogInit: XAudio2 using 'Speakers (High Definition Audio Device)' : 2 channels at 44.1 kHz using 16 bits per sample (channel mask 0x3)
[2017.10.04-14.13.53:872][621]LogInit: FAudioDevice initialized.
[2017.10.04-14.13.53:921][621]LogLoad: Game class is 'TwinStickGameMode_C'
[2017.10.04-14.13.53:924][621]LogWorld: Bringing World /Game/TwinStickBP/Maps/UEDPIE_0_TwinStickExampleMap.TwinStickExampleMap up for play (max tick rate 0) at 2017.10.04-16.13.53
[2017.10.04-14.13.53:924][621]LogWorld: Bringing up level for play took: 0.002080
[2017.10.04-14.13.53:928][621]PIE: Play in editor start time for /Game/TwinStickBP/Maps/UEDPIE_0_TwinStickExampleMap -0.436
[2017.10.04-14.13.53:928][621]LogBlueprintUserMessages: Late PlayInEditor Detection: Level '/Game/TwinStickBP/Maps/TwinStickExampleMap.TwinStickExampleMap:PersistentLevel' has LevelScriptBlueprint '/Game/TwinStickBP/Maps/TwinStickExampleMap.TwinStickExampleMap:PersistentLevel.TwinStickExampleMap' with GeneratedClass '/Game/TwinStickBP/Maps/TwinStickExampleMap.TwinStickExampleMap_C' with ClassGeneratedBy '/Game/TwinStickBP/Maps/TwinStickExampleMap.TwinStickExampleMap:PersistentLevel.TwinStickExampleMap'
[2017.10.04-14.14.10:748][ 57]LogBlueprintUserMessages: Early EndPlayMap Detection: Level '/Game/TwinStickBP/Maps/TwinStickExampleMap.TwinStickExampleMap:PersistentLevel' has LevelScriptBlueprint '/Game/TwinStickBP/Maps/TwinStickExampleMap.TwinStickExampleMap:PersistentLevel.TwinStickExampleMap' with GeneratedClass '/Game/TwinStickBP/Maps/TwinStickExampleMap.TwinStickExampleMap_C' with ClassGeneratedBy '/Game/TwinStickBP/Maps/TwinStickExampleMap.TwinStickExampleMap:PersistentLevel.TwinStickExampleMap'
[2017.10.04-14.14.10:813][ 57]LogBlueprintUserMessages: Late EndPlayMap Detection: Level '/Game/TwinStickBP/Maps/TwinStickExampleMap.TwinStickExampleMap:PersistentLevel' has LevelScriptBlueprint '/Game/TwinStickBP/Maps/TwinStickExampleMap.TwinStickExampleMap:PersistentLevel.TwinStickExampleMap' with GeneratedClass '/Game/TwinStickBP/Maps/TwinStickExampleMap.TwinStickExampleMap_C' with ClassGeneratedBy '/Game/TwinStickBP/Maps/TwinStickExampleMap.TwinStickExampleMap:PersistentLevel.TwinStickExampleMap'
[2017.10.04-14.16.27:263][393]LogEditorViewport: Clicking on Actor (LMB): StaticMeshActor (Floor)
[2017.10.04-14.16.27:583][416]LogSavePackage: Save=61.29ms
[2017.10.04-14.16.27:583][416]LogSavePackage: Moving 'C:/Users/gmr2/Documents/Unreal Projects/Haunted/MyProject/Saved/TwinStickExampleMap0F0009284029002CE07E1EAA846373D5.tmp' to 'C:/Users/gmr2/Documents/Unreal Projects/Haunted/MyProject/Content/TwinStickBP/Maps/TwinStickExampleMap.umap'
[2017.10.04-14.16.27:587][416]LogSavePackage: Display: Finished SavePackage C:/Users/gmr2/Documents/Unreal Projects/Haunted/MyProject/Content/TwinStickBP/Maps/TwinStickExampleMap.umap
[2017.10.04-14.16.27:695][416]LogSavePackage: Save=87.84ms
[2017.10.04-14.16.27:695][416]LogSavePackage: Moving 'C:/Users/gmr2/Documents/Unreal Projects/Haunted/MyProject/Saved/TwinStickExampleMap_BuiltDataBDC47D1344D0C5D2A7DEA8B9F850CF86.tmp' to 'C:/Users/gmr2/Documents/Unreal Projects/Haunted/MyProject/Content/TwinStickBP/Maps/TwinStickExampleMap_BuiltData.uasset'
[2017.10.04-14.16.27:697][416]LogSavePackage: Display: Finished SavePackage C:/Users/gmr2/Documents/Unreal Projects/Haunted/MyProject/Content/TwinStickBP/Maps/TwinStickExampleMap_BuiltData.uasset
[2017.10.04-14.16.32:338][852]Cmd: OBJ SAVEPACKAGE PACKAGE="/Game/TwinStickBP/Blueprints/TwinStickPawn" FILE="C:/Users/gmr2/Documents/Unreal Projects/Haunted/MyProject/Content/TwinStickBP/Blueprints/TwinStickPawn.uasset" SILENT=true
[2017.10.04-14.16.32:433][852]LogSavePackage: Save=91.08ms
[2017.10.04-14.16.32:434][852]LogSavePackage: Moving 'C:/Users/gmr2/Documents/Unreal Projects/Haunted/MyProject/Saved/TwinStickPawnA93A420F464ADD2DF269268022CBD50B.tmp' to 'C:/Users/gmr2/Documents/Unreal Projects/Haunted/MyProject/Content/TwinStickBP/Blueprints/TwinStickPawn.uasset'
[2017.10.04-14.16.32:438][852]LogSavePackage: Display: Finished SavePackage C:/Users/gmr2/Documents/Unreal Projects/Haunted/MyProject/Content/TwinStickBP/Blueprints/TwinStickPawn.uasset
[2017.10.04-14.16.33:314][948]LogActorComponent: UnregisterComponent: (/Engine/Transient.EditorFloorComp) Not registered. Aborting.
[2017.10.04-14.16.33:379][948]LogActorComponent: UnregisterComponent: (/Engine/Transient.EditorFloorComp) Not registered. Aborting.
[2017.10.04-14.16.33:595][949]Cmd: QUIT_EDITOR
[2017.10.04-14.16.33:621][949]LogExit: Preparing to exit.
[2017.10.04-14.16.34:483][949]LogExit: Editor shut down
[2017.10.04-14.16.34:491][949]LogExit: Transaction tracking system shut down
[2017.10.04-14.16.34:589][949]LogDirectoryWatcher: A directory notification for '../../../Engine/Content/' was aborted.
[2017.10.04-14.16.34:589][949]LogDirectoryWatcher: A directory notification for 'C:/Users/gmr2/Documents/Unreal Projects/Haunted/MyProject/Content/' was aborted.
[2017.10.04-14.16.34:589][949]LogDirectoryWatcher: A directory notification for '../../../Engine/Plugins/2D/Paper2D/Content/' was aborted.
[2017.10.04-14.16.34:589][949]LogDirectoryWatcher: A directory notification for '../../../Engine/Plugins/Runtime/Oculus/OculusVR/Content/' was aborted.
[2017.10.04-14.16.34:589][949]LogDirectoryWatcher: A directory notification for '../../../Engine/Plugins/Runtime/Steam/SteamVR/Content/' was aborted.
[2017.10.04-14.16.34:681][949]LogExit: Object subsystem successfully closed.
[2017.10.04-14.16.34:693][949]LogD3D11RHI: Shutdown
[2017.10.04-14.16.34:693][949]LogD3D11RHI: CleanupD3DDevice
[2017.10.04-14.16.34:765][949]LogD3D11RHI: ~FD3D11DynamicRHI
[2017.10.04-14.16.34:776][949]LogModuleManager: Shutting down and abandoning module BlueprintGraph (536)
[2017.10.04-14.16.34:776][949]LogModuleManager: Shutting down and abandoning module BlueprintProfiler (534)
[2017.10.04-14.16.34:776][949]LogModuleManager: Shutting down and abandoning module MovieSceneCapture (532)
[2017.10.04-14.16.34:777][949]LogModuleManager: Shutting down and abandoning module HierarchicalLODOutliner (530)
[2017.10.04-14.16.34:777][949]LogModuleManager: Shutting down and abandoning module SceneOutliner (528)
[2017.10.04-14.16.34:777][949]LogModuleManager: Shutting down and abandoning module AddContentDialog (526)
[2017.10.04-14.16.34:777][949]LogDirectoryWatcher: A directory notification for 'D:/nosave/Guillaume/Games/Epic Games/UE_4.17/FeaturePacks/' was aborted.
[2017.10.04-14.16.34:778][949]LogModuleManager: Shutting down and abandoning module WidgetCarousel (525)
[2017.10.04-14.16.34:778][949]LogModuleManager: Shutting down and abandoning module EditorWidgets (522)
[2017.10.04-14.16.34:778][949]LogModuleManager: Shutting down and abandoning module CollectionManager (520)
[2017.10.04-14.16.34:778][949]LogDirectoryWatcher: A directory notification for 'C:/Users/gmr2/Documents/Unreal Projects/Haunted/MyProject/Content/Collections/' was aborted.
[2017.10.04-14.16.34:778][949]LogDirectoryWatcher: A directory notification for 'C:/Users/gmr2/Documents/Unreal Projects/Haunted/MyProject/Content/Developers/gmr2/Collections/' was aborted.
[2017.10.04-14.16.34:779][949]LogDirectoryWatcher: A directory notification for 'C:/Users/gmr2/Documents/Unreal Projects/Haunted/MyProject/Saved/Collections/' was aborted.
[2017.10.04-14.16.34:779][949]LogModuleManager: Shutting down and abandoning module StatsViewer (518)
[2017.10.04-14.16.34:779][949]LogModuleManager: Shutting down and abandoning module FoliageEdit (516)
[2017.10.04-14.16.34:779][949]LogModuleManager: Shutting down and abandoning module LandscapeEditor (514)
[2017.10.04-14.16.34:779][949]LogModuleManager: Shutting down and abandoning module MeshPaintMode (512)
[2017.10.04-14.16.34:779][949]LogModuleManager: Shutting down and abandoning module SceneDepthPickerMode (510)
[2017.10.04-14.16.34:779][949]LogModuleManager: Shutting down and abandoning module ActorPickerMode (508)
[2017.10.04-14.16.34:779][949]LogModuleManager: Shutting down and abandoning module GeometryMode (506)
[2017.10.04-14.16.34:779][949]LogModuleManager: Shutting down and abandoning module TextureAlignMode (504)
[2017.10.04-14.16.34:779][949]LogModuleManager: Shutting down and abandoning module BspMode (502)
[2017.10.04-14.16.34:779][949]LogModuleManager: Shutting down and abandoning module PIEPreviewDeviceProfileSelector (500)
[2017.10.04-14.16.34:779][949]LogModuleManager: Shutting down and abandoning module HardwareSurvey (498)
[2017.10.04-14.16.34:779][949]LogModuleManager: Shutting down and abandoning module SequenceRecorderSections (496)
[2017.10.04-14.16.34:779][949]LogModuleManager: Shutting down and abandoning module AutomationWorker (494)
[2017.10.04-14.16.34:779][949]LogModuleManager: Shutting down and abandoning module MatineeToLevelSequence (492)
[2017.10.04-14.16.34:779][949]LogModuleManager: Shutting down and abandoning module LevelSequenceEditor (490)
[2017.10.04-14.16.34:779][949]LogModuleManager: Shutting down and abandoning module PlacementMode (489)
[2017.10.04-14.16.34:779][949]LogModuleManager: Shutting down and abandoning module WmfMediaFactory (486)
[2017.10.04-14.16.34:779][949]LogModuleManager: Shutting down and abandoning module WmfMediaEditor (484)
[2017.10.04-14.16.34:779][949]LogModuleManager: Shutting down and abandoning module AvfMediaFactory (482)
[2017.10.04-14.16.34:779][949]LogModuleManager: Shutting down and abandoning module AvfMediaEditor (480)
[2017.10.04-14.16.34:779][949]LogModuleManager: Shutting down and abandoning module AndroidMediaFactory (478)
[2017.10.04-14.16.34:779][949]LogModuleManager: Shutting down and abandoning module Media (477)
[2017.10.04-14.16.34:779][949]LogModuleManager: Shutting down and abandoning module AndroidMediaEditor (474)
[2017.10.04-14.16.34:779][949]LogModuleManager: Shutting down and abandoning module CharacterAI (472)
[2017.10.04-14.16.34:779][949]LogModuleManager: Shutting down and abandoning module AudioCapture (470)
[2017.10.04-14.16.34:779][949]LogModuleManager: Shutting down and abandoning module SequenceRecorder (469)
[2017.10.04-14.16.34:779][949]LogModuleManager: Shutting down and abandoning module SmartSnapping (466)
[2017.10.04-14.16.34:779][949]LogModuleManager: Shutting down and abandoning module SessionServices (464)
[2017.10.04-14.16.34:779][949]LogModuleManager: Shutting down and abandoning module ViewportSnapping (462)
[2017.10.04-14.16.34:779][949]LogModuleManager: Shutting down and abandoning module ViewportInteraction (460)
[2017.10.04-14.16.34:779][949]LogModuleManager: Shutting down and abandoning module ClothPainter (458)
[2017.10.04-14.16.34:779][949]LogModuleManager: Shutting down and abandoning module LogVisualizer (456)
[2017.10.04-14.16.34:780][949]LogModuleManager: Shutting down and abandoning module IntroTutorials (454)
[2017.10.04-14.16.34:780][949]LogModuleManager: Shutting down and abandoning module GameProjectGeneration (453)
[2017.10.04-14.16.34:780][949]LogModuleManager: Shutting down and abandoning module IOSPlatformEditor (450)
[2017.10.04-14.16.34:780][949]LogModuleManager: Shutting down and abandoning module HTML5PlatformEditor (448)
[2017.10.04-14.16.34:780][949]LogModuleManager: Shutting down and abandoning module AndroidPlatformEditor (446)
[2017.10.04-14.16.34:780][949]LogModuleManager: Shutting down and abandoning module AndroidDeviceDetection (445)
[2017.10.04-14.16.35:772][949]LogModuleManager: Shutting down and abandoning module WindowsPlatformEditor (442)
[2017.10.04-14.16.35:772][949]LogModuleManager: Shutting down and abandoning module IOSRuntimeSettings (440)
[2017.10.04-14.16.35:772][949]LogModuleManager: Shutting down and abandoning module AndroidRuntimeSettings (438)
[2017.10.04-14.16.35:772][949]LogModuleManager: Shutting down and abandoning module InputBindingEditor (436)
[2017.10.04-14.16.35:772][949]LogModuleManager: Shutting down and abandoning module MergeActors (434)
[2017.10.04-14.16.35:772][949]LogModuleManager: Shutting down and abandoning module SizeMap (432)
[2017.10.04-14.16.35:772][949]LogModuleManager: Shutting down and abandoning module TreeMap (430)
[2017.10.04-14.16.35:772][949]LogModuleManager: Shutting down and abandoning module ReferenceViewer (428)
[2017.10.04-14.16.35:772][949]LogModuleManager: Shutting down and abandoning module LocalizationDashboard (426)
[2017.10.04-14.16.35:772][949]LogModuleManager: Shutting down and abandoning module LocalizationService (425)
[2017.10.04-14.16.35:772][949]LogModuleManager: Shutting down and abandoning module HardwareTargeting (422)
[2017.10.04-14.16.35:772][949]LogModuleManager: Shutting down and abandoning module DeviceProfileEditor (420)
[2017.10.04-14.16.35:772][949]LogModuleManager: Shutting down and abandoning module UndoHistory (418)
[2017.10.04-14.16.35:772][949]LogModuleManager: Shutting down and abandoning module XmlParser (416)
[2017.10.04-14.16.35:772][949]LogModuleManager: Shutting down and abandoning module Blutility (414)
[2017.10.04-14.16.35:772][949]LogModuleManager: Shutting down and abandoning module ProjectSettingsViewer (412)
[2017.10.04-14.16.35:773][949]LogModuleManager: Shutting down and abandoning module ProjectTargetPlatformEditor (411)
[2017.10.04-14.16.35:773][949]LogModuleManager: Shutting down and abandoning module EditorSettingsViewer (408)
[2017.10.04-14.16.35:773][949]LogModuleManager: Shutting down and abandoning module SettingsEditor (406)
[2017.10.04-14.16.35:773][949]LogModuleManager: Shutting down and abandoning module ProjectLauncher (404)
[2017.10.04-14.16.35:773][949]LogModuleManager: Shutting down and abandoning module SessionFrontend (402)
[2017.10.04-14.16.35:773][949]LogModuleManager: Shutting down and abandoning module ProfilerClient (400)
[2017.10.04-14.16.35:773][949]LogModuleManager: Shutting down and abandoning module DeviceManager (398)
[2017.10.04-14.16.35:773][949]LogModuleManager: Shutting down and abandoning module TargetDeviceServices (397)
[2017.10.04-14.16.35:823][949]LogModuleManager: Shutting down and abandoning module AutomationController (394)
[2017.10.04-14.16.35:823][949]LogModuleManager: Shutting down and abandoning module AutomationWindow (392)
[2017.10.04-14.16.35:823][949]LogModuleManager: Shutting down and abandoning module Layers (390)
[2017.10.04-14.16.35:823][949]LogModuleManager: Shutting down and abandoning module ComponentVisualizers (388)
[2017.10.04-14.16.35:823][949]LogModuleManager: Shutting down and abandoning module DetailCustomizations (386)
[2017.10.04-14.16.35:823][949]LogModuleManager: Shutting down and abandoning module PackagesDialog (384)
[2017.10.04-14.16.35:823][949]LogModuleManager: Shutting down and abandoning module Persona (382)
[2017.10.04-14.16.35:823][949]LogModuleManager: Shutting down and abandoning module AdvancedPreviewScene (381)
[2017.10.04-14.16.35:823][949]LogModuleManager: Shutting down and abandoning module AnimGraph (379)
[2017.10.04-14.16.35:823][949]LogModuleManager: Shutting down and abandoning module Kismet (376)
[2017.10.04-14.16.35:830][949]LogModuleManager: Shutting down and abandoning module ClassViewer (374)
[2017.10.04-14.16.35:830][949]LogModuleManager: Shutting down and abandoning module Toolbox (372)
[2017.10.04-14.16.35:830][949]LogModuleManager: Shutting down and abandoning module ModuleUI (370)
[2017.10.04-14.16.35:830][949]LogModuleManager: Shutting down and abandoning module MovieSceneTools (368)
[2017.10.04-14.16.35:830][949]LogModuleManager: Shutting down and abandoning module OutputLog (366)
[2017.10.04-14.16.35:830][949]LogModuleManager: Shutting down and abandoning module GammaUI (364)
[2017.10.04-14.16.35:830][949]LogModuleManager: Shutting down and abandoning module Documentation (362)
[2017.10.04-14.16.35:830][949]LogModuleManager: Shutting down and abandoning module MovieSceneTracks (360)
[2017.10.04-14.16.35:830][949]LogModuleManager: Shutting down and abandoning module MovieScene (358)
[2017.10.04-14.16.35:830][949]LogModuleManager: Shutting down and abandoning module Niagara (356)
[2017.10.04-14.16.35:830][949]LogModuleManager: Shutting down and abandoning module NiagaraEditor (355)
[2017.10.04-14.16.35:830][949]LogModuleManager: Shutting down and abandoning module StreamingPauseRendering (352)
[2017.10.04-14.16.35:830][949]LogModuleManager: Shutting down and abandoning module LauncherPlatform (350)
[2017.10.04-14.16.35:830][949]LogModuleManager: Shutting down and abandoning module AnalyticsET (348)
[2017.10.04-14.16.35:830][949]LogModuleManager: Shutting down and abandoning module PortalServices (346)
[2017.10.04-14.16.35:830][949]LogModuleManager: Shutting down and abandoning module PortalRpc (344)
[2017.10.04-14.16.35:830][949]LogModuleManager: Shutting down and abandoning module MessagingRpc (342)
[2017.10.04-14.16.35:830][949]LogModuleManager: Shutting down and abandoning module AIModule (340)
[2017.10.04-14.16.35:830][949]LogModuleManager: Shutting down and abandoning module GameplayDebugger (339)
[2017.10.04-14.16.35:830][949]LogModuleManager: Shutting down and abandoning module AITestSuite (337)
[2017.10.04-14.16.35:830][949]LogModuleManager: Shutting down and abandoning module ProfilerService (334)
[2017.10.04-14.16.36:007][949]LogModuleManager: Shutting down and abandoning module TaskGraph (332)
[2017.10.04-14.16.36:007][949]LogModuleManager: Shutting down and abandoning module SteamVRController (330)
[2017.10.04-14.16.36:007][949]LogModuleManager: Shutting down and abandoning module ProceduralMeshComponentEditor (328)
[2017.10.04-14.16.36:007][949]LogModuleManager: Shutting down and abandoning module ProceduralMeshComponent (326)
[2017.10.04-14.16.36:007][949]LogModuleManager: Shutting down and abandoning module OculusInput (324)
[2017.10.04-14.16.36:007][949]LogModuleManager: Shutting down and abandoning module MobilePatchingUtils (322)
[2017.10.04-14.16.36:007][949]LogModuleManager: Shutting down and abandoning module CustomMeshComponent (320)
[2017.10.04-14.16.36:007][949]LogModuleManager: Shutting down and abandoning module CableComponent (318)
[2017.10.04-14.16.36:007][949]LogModuleManager: Shutting down and abandoning module ArchVisCharacter (316)
[2017.10.04-14.16.36:007][949]LogModuleManager: Shutting down and abandoning module AndroidPermission (314)
[2017.10.04-14.16.36:007][949]LogModuleManager: Shutting down and abandoning module MediaPlayerEditor (310)
[2017.10.04-14.16.36:007][949]LogModuleManager: Shutting down and abandoning module HTML5Networking (308)
[2017.10.04-14.16.36:007][949]LogModuleManager: Shutting down and abandoning module AlembicImporter (306)
[2017.10.04-14.16.36:007][949]LogModuleManager: Shutting down and abandoning module AlembicLibrary (305)
[2017.10.04-14.16.36:007][949]LogModuleManager: Shutting down and abandoning module GeometryCache (304)
[2017.10.04-14.16.36:007][949]LogModuleManager: Shutting down and abandoning module GeometryCacheEd (303)
[2017.10.04-14.16.36:008][949]LogModuleManager: Shutting down and abandoning module SpeedTreeImporter (298)
[2017.10.04-14.16.36:008][949]LogModuleManager: Shutting down and abandoning module PluginBrowser (296)
[2017.10.04-14.16.36:008][949]LogModuleManager: Shutting down and abandoning module MobileLauncherProfileWizard (294)
[2017.10.04-14.16.36:008][949]LogModuleManager: Shutting down and abandoning module VisualStudioSourceCodeAccess (292)
[2017.10.04-14.16.36:008][949]LogModuleManager: Shutting down and abandoning module DesktopPlatform (291)
[2017.10.04-14.16.36:008][949]LogModuleManager: Shutting down and abandoning module UObjectPlugin (288)
[2017.10.04-14.16.36:008][949]LogModuleManager: Shutting down and abandoning module SubversionSourceControl (286)
[2017.10.04-14.16.36:008][949]LogModuleManager: Shutting down and abandoning module PerforceSourceControl (284)
[2017.10.04-14.16.36:008][949]LogModuleManager: Shutting down and abandoning module GitSourceControl (282)
[2017.10.04-14.16.36:008][949]LogModuleManager: Shutting down and abandoning module SourceControl (281)
[2017.10.04-14.16.36:008][949]LogModuleManager: Shutting down and abandoning module LightPropagationVolumeEditor (278)
[2017.10.04-14.16.36:008][949]LogModuleManager: Shutting down and abandoning module PaperTiledImporter (276)
[2017.10.04-14.16.36:008][949]LogModuleManager: Shutting down and abandoning module PaperSpriteSheetImporter (274)
[2017.10.04-14.16.36:008][949]LogModuleManager: Shutting down and abandoning module Paper2DEditor (272)
[2017.10.04-14.16.36:008][949]LogModuleManager: Shutting down and abandoning module MeshPaint (271)
[2017.10.04-14.16.36:008][949]LogModuleManager: Shutting down and abandoning module LevelEditor (269)
[2017.10.04-14.16.36:009][949]LogModuleManager: Shutting down and abandoning module PixelInspectorModule (268)
[2017.10.04-14.16.36:009][949]LogModuleManager: Shutting down and abandoning module MainFrame (266)
[2017.10.04-14.16.36:009][949]LogModuleManager: Shutting down and abandoning module HotReload (265)
[2017.10.04-14.16.36:010][949]LogModuleManager: Shutting down and abandoning module RuntimePhysXCooking (260)
[2017.10.04-14.16.36:010][949]LogModuleManager: Shutting down and abandoning module PhysXVehiclesEditor (258)
[2017.10.04-14.16.36:010][949]LogModuleManager: Shutting down and abandoning module PhysXVehicles (256)
[2017.10.04-14.16.36:010][949]LogModuleManager: Shutting down and abandoning module OculusEditor (254)
[2017.10.04-14.16.36:010][949]LogModuleManager: Shutting down and abandoning module LocationServicesBPLibrary (252)
[2017.10.04-14.16.36:010][949]LogModuleManager: Shutting down and abandoning module ImmediatePhysicsEditor (250)
[2017.10.04-14.16.36:010][949]LogModuleManager: Shutting down and abandoning module ImmediatePhysics (248)
[2017.10.04-14.16.36:010][949]LogModuleManager: Shutting down and abandoning module UdpMessaging (246)
[2017.10.04-14.16.36:110][949]LogModuleManager: Shutting down and abandoning module TcpMessaging (244)
[2017.10.04-14.16.36:210][949]LogModuleManager: Shutting down and abandoning module GameplayTagsEditor (242)
[2017.10.04-14.16.36:210][949]LogModuleManager: Shutting down and abandoning module FacialAnimationEditor (240)
[2017.10.04-14.16.36:210][949]LogModuleManager: Shutting down and abandoning module FacialAnimation (238)
[2017.10.04-14.16.36:210][949]LogModuleManager: Shutting down and abandoning module AssetManagerEditor (236)
[2017.10.04-14.16.36:210][949]LogModuleManager: Shutting down and abandoning module GraphEditor (235)
[2017.10.04-14.16.36:210][949]LogModuleManager: Shutting down and abandoning module ContentBrowser (233)
[2017.10.04-14.16.36:211][949]LogModuleManager: Shutting down and abandoning module LightPropagationVolumeRuntime (230)
[2017.10.04-14.16.36:211][949]LogModuleManager: Shutting down and abandoning module Paper2D (228)
[2017.10.04-14.16.36:211][949]LogModuleManager: Shutting down and abandoning module WindowsMoviePlayer (226)
[2017.10.04-14.16.36:211][949]LogModuleManager: Shutting down and abandoning module WmfMedia (224)
[2017.10.04-14.16.36:211][949]LogModuleManager: Shutting down and abandoning module PacketHandler (222)
[2017.10.04-14.16.36:211][949]LogModuleManager: Shutting down and abandoning module ClothingSystemEditor (220)
[2017.10.04-14.16.36:211][949]LogModuleManager: Shutting down and abandoning module ClothingSystemRuntime (218)
[2017.10.04-14.16.36:212][949]LogModuleManager: Shutting down and abandoning module Overlay (216)
[2017.10.04-14.16.36:212][949]LogModuleManager: Shutting down and abandoning module OverlayEditor (215)
[2017.10.04-14.16.36:212][949]LogModuleManager: Shutting down and abandoning module MediaAssets (212)
[2017.10.04-14.16.36:212][949]LogModuleManager: Shutting down and abandoning module VREditor (210)
[2017.10.04-14.16.36:212][949]LogModuleManager: Shutting down and abandoning module StringTableEditor (208)
[2017.10.04-14.16.36:212][949]LogModuleManager: Shutting down and abandoning module GameplayTasksEditor (206)
[2017.10.04-14.16.36:212][949]LogModuleManager: Shutting down and abandoning module BehaviorTreeEditor (204)
[2017.10.04-14.16.36:212][949]LogModuleManager: Shutting down and abandoning module FunctionalTesting (202)
[2017.10.04-14.16.36:212][949]LogModuleManager: Shutting down and abandoning module CollisionAnalyzer (200)
[2017.10.04-14.16.36:212][949]LogModuleManager: Shutting down and abandoning module WorkspaceMenuStructure (199)
[2017.10.04-14.16.36:212][949]LogModuleManager: Shutting down and abandoning module UMG (196)
[2017.10.04-14.16.36:212][949]LogModuleManager: Shutting down and abandoning module UMGEditor (195)
[2017.10.04-14.16.36:212][949]LogModuleManager: Shutting down and abandoning module Sequencer (194)
[2017.10.04-14.16.36:212][949]LogModuleManager: Shutting down and abandoning module MessageLog (191)
[2017.10.04-14.16.36:212][949]LogModuleManager: Shutting down and abandoning module SlateReflector (186)
[2017.10.04-14.16.36:212][949]LogModuleManager: Shutting down and abandoning module Slate (184)
[2017.10.04-14.16.36:212][949]LogModuleManager: Shutting down and abandoning module EditorStyle (182)
[2017.10.04-14.16.36:214][949]LogModuleManager: Shutting down and abandoning module MRMesh (180)
[2017.10.04-14.16.36:214][949]LogModuleManager: Shutting down and abandoning module SourceCodeAccess (178)
[2017.10.04-14.16.36:214][949]LogModuleManager: Shutting down and abandoning module HeadMountedDisplay (176)
[2017.10.04-14.16.36:214][949]LogModuleManager: Shutting down and abandoning module XAudio2 (174)
[2017.10.04-14.16.36:214][949]LogModuleManager: Shutting down and abandoning module Networking (172)
[2017.10.04-14.16.36:214][949]LogModuleManager: Shutting down and abandoning module Core (168)
[2017.10.04-14.16.36:214][949]LogModuleManager: Shutting down and abandoning module KismetCompiler (164)
[2017.10.04-14.16.36:214][949]LogModuleManager: Shutting down and abandoning module MeshUtilities (162)
[2017.10.04-14.16.36:214][949]LogModuleManager: Shutting down and abandoning module MeshMergeUtilities (161)
[2017.10.04-14.16.36:214][949]LogModuleManager: Shutting down and abandoning module MeshReductionInterface (160)
[2017.10.04-14.16.36:214][949]LogModuleManager: Shutting down and abandoning module SimplygonSwarm (159)
[2017.10.04-14.16.36:214][949]LogModuleManager: Shutting down and abandoning module SimplygonMeshReduction (157)
[2017.10.04-14.16.36:214][949]LogModuleManager: Shutting down and abandoning module QuadricMeshReduction (155)
[2017.10.04-14.16.36:214][949]LogModuleManager: Shutting down and abandoning module MaterialBaking (151)
[2017.10.04-14.16.36:214][949]LogModuleManager: Shutting down and abandoning module LevelSequence (148)
[2017.10.04-14.16.36:214][949]LogModuleManager: Shutting down and abandoning module DirectoryWatcher (146)
[2017.10.04-14.16.36:215][949]LogModuleManager: Shutting down and abandoning module DerivedDataCache (144)
[2017.10.04-14.16.36:277][949]LogDerivedDataCache: Shutdown
[2017.10.04-14.16.36:277][949]LogModuleManager: Shutting down and abandoning module TargetPlatform (142)
[2017.10.04-14.16.36:277][949]LogModuleManager: Shutting down and abandoning module VulkanShaderFormat (141)
[2017.10.04-14.16.36:277][949]LogModuleManager: Shutting down and abandoning module ShaderFormatVectorVM (139)
[2017.10.04-14.16.36:277][949]LogModuleManager: Shutting down and abandoning module ShaderFormatOpenGL (137)
[2017.10.04-14.16.36:277][949]LogModuleManager: Shutting down and abandoning module ShaderFormatD3D (135)
[2017.10.04-14.16.36:277][949]LogModuleManager: Shutting down and abandoning module MetalShaderFormat (133)
[2017.10.04-14.16.36:277][949]LogModuleManager: Shutting down and abandoning module TextureFormatUncompressed (131)
[2017.10.04-14.16.36:277][949]LogModuleManager: Shutting down and abandoning module TextureFormatPVR (129)
[2017.10.04-14.16.36:277][949]LogModuleManager: Shutting down and abandoning module TextureFormatDXT (127)
[2017.10.04-14.16.36:277][949]LogModuleManager: Shutting down and abandoning module TextureFormatIntelISPCTexComp (125)
[2017.10.04-14.16.36:277][949]LogModuleManager: Shutting down and abandoning module TextureFormatASTC (123)
[2017.10.04-14.16.36:277][949]LogModuleManager: Shutting down and abandoning module ImageWrapper (122)
[2017.10.04-14.16.36:277][949]LogModuleManager: Shutting down and abandoning module TextureFormatAndroid (119)
[2017.10.04-14.16.36:277][949]LogModuleManager: Shutting down and abandoning module AudioFormatOpus (117)
[2017.10.04-14.16.36:278][949]LogModuleManager: Shutting down and abandoning module AudioFormatOgg (115)
[2017.10.04-14.16.36:278][949]LogModuleManager: Shutting down and abandoning module AudioFormatADPCM (113)
[2017.10.04-14.16.36:278][949]LogModuleManager: Shutting down and abandoning module LinuxTargetPlatform (111)
[2017.10.04-14.16.36:278][949]LogModuleManager: Shutting down and abandoning module LinuxServerTargetPlatform (109)
[2017.10.04-14.16.36:278][949]LogModuleManager: Shutting down and abandoning module LinuxNoEditorTargetPlatform (107)
[2017.10.04-14.16.36:278][949]LogModuleManager: Shutting down and abandoning module LinuxClientTargetPlatform (105)
[2017.10.04-14.16.36:278][949]LogModuleManager: Shutting down and abandoning module TVOSTargetPlatform (103)
[2017.10.04-14.16.36:278][949]LogModuleManager: Shutting down and abandoning module Messaging (101)
[2017.10.04-14.16.36:278][949]LogModuleManager: Shutting down and abandoning module IOSTargetPlatform (99)
[2017.10.04-14.16.36:278][949]LogModuleManager: Shutting down and abandoning module HTML5TargetPlatform (97)
[2017.10.04-14.16.36:278][949]LogModuleManager: Shutting down and abandoning module Android_PVRTCTargetPlatform (95)
[2017.10.04-14.16.36:278][949]LogModuleManager: Shutting down and abandoning module Android_MultiTargetPlatform (93)
[2017.10.04-14.16.36:278][949]LogModuleManager: Shutting down and abandoning module Android_ETC2TargetPlatform (91)
[2017.10.04-14.16.36:278][949]LogModuleManager: Shutting down and abandoning module Android_ETC1TargetPlatform (89)
[2017.10.04-14.16.36:278][949]LogModuleManager: Shutting down and abandoning module Android_DXTTargetPlatform (87)
[2017.10.04-14.16.36:278][949]LogModuleManager: Shutting down and abandoning module Android_ATCTargetPlatform (85)
[2017.10.04-14.16.36:278][949]LogModuleManager: Shutting down and abandoning module Android_ASTCTargetPlatform (83)
[2017.10.04-14.16.36:278][949]LogModuleManager: Shutting down and abandoning module AndroidTargetPlatform (81)
[2017.10.04-14.16.36:278][949]LogModuleManager: Shutting down and abandoning module WindowsTargetPlatform (79)
[2017.10.04-14.16.36:278][949]LogModuleManager: Shutting down and abandoning module WindowsServerTargetPlatform (77)
[2017.10.04-14.16.36:278][949]LogModuleManager: Shutting down and abandoning module WindowsNoEditorTargetPlatform (75)
[2017.10.04-14.16.36:278][949]LogModuleManager: Shutting down and abandoning module WindowsClientTargetPlatform (73)
[2017.10.04-14.16.36:278][949]LogModuleManager: Shutting down and abandoning module MacTargetPlatform (71)
[2017.10.04-14.16.36:278][949]LogModuleManager: Shutting down and abandoning module MacServerTargetPlatform (69)
[2017.10.04-14.16.36:278][949]LogModuleManager: Shutting down and abandoning module MacNoEditorTargetPlatform (67)
[2017.10.04-14.16.36:278][949]LogModuleManager: Shutting down and abandoning module MacClientTargetPlatform (65)
[2017.10.04-14.16.36:278][949]LogModuleManager: Shutting down and abandoning module AllDesktopTargetPlatform (63)
[2017.10.04-14.16.36:278][949]LogModuleManager: Shutting down and abandoning module InputCore (60)
[2017.10.04-14.16.36:278][949]LogModuleManager: Shutting down and abandoning module Settings (58)
[2017.10.04-14.16.36:278][949]LogModuleManager: Shutting down and abandoning module PhysXCooking (56)
[2017.10.04-14.16.36:278][949]LogModuleManager: Shutting down and abandoning module SteamVR (54)
[2017.10.04-14.16.36:278][949]LogModuleManager: Shutting down and abandoning module OculusHMD (52)
[2017.10.04-14.16.36:278][949]LogModuleManager: Shutting down and abandoning module ExampleDeviceProfileSelector (50)
[2017.10.04-14.16.36:278][949]LogModuleManager: Shutting down and abandoning module OnlineBlueprintSupport (48)
[2017.10.04-14.16.36:278][949]LogModuleManager: Shutting down and abandoning module OnlineSubsystem (44)
[2017.10.04-14.16.36:278][949]LogOnline: Display: Unloading online subsystem: NULL
[2017.10.04-14.16.36:278][949]LogModuleManager: Shutting down and abandoning module XMPP (43)
[2017.10.04-14.16.36:278][949]LogModuleManager: Shutting down and abandoning module HTTP (41)
[2017.10.04-14.16.36:278][949]LogHttp: Display: Http module shutting down, but needs to wait on 1 outstanding Http requests:
[2017.10.04-14.16.36:278][949]LogHttp: Display: 	verb=[POST] url=[https://datarouter.ol.epicgames.com/datarouter/api/v1/public/data?SessionID=%7BC62C362C-4721-F694-144D-689D7FAC22CF%7D&AppID=UEEditor.Rocket.Release&AppVersion=4.17.2-3658906%2B%2B%2BUE4%2BRelease-4.17&UserID=b3245f744b04890f2460b6a4c8968258%7C87e6e70f71a044f3afde3e83cf3b180c%7Cb174fc1b-45a4-40be-830f-456f2406a970&AppEnvironment=datacollector-binary&UploadType=eteventstream] status=Processing
[2017.10.04-14.16.36:311][949]LogModuleManager: Shutting down and abandoning module SSL (40)
[2017.10.04-14.16.36:312][949]LogModuleManager: Shutting down and abandoning module AnimationModifiers (36)
[2017.10.04-14.16.36:312][949]LogModuleManager: Shutting down and abandoning module PropertyEditor (35)
[2017.10.04-14.16.36:312][949]LogModuleManager: Shutting down and abandoning module AudioEditor (32)
[2017.10.04-14.16.36:312][949]LogModuleManager: Shutting down and abandoning module TextureCompressor (30)
[2017.10.04-14.16.36:312][949]LogModuleManager: Shutting down and abandoning module ShaderCore (28)
[2017.10.04-14.16.36:312][949]LogModuleManager: Shutting down and abandoning module Landscape (26)
[2017.10.04-14.16.36:312][949]LogModuleManager: Shutting down and abandoning module SlateRHIRenderer (24)
[2017.10.04-14.16.36:314][949]LogModuleManager: Shutting down and abandoning module OpenGLDrv (22)
[2017.10.04-14.16.36:314][949]LogModuleManager: Shutting down and abandoning module D3D11RHI (20)
[2017.10.04-14.16.36:314][949]LogModuleManager: Shutting down and abandoning module AnimGraphRuntime (18)
[2017.10.04-14.16.36:314][949]LogModuleManager: Shutting down and abandoning module Renderer (16)
[2017.10.04-14.16.36:314][949]LogModuleManager: Shutting down and abandoning module Engine (14)
[2017.10.04-14.16.36:314][949]LogModuleManager: Shutting down and abandoning module CoreUObject (12)
[2017.10.04-14.16.36:314][949]LogModuleManager: Shutting down and abandoning module NetworkFile (10)
[2017.10.04-14.16.36:314][949]LogModuleManager: Shutting down and abandoning module CookedIterativeFile (8)
[2017.10.04-14.16.36:314][949]LogModuleManager: Shutting down and abandoning module StreamingFile (6)
[2017.10.04-14.16.36:314][949]LogModuleManager: Shutting down and abandoning module SandboxFile (4)
[2017.10.04-14.16.36:314][949]LogModuleManager: Shutting down and abandoning module PakFile (2)
[2017.10.04-14.16.36:316][949]LogExit: Exiting.
[2017.10.04-14.16.36:327][949]Log file closed, 10/04/17 16:16:36
